<?xml version="1.0" encoding="UTF-8"?>
<!-- Generated by org.testng.reporters.JUnitXMLReporter -->
<testsuite ignored="0" hostname="DESKTOP-47P2MTB" failures="10" tests="70" name="Test" time="415.809" errors="0" timestamp="2023-04-08T19:03:25 IST">
  <testcase classname="test.SwagLabs1LoginTest" name="doLogin_1ValidId2ValidPwd_OpenedHomepage" time="0.694"/>
  <testcase classname="test.SwagLabs1LoginTest" name="doLogin_1ValidId2ValidPwd_OpenedHomepage" time="0.424">
    <failure type="java.lang.AssertionError" message="expected [https://www.saucedemo.com/inventory.html] but found [https://www.saucedemo.com/]">
      <![CDATA[java.lang.AssertionError: expected [https://www.saucedemo.com/inventory.html] but found [https://www.saucedemo.com/]
at test.SwagLabs1LoginTest.doLogin_1ValidId2ValidPwd_OpenedHomepage(SwagLabs1LoginTest.java:57)
at java.base/java.util.ArrayList.forEach(ArrayList.java:1511)
... Removed 31 stack frames]]>
    </failure>
  </testcase> <!-- doLogin_1ValidId2ValidPwd_OpenedHomepage -->
  <testcase classname="test.SwagLabs1LoginTest" name="doLogin_1ValidId2ValidPwd_OpenedHomepage" time="0.577"/>
  <testcase classname="test.SwagLabs1LoginTest" name="doLogin_1ValidId2ValidPwd_OpenedHomepage" time="5.643"/>
  <testcase classname="test.SwagLabs1LoginTest" name="doLogin_1ValidId2InvalidPwd_FailedLoginAndVerifyErrorMSG" time="1.76"/>
  <testcase classname="test.SwagLabs1LoginTest" name="doLogin_1InvalidId2validPwd_FailedLoginAndVerifyErrorMSG" time="0.917"/>
  <testcase classname="test.SwagLabs1LoginTest" name="doLogin_1InvalidId2InvalidPwd_FailedLoginAndVerifyErrorMSG" time="0.902"/>
  <testcase classname="test.SwagLabs1LoginTest" name="doLogin_1EmptyId2GivenPwd_FailedLoginAndVerifyWarningMSG" time="0.631"/>
  <testcase classname="test.SwagLabs1LoginTest" name="doLogin_1EmptyPwd2GivenId_FailedLoginAndVerifyWarningMSG" time="0.672"/>
  <testcase classname="test.SwagLabs1LoginTest" name="doLogin_1EmptyId2EmptyPwd_FailedLoginAndVerifyWarningMSG" time="0.467"/>
  <testcase classname="test.SwagLabs1LoginTest" name="doLogin_Clickable_CompletedLogin" time="0.825"/>
  <testcase classname="test.SwagLabs1LoginTest" name="doLogin_SwagLabsLogo_DisplayedLogoAndVerifyText" time="0.187"/>
  <testcase classname="test.SwagLabs1LoginTest" name="doLogin_ErrorBoxCancelButton_ClosedErrorOrWarningMSG" time="11.153"/>
  <testcase classname="test.SwagLabs1LoginTest" name="doLogin_PlaceHolderText_Displayed" time="0.195"/>
  <testcase classname="test.SwagLabs2HomepageTest" name="verifyHomepage_LogoPresendAndSpelling_Checked" time="0.558"/>
  <testcase classname="test.SwagLabs2HomepageTest" name="clickSort_Clickable_OpenedDropdown" time="0.469"/>
  <testcase classname="test.SwagLabs2HomepageTest" name="clickSort_OptionsList_CheckedAllOptions" time="0.268"/>
  <testcase classname="test.SwagLabs2HomepageTest" name="clickSort_PriceHighToLow_GotInOrder" time="0.38"/>
  <testcase classname="test.SwagLabs2HomepageTest" name="clickSort_PriceLowToHigh_GotInOrder" time="0.396"/>
  <testcase classname="test.SwagLabs2HomepageTest" name="clickSort_ProductDescending_GotInOrder" time="0.378"/>
  <testcase classname="test.SwagLabs2HomepageTest" name="clickSort_ProductAscending_GotInOrder" time="0.346"/>
  <testcase classname="test.SwagLabs2HomepageTest" name="clickSort_ProductCountAfter_RemainedSame" time="0.282"/>
  <testcase classname="test.SwagLabs2HomepageTest" name="clickSort_ProductsBefore_PredefinedNumber" time="0.126"/>
  <testcase classname="test.SwagLabs2HomepageTest" name="clickSort_ProductOrder_UnarrangedLikeBefore" time="5.172">
    <failure type="org.openqa.selenium.ElementNotInteractableException" message="element not interactable
  (Session info: chrome=111.0.5563.148)
Build info: version: &amp;apos;4.8.1&amp;apos;, revision: &amp;apos;8ebccac989&amp;apos;
System info: os.name: &amp;apos;Windows 10&amp;apos;, os.arch: &amp;apos;amd64&amp;apos;, os.version: &amp;apos;10.0&amp;apos;, java.version: &amp;apos;19.0.2&amp;apos;
Driver info: org.openqa.selenium.chrome.ChromeDriver
Command: [c229e56ddf0b532337892c9525c76077, clickElement {id=17c07da1-5a94-4141-986c-6762caeb2553}]
Capabilities {acceptInsecureCerts: false, browserName: chrome, browserVersion: 111.0.5563.148, chrome: {chromedriverVersion: 111.0.5563.64 (c710e93d5b63..., userDataDir: C:\Users\Admin\AppData\Loca...}, goog:chromeOptions: {debuggerAddress: localhost:53140}, networkConnectionEnabled: false, pageLoadStrategy: normal, platformName: WINDOWS, proxy: Proxy(), se:cdp: ws://localhost:53140/devtoo..., se:cdpVersion: 111.0.5563.148, setWindowRect: true, strictFileInteractability: false, timeouts: {implicit: 0, pageLoad: 300000, script: 30000}, unhandledPromptBehavior: dismiss and notify, webauthn:extension:credBlob: true, webauthn:extension:largeBlob: true, webauthn:extension:minPinLength: true, webauthn:extension:prf: true, webauthn:virtualAuthenticators: true}
Element: [[ChromeDriver: chrome on WINDOWS (c229e56ddf0b532337892c9525c76077)] -&amp;gt; xpath: //a[text()=&amp;apos;Reset App State&amp;apos;]]
Session ID: c229e56ddf0b532337892c9525c76077">
      <![CDATA[org.openqa.selenium.ElementNotInteractableException: element not interactable
  (Session info: chrome=111.0.5563.148)
Build info: version: '4.8.1', revision: '8ebccac989'
System info: os.name: 'Windows 10', os.arch: 'amd64', os.version: '10.0', java.version: '19.0.2'
Driver info: org.openqa.selenium.chrome.ChromeDriver
Command: [c229e56ddf0b532337892c9525c76077, clickElement {id=17c07da1-5a94-4141-986c-6762caeb2553}]
Capabilities {acceptInsecureCerts: false, browserName: chrome, browserVersion: 111.0.5563.148, chrome: {chromedriverVersion: 111.0.5563.64 (c710e93d5b63..., userDataDir: C:\Users\Admin\AppData\Loca...}, goog:chromeOptions: {debuggerAddress: localhost:53140}, networkConnectionEnabled: false, pageLoadStrategy: normal, platformName: WINDOWS, proxy: Proxy(), se:cdp: ws://localhost:53140/devtoo..., se:cdpVersion: 111.0.5563.148, setWindowRect: true, strictFileInteractability: false, timeouts: {implicit: 0, pageLoad: 300000, script: 30000}, unhandledPromptBehavior: dismiss and notify, webauthn:extension:credBlob: true, webauthn:extension:largeBlob: true, webauthn:extension:minPinLength: true, webauthn:extension:prf: true, webauthn:virtualAuthenticators: true}
Element: [[ChromeDriver: chrome on WINDOWS (c229e56ddf0b532337892c9525c76077)] -> xpath: //a[text()='Reset App State']]
Session ID: c229e56ddf0b532337892c9525c76077
at org.openqa.selenium.remote.codec.w3c.W3CHttpResponseCodec.createException(W3CHttpResponseCodec.java:200)
at org.openqa.selenium.remote.codec.w3c.W3CHttpResponseCodec.decode(W3CHttpResponseCodec.java:133)
at org.openqa.selenium.remote.codec.w3c.W3CHttpResponseCodec.decode(W3CHttpResponseCodec.java:53)
at org.openqa.selenium.remote.HttpCommandExecutor.execute(HttpCommandExecutor.java:184)
at org.openqa.selenium.remote.service.DriverCommandExecutor.invokeExecute(DriverCommandExecutor.java:167)
at org.openqa.selenium.remote.service.DriverCommandExecutor.execute(DriverCommandExecutor.java:142)
at org.openqa.selenium.remote.RemoteWebDriver.execute(RemoteWebDriver.java:543)
at org.openqa.selenium.remote.RemoteWebElement.execute(RemoteWebElement.java:257)
at org.openqa.selenium.remote.RemoteWebElement.click(RemoteWebElement.java:78)
at org.openqa.selenium.support.pagefactory.internal.LocatingElementHandler.invoke(LocatingElementHandler.java:52)
at jdk.proxy2/jdk.proxy2.$Proxy20.click(Unknown Source)
at pom.SwagLabsHomepage.clickOnresetAppStateButton(SwagLabsHomepage.java:95)
at test.SwagLabs2HomepageTest.clickSort_ProductOrder_UnarrangedLikeBefore(SwagLabs2HomepageTest.java:215)
at java.base/java.util.ArrayList.forEach(ArrayList.java:1511)
... Removed 30 stack frames]]>
    </failure>
  </testcase> <!-- clickSort_ProductOrder_UnarrangedLikeBefore -->
  <testcase classname="test.SwagLabs2HomepageTest" name="clickSortBefore_DoOtherActions_SavedSortingType" time="0.428"/>
  <testcase classname="test.SwagLabs2HomepageTest" name="clickSortAfter_PreviousSortedResults_GotSortedAgain" time="0.485"/>
  <testcase classname="test.SwagLabs2HomepageTest" name="clickOpenMenu_Clickable_OpenedAllOptions" time="0.246">
    <failure type="java.lang.AssertionError" message="expected [] but found [All Items]">
      <![CDATA[java.lang.AssertionError: expected [] but found [All Items]
at test.SwagLabs2HomepageTest.clickOpenMenu_Clickable_OpenedAllOptions(SwagLabs2HomepageTest.java:279)
at java.base/java.util.ArrayList.forEach(ArrayList.java:1511)
... Removed 31 stack frames]]>
    </failure>
  </testcase> <!-- clickOpenMenu_Clickable_OpenedAllOptions -->
  <testcase classname="test.SwagLabs2HomepageTest" name="clickOpenMenu_$About$Option_OpenedLinkedPage" time="10.296">
    <failure type="org.openqa.selenium.TimeoutException" message="timeout: Timed out receiving message from renderer: 10.000
  (Session info: chrome=111.0.5563.148)
Build info: version: &amp;apos;4.8.1&amp;apos;, revision: &amp;apos;8ebccac989&amp;apos;
System info: os.name: &amp;apos;Windows 10&amp;apos;, os.arch: &amp;apos;amd64&amp;apos;, os.version: &amp;apos;10.0&amp;apos;, java.version: &amp;apos;19.0.2&amp;apos;
Driver info: org.openqa.selenium.chrome.ChromeDriver
Command: [913c95bc0e72426b62773f8d8569aa2c, clickElement {id=29a0e210-0aad-4f28-a62e-ea6d023ead17}]
Capabilities {acceptInsecureCerts: false, browserName: chrome, browserVersion: 111.0.5563.148, chrome: {chromedriverVersion: 111.0.5563.64 (c710e93d5b63..., userDataDir: C:\Users\Admin\AppData\Loca...}, goog:chromeOptions: {debuggerAddress: localhost:53231}, networkConnectionEnabled: false, pageLoadStrategy: normal, platformName: WINDOWS, proxy: Proxy(), se:cdp: ws://localhost:53231/devtoo..., se:cdpVersion: 111.0.5563.148, setWindowRect: true, strictFileInteractability: false, timeouts: {implicit: 0, pageLoad: 300000, script: 30000}, unhandledPromptBehavior: dismiss and notify, webauthn:extension:credBlob: true, webauthn:extension:largeBlob: true, webauthn:extension:minPinLength: true, webauthn:extension:prf: true, webauthn:virtualAuthenticators: true}
Element: [[ChromeDriver: chrome on WINDOWS (913c95bc0e72426b62773f8d8569aa2c)] -&amp;gt; xpath: //a[text()=&amp;apos;About&amp;apos;]]
Session ID: 913c95bc0e72426b62773f8d8569aa2c">
      <![CDATA[org.openqa.selenium.TimeoutException: timeout: Timed out receiving message from renderer: 10.000
  (Session info: chrome=111.0.5563.148)
Build info: version: '4.8.1', revision: '8ebccac989'
System info: os.name: 'Windows 10', os.arch: 'amd64', os.version: '10.0', java.version: '19.0.2'
Driver info: org.openqa.selenium.chrome.ChromeDriver
Command: [913c95bc0e72426b62773f8d8569aa2c, clickElement {id=29a0e210-0aad-4f28-a62e-ea6d023ead17}]
Capabilities {acceptInsecureCerts: false, browserName: chrome, browserVersion: 111.0.5563.148, chrome: {chromedriverVersion: 111.0.5563.64 (c710e93d5b63..., userDataDir: C:\Users\Admin\AppData\Loca...}, goog:chromeOptions: {debuggerAddress: localhost:53231}, networkConnectionEnabled: false, pageLoadStrategy: normal, platformName: WINDOWS, proxy: Proxy(), se:cdp: ws://localhost:53231/devtoo..., se:cdpVersion: 111.0.5563.148, setWindowRect: true, strictFileInteractability: false, timeouts: {implicit: 0, pageLoad: 300000, script: 30000}, unhandledPromptBehavior: dismiss and notify, webauthn:extension:credBlob: true, webauthn:extension:largeBlob: true, webauthn:extension:minPinLength: true, webauthn:extension:prf: true, webauthn:virtualAuthenticators: true}
Element: [[ChromeDriver: chrome on WINDOWS (913c95bc0e72426b62773f8d8569aa2c)] -> xpath: //a[text()='About']]
Session ID: 913c95bc0e72426b62773f8d8569aa2c
at org.openqa.selenium.remote.codec.w3c.W3CHttpResponseCodec.createException(W3CHttpResponseCodec.java:200)
at org.openqa.selenium.remote.codec.w3c.W3CHttpResponseCodec.decode(W3CHttpResponseCodec.java:133)
at org.openqa.selenium.remote.codec.w3c.W3CHttpResponseCodec.decode(W3CHttpResponseCodec.java:53)
at org.openqa.selenium.remote.HttpCommandExecutor.execute(HttpCommandExecutor.java:184)
at org.openqa.selenium.remote.service.DriverCommandExecutor.invokeExecute(DriverCommandExecutor.java:167)
at org.openqa.selenium.remote.service.DriverCommandExecutor.execute(DriverCommandExecutor.java:142)
at org.openqa.selenium.remote.RemoteWebDriver.execute(RemoteWebDriver.java:543)
at org.openqa.selenium.remote.RemoteWebElement.execute(RemoteWebElement.java:257)
at org.openqa.selenium.remote.RemoteWebElement.click(RemoteWebElement.java:78)
at org.openqa.selenium.support.pagefactory.internal.LocatingElementHandler.invoke(LocatingElementHandler.java:52)
at jdk.proxy2/jdk.proxy2.$Proxy20.click(Unknown Source)
at pom.SwagLabsHomepage.clickOnaboutButton(SwagLabsHomepage.java:85)
at test.SwagLabs2HomepageTest.clickOpenMenu_$About$Option_OpenedLinkedPage(SwagLabs2HomepageTest.java:290)
at java.base/java.util.ArrayList.forEach(ArrayList.java:1511)
... Removed 30 stack frames]]>
    </failure>
  </testcase> <!-- clickOpenMenu_$About$Option_OpenedLinkedPage -->
  <testcase classname="test.SwagLabs2HomepageTest" name="clickOpenMenu_$AllItems$Option_ShowedAllHomepageProducts" time="0.674"/>
  <testcase classname="test.SwagLabs2HomepageTest" name="clickOpenMenu_$Logout$Option_LoggedoutUser" time="0.408"/>
  <testcase classname="test.SwagLabs2HomepageTest" name="clickOpenMenu_$ResetAppState$Option_DefaultAppState" time="5.547"/>
  <testcase classname="test.SwagLabs2HomepageTest" name="clickOpenMenu_CloseMenuButton_ClosedAllOptions" time="0.475"/>
  <testcase classname="test.SwagLabs2HomepageTest" name="clickTwitterTab_SocialSite_OpenedTwitterPage" time="10.154"/>
  <testcase classname="test.SwagLabs2HomepageTest" name="clickFacebookTab_SocialSite_OpenedFacebookPage" time="10.227">
    <failure type="org.openqa.selenium.TimeoutException" message="timeout: Timed out receiving message from renderer: 10.000
  (Session info: chrome=111.0.5563.148)
Build info: version: &amp;apos;4.8.1&amp;apos;, revision: &amp;apos;8ebccac989&amp;apos;
System info: os.name: &amp;apos;Windows 10&amp;apos;, os.arch: &amp;apos;amd64&amp;apos;, os.version: &amp;apos;10.0&amp;apos;, java.version: &amp;apos;19.0.2&amp;apos;
Driver info: org.openqa.selenium.chrome.ChromeDriver
Command: [b93acd4ddcb5b039b97312e0bee8aa15, getCurrentUrl {}]
Capabilities {acceptInsecureCerts: false, browserName: chrome, browserVersion: 111.0.5563.148, chrome: {chromedriverVersion: 111.0.5563.64 (c710e93d5b63..., userDataDir: C:\Users\Admin\AppData\Loca...}, goog:chromeOptions: {debuggerAddress: localhost:53500}, networkConnectionEnabled: false, pageLoadStrategy: normal, platformName: WINDOWS, proxy: Proxy(), se:cdp: ws://localhost:53500/devtoo..., se:cdpVersion: 111.0.5563.148, setWindowRect: true, strictFileInteractability: false, timeouts: {implicit: 0, pageLoad: 300000, script: 30000}, unhandledPromptBehavior: dismiss and notify, webauthn:extension:credBlob: true, webauthn:extension:largeBlob: true, webauthn:extension:minPinLength: true, webauthn:extension:prf: true, webauthn:virtualAuthenticators: true}
Session ID: b93acd4ddcb5b039b97312e0bee8aa15">
      <![CDATA[org.openqa.selenium.TimeoutException: timeout: Timed out receiving message from renderer: 10.000
  (Session info: chrome=111.0.5563.148)
Build info: version: '4.8.1', revision: '8ebccac989'
System info: os.name: 'Windows 10', os.arch: 'amd64', os.version: '10.0', java.version: '19.0.2'
Driver info: org.openqa.selenium.chrome.ChromeDriver
Command: [b93acd4ddcb5b039b97312e0bee8aa15, getCurrentUrl {}]
Capabilities {acceptInsecureCerts: false, browserName: chrome, browserVersion: 111.0.5563.148, chrome: {chromedriverVersion: 111.0.5563.64 (c710e93d5b63..., userDataDir: C:\Users\Admin\AppData\Loca...}, goog:chromeOptions: {debuggerAddress: localhost:53500}, networkConnectionEnabled: false, pageLoadStrategy: normal, platformName: WINDOWS, proxy: Proxy(), se:cdp: ws://localhost:53500/devtoo..., se:cdpVersion: 111.0.5563.148, setWindowRect: true, strictFileInteractability: false, timeouts: {implicit: 0, pageLoad: 300000, script: 30000}, unhandledPromptBehavior: dismiss and notify, webauthn:extension:credBlob: true, webauthn:extension:largeBlob: true, webauthn:extension:minPinLength: true, webauthn:extension:prf: true, webauthn:virtualAuthenticators: true}
Session ID: b93acd4ddcb5b039b97312e0bee8aa15
at org.openqa.selenium.remote.codec.w3c.W3CHttpResponseCodec.createException(W3CHttpResponseCodec.java:200)
at org.openqa.selenium.remote.codec.w3c.W3CHttpResponseCodec.decode(W3CHttpResponseCodec.java:133)
at org.openqa.selenium.remote.codec.w3c.W3CHttpResponseCodec.decode(W3CHttpResponseCodec.java:53)
at org.openqa.selenium.remote.HttpCommandExecutor.execute(HttpCommandExecutor.java:184)
at org.openqa.selenium.remote.service.DriverCommandExecutor.invokeExecute(DriverCommandExecutor.java:167)
at org.openqa.selenium.remote.service.DriverCommandExecutor.execute(DriverCommandExecutor.java:142)
at org.openqa.selenium.remote.RemoteWebDriver.execute(RemoteWebDriver.java:543)
at org.openqa.selenium.remote.RemoteWebDriver.execute(RemoteWebDriver.java:598)
at org.openqa.selenium.remote.RemoteWebDriver.execute(RemoteWebDriver.java:602)
at org.openqa.selenium.remote.RemoteWebDriver.getCurrentUrl(RemoteWebDriver.java:309)
at pom.SwagLabsHomepage.clickOnFacebookButton(SwagLabsHomepage.java:147)
at test.SwagLabs2HomepageTest.clickFacebookTab_SocialSite_OpenedFacebookPage(SwagLabs2HomepageTest.java:408)
at java.base/java.util.ArrayList.forEach(ArrayList.java:1511)
... Removed 28 stack frames]]>
    </failure>
  </testcase> <!-- clickFacebookTab_SocialSite_OpenedFacebookPage -->
  <testcase classname="test.SwagLabs2HomepageTest" name="clickLinkedTab_SocialSite_OpenedLinkedPage" time="2.479"/>
  <testcase classname="test.SwagLabs2HomepageTest" name="verifyCartTab_TotalProductNumber_ShowedInNotification" time="2.245"/>
  <testcase classname="test.SwagLabs2HomepageTest" name="verifyHomepageFooter_Text_Checked" time="0.14"/>
  <testcase classname="test.SwagLabs2HomepageTest" name="verifyHomepageNavigation_BackForewardRefresh_ReloadedWebpageSuccessfully" time="0.347"/>
  <testcase classname="test.SwagLabs3ProductpageTest" name="clickProduct_ProductImg_OpenedProductpage" time="0.606"/>
  <testcase classname="test.SwagLabs3ProductpageTest" name="clickProduct_ProductBanner_OpenedProductpage" time="0.357"/>
  <testcase classname="test.SwagLabs3ProductpageTest" name="clickProduct_ProductBanner$Description$Price_Checked" time="0.326"/>
  <testcase classname="test.SwagLabs3ProductpageTest" name="clickProduct_AddProductButton_AddedToCart" time="0.522"/>
  <testcase classname="test.SwagLabs3ProductpageTest" name="clickProduct_RemoveProductButton_RemovedFromCart" time="6.624"/>
  <testcase classname="test.SwagLabs3ProductpageTest" name="clickProduct_ProductAddOrRemoveButton_Clickable" time="0.414"/>
  <testcase classname="test.SwagLabs3ProductpageTest" name="clickProduct_BackToProductsButton_GoneToHomepage" time="0.412"/>
  <testcase classname="test.SwagLabs3ProductpageTest" name="clickCart_Clickable_OpenedCart" time="0.151"/>
  <testcase classname="test.SwagLabs4CartpageTest" name="clickCart_AddedProducts_ShowedDetails" time="0.196"/>
  <testcase classname="test.SwagLabs4CartpageTest" name="clickCart_AddedProducts_Removed" time="5.233"/>
  <testcase classname="test.SwagLabs4CartpageTest" name="clickCart_ContinueShoppingButton_RedirectedToHomepage" time="0.252"/>
  <testcase classname="test.SwagLabs4CartpageTest" name="clickCart_CheckoutButton_OpenedCheckoutpage" time="0.245"/>
  <testcase classname="test.SwagLabs5CheckoutpageTest" name="clickCheckout_FirstnamePlaceholderText_Displayed" time="0.189"/>
  <testcase classname="test.SwagLabs5CheckoutpageTest" name="clickCheckout_LastnamePlaceholderText_Displayed" time="0.141"/>
  <testcase classname="test.SwagLabs5CheckoutpageTest" name="clickCheckout_PincodePlaceholderText_Displayed" time="0.037">
    <failure type="java.lang.AssertionError" message="expected [Zip/Postal Code] but found [Last Name]">
      <![CDATA[java.lang.AssertionError: expected [Zip/Postal Code] but found [Last Name]
at test.SwagLabs5CheckoutpageTest.clickCheckout_PincodePlaceholderText_Displayed(SwagLabs5CheckoutpageTest.java:80)
at java.base/java.util.ArrayList.forEach(ArrayList.java:1511)
... Removed 31 stack frames]]>
    </failure>
  </testcase> <!-- clickCheckout_PincodePlaceholderText_Displayed -->
  <testcase classname="test.SwagLabs5CheckoutpageTest" name="clickCheckout_InvalidFirstname_DisplayedErrorMSG" time="0.627">
    <failure type="java.lang.AssertionError" message="expected [https://www.saucedemo.com/checkout-step-two.html] but found [https://www.saucedemo.com/checkout-step-one.html]">
      <![CDATA[java.lang.AssertionError: expected [https://www.saucedemo.com/checkout-step-two.html] but found [https://www.saucedemo.com/checkout-step-one.html]
at test.SwagLabs5CheckoutpageTest.clickCheckout_InvalidFirstname_DisplayedErrorMSG(SwagLabs5CheckoutpageTest.java:100)
at java.base/java.util.ArrayList.forEach(ArrayList.java:1511)
... Removed 31 stack frames]]>
    </failure>
  </testcase> <!-- clickCheckout_InvalidFirstname_DisplayedErrorMSG -->
  <testcase classname="test.SwagLabs5CheckoutpageTest" name="clickCheckout_InvalidLastname_DisplayedErrorMSG" time="0.615">
    <failure type="java.lang.AssertionError" message="expected [https://www.saucedemo.com/checkout-step-two.html] but found [https://www.saucedemo.com/checkout-step-one.html]">
      <![CDATA[java.lang.AssertionError: expected [https://www.saucedemo.com/checkout-step-two.html] but found [https://www.saucedemo.com/checkout-step-one.html]
at test.SwagLabs5CheckoutpageTest.clickCheckout_InvalidLastname_DisplayedErrorMSG(SwagLabs5CheckoutpageTest.java:120)
at java.base/java.util.ArrayList.forEach(ArrayList.java:1511)
... Removed 31 stack frames]]>
    </failure>
  </testcase> <!-- clickCheckout_InvalidLastname_DisplayedErrorMSG -->
  <testcase classname="test.SwagLabs5CheckoutpageTest" name="clickCheckout_InvalidZipcode_DisplayedErrorMSG" time="0.581">
    <failure type="java.lang.AssertionError" message="expected [https://www.saucedemo.com/checkout-step-two.html] but found [https://www.saucedemo.com/checkout-step-one.html]">
      <![CDATA[java.lang.AssertionError: expected [https://www.saucedemo.com/checkout-step-two.html] but found [https://www.saucedemo.com/checkout-step-one.html]
at test.SwagLabs5CheckoutpageTest.clickCheckout_InvalidZipcode_DisplayedErrorMSG(SwagLabs5CheckoutpageTest.java:142)
at java.base/java.util.ArrayList.forEach(ArrayList.java:1511)
... Removed 31 stack frames]]>
    </failure>
  </testcase> <!-- clickCheckout_InvalidZipcode_DisplayedErrorMSG -->
  <testcase classname="test.SwagLabs5CheckoutpageTest" name="clickCheckout_1EmptyFirstN2EmptyLastN3EmptyZipcode_DisplayedWarningMSG" time="0.243"/>
  <testcase classname="test.SwagLabs5CheckoutpageTest" name="clickCheckout_1FillFirstN2EmptyLastN3EmptyZipcode_DisplayedWarningMSG" time="0.428"/>
  <testcase classname="test.SwagLabs5CheckoutpageTest" name="clickCheckout_1FillFirstN2FillLastN3EmptyZipcode_DisplayedWarningMSG" time="0.489"/>
  <testcase classname="test.SwagLabs5CheckoutpageTest" name="clickCheckout_1FillFirstN2FillLastN3FillZipcode_DisplayedWarningMSG" time="5.655">
    <failure type="org.openqa.selenium.NoSuchElementException" message="no such element: Unable to locate element: {&amp;quot;method&amp;quot;:&amp;quot;xpath&amp;quot;,&amp;quot;selector&amp;quot;:&amp;quot;//h3[@data-test=&amp;apos;error&amp;apos;]&amp;quot;}
  (Session info: chrome=111.0.5563.148)
For documentation on this error, please visit: https://selenium.dev/exceptions/#no_such_element
Build info: version: &amp;apos;4.8.1&amp;apos;, revision: &amp;apos;8ebccac989&amp;apos;
System info: os.name: &amp;apos;Windows 10&amp;apos;, os.arch: &amp;apos;amd64&amp;apos;, os.version: &amp;apos;10.0&amp;apos;, java.version: &amp;apos;19.0.2&amp;apos;
Driver info: org.openqa.selenium.chrome.ChromeDriver
Command: [6bbe6fca59f9f8460e17c20a8a1fa965, findElement {using=xpath, value=//h3[@data-test=&amp;apos;error&amp;apos;]}]
Capabilities {acceptInsecureCerts: false, browserName: chrome, browserVersion: 111.0.5563.148, chrome: {chromedriverVersion: 111.0.5563.64 (c710e93d5b63..., userDataDir: C:\Users\Admin\AppData\Loca...}, goog:chromeOptions: {debuggerAddress: localhost:54180}, networkConnectionEnabled: false, pageLoadStrategy: normal, platformName: WINDOWS, proxy: Proxy(), se:cdp: ws://localhost:54180/devtoo..., se:cdpVersion: 111.0.5563.148, setWindowRect: true, strictFileInteractability: false, timeouts: {implicit: 0, pageLoad: 300000, script: 30000}, unhandledPromptBehavior: dismiss and notify, webauthn:extension:credBlob: true, webauthn:extension:largeBlob: true, webauthn:extension:minPinLength: true, webauthn:extension:prf: true, webauthn:virtualAuthenticators: true}
Session ID: 6bbe6fca59f9f8460e17c20a8a1fa965">
      <![CDATA[org.openqa.selenium.NoSuchElementException: no such element: Unable to locate element: {"method":"xpath","selector":"//h3[@data-test='error']"}
  (Session info: chrome=111.0.5563.148)
For documentation on this error, please visit: https://selenium.dev/exceptions/#no_such_element
Build info: version: '4.8.1', revision: '8ebccac989'
System info: os.name: 'Windows 10', os.arch: 'amd64', os.version: '10.0', java.version: '19.0.2'
Driver info: org.openqa.selenium.chrome.ChromeDriver
Command: [6bbe6fca59f9f8460e17c20a8a1fa965, findElement {using=xpath, value=//h3[@data-test='error']}]
Capabilities {acceptInsecureCerts: false, browserName: chrome, browserVersion: 111.0.5563.148, chrome: {chromedriverVersion: 111.0.5563.64 (c710e93d5b63..., userDataDir: C:\Users\Admin\AppData\Loca...}, goog:chromeOptions: {debuggerAddress: localhost:54180}, networkConnectionEnabled: false, pageLoadStrategy: normal, platformName: WINDOWS, proxy: Proxy(), se:cdp: ws://localhost:54180/devtoo..., se:cdpVersion: 111.0.5563.148, setWindowRect: true, strictFileInteractability: false, timeouts: {implicit: 0, pageLoad: 300000, script: 30000}, unhandledPromptBehavior: dismiss and notify, webauthn:extension:credBlob: true, webauthn:extension:largeBlob: true, webauthn:extension:minPinLength: true, webauthn:extension:prf: true, webauthn:virtualAuthenticators: true}
Session ID: 6bbe6fca59f9f8460e17c20a8a1fa965
at org.openqa.selenium.remote.codec.w3c.W3CHttpResponseCodec.createException(W3CHttpResponseCodec.java:200)
at org.openqa.selenium.remote.codec.w3c.W3CHttpResponseCodec.decode(W3CHttpResponseCodec.java:133)
at org.openqa.selenium.remote.codec.w3c.W3CHttpResponseCodec.decode(W3CHttpResponseCodec.java:53)
at org.openqa.selenium.remote.HttpCommandExecutor.execute(HttpCommandExecutor.java:184)
at org.openqa.selenium.remote.service.DriverCommandExecutor.invokeExecute(DriverCommandExecutor.java:167)
at org.openqa.selenium.remote.service.DriverCommandExecutor.execute(DriverCommandExecutor.java:142)
at org.openqa.selenium.remote.RemoteWebDriver.execute(RemoteWebDriver.java:543)
at org.openqa.selenium.remote.ElementLocation$ElementFinder$2.findElement(ElementLocation.java:162)
at org.openqa.selenium.remote.ElementLocation.findElement(ElementLocation.java:60)
at org.openqa.selenium.remote.RemoteWebDriver.findElement(RemoteWebDriver.java:352)
at org.openqa.selenium.remote.RemoteWebDriver.findElement(RemoteWebDriver.java:344)
at org.openqa.selenium.support.pagefactory.DefaultElementLocator.findElement(DefaultElementLocator.java:70)
at org.openqa.selenium.support.pagefactory.internal.LocatingElementHandler.invoke(LocatingElementHandler.java:39)
at jdk.proxy2/jdk.proxy2.$Proxy20.getText(Unknown Source)
at pom.SwagLabCheckoutStepOnePage.getErrorMSG(SwagLabCheckoutStepOnePage.java:56)
at test.SwagLabs5CheckoutpageTest.clickCheckout_1FillFirstN2FillLastN3FillZipcode_DisplayedWarningMSG(SwagLabs5CheckoutpageTest.java:205)
at java.base/java.util.ArrayList.forEach(ArrayList.java:1511)
... Removed 28 stack frames]]>
    </failure>
  </testcase> <!-- clickCheckout_1FillFirstN2FillLastN3FillZipcode_DisplayedWarningMSG -->
  <testcase classname="test.SwagLabs5CheckoutpageTest" name="clickCheckout_1EmptyFirstN2FillLastN3EmptyZipcode_DisplayedWarningMSG" time="0.353"/>
  <testcase classname="test.SwagLabs5CheckoutpageTest" name="clickCheckout_1EmptyFirstN2FillLastN3FillZipcode_DisplayedWarningMSG" time="0.488"/>
  <testcase classname="test.SwagLabs5CheckoutpageTest" name="clickCheckout_1EmptyFirstN2EmptyLastN3FillZipcode_DisplayedWarningMSG" time="0.379"/>
  <testcase classname="test.SwagLabs5CheckoutpageTest" name="clickCheckout_1FillFirstN2EmptyLastN3FillZipcode_DisplayedWarningMSG" time="0.481"/>
  <testcase classname="test.SwagLabs5CheckoutpageTest" name="clickCheckout_CancelButton_RedirectedToCartpage" time="0.188"/>
  <testcase classname="test.SwagLabs6CheckoutOverviewpage" name="openCheckoutOverview_PurchaseInformation_Checked" time="0.46"/>
  <testcase classname="test.SwagLabs6CheckoutOverviewpage" name="openCheckoutOverview_FinishButton_RedirectedToCheckoutComplete" time="0.224"/>
  <testcase classname="test.SwagLabs6CheckoutOverviewpage" name="openCheckoutOverview_CancelButton_RedirectedToProductpage" time="0.225"/>
  <testcase classname="test.SwagLabs7CheckoutCompletepage" name="openCheckoutComplete_GreetInformation_Displyed" time="0.2"/>
  <testcase classname="test.SwagLabs7CheckoutCompletepage" name="openCheckoutComplete_BackToHomeButton_RedirectedToProductpage" time="0.269"/>
</testsuite> <!-- Test -->
