<?xml version="1.0" encoding="UTF-8"?>
<!-- Generated by org.testng.reporters.JUnitXMLReporter -->
<testsuite ignored="0" hostname="DESKTOP-47P2MTB" failures="1" tests="14" name="Practice Test" time="90.405" errors="0" timestamp="2023-03-01T22:31:54 IST">
  <testcase classname="test.SwagLabs1LoginTests" name="doLogin_1ValidId2ValidPwd_OpenedHomepage" time="1.228"/>
  <testcase classname="test.SwagLabs1LoginTests" name="doLogin_1ValidId2ValidPwd_OpenedHomepage" time="1.111">
    <failure type="java.lang.AssertionError" message="expected [https://www.saucedemo.com/inventory.html] but found [https://www.saucedemo.com/]">
      <![CDATA[java.lang.AssertionError: expected [https://www.saucedemo.com/inventory.html] but found [https://www.saucedemo.com/]
at test.SwagLabs1LoginTests.doLogin_1ValidId2ValidPwd_OpenedHomepage(SwagLabs1LoginTests.java:72)
at java.base/java.util.ArrayList.forEach(ArrayList.java:1511)
... Removed 31 stack frames]]>
    </failure>
  </testcase> <!-- doLogin_1ValidId2ValidPwd_OpenedHomepage -->
  <testcase classname="test.SwagLabs1LoginTests" name="doLogin_1ValidId2ValidPwd_OpenedHomepage" time="1.34"/>
  <testcase classname="test.SwagLabs1LoginTests" name="doLogin_1ValidId2ValidPwd_OpenedHomepage" time="5.97"/>
  <testcase classname="test.SwagLabs1LoginTests" name="doLogin_1ValidId2InvalidPwd_FailedLoginAndVerifyErrorMSG" time="10.51"/>
  <testcase classname="test.SwagLabs1LoginTests" name="doLogin_1InvalidId2validPwd_FailedLoginAndVerifyErrorMSG" time="1.629"/>
  <testcase classname="test.SwagLabs1LoginTests" name="doLogin_1InvalidId2InvalidPwd_FailedLoginAndVerifyErrorMSG" time="1.288"/>
  <testcase classname="test.SwagLabs1LoginTests" name="doLogin_1EmptyId2GivenPwd_FailedLoginAndVerifyWarningMSG" time="1.286"/>
  <testcase classname="test.SwagLabs1LoginTests" name="doLogin_1EmptyPwd2GivenId_FailedLoginAndVerifyWarningMSG" time="1.159"/>
  <testcase classname="test.SwagLabs1LoginTests" name="doLogin_1EmptyId2EmptyPwd_FailedLoginAndVerifyWarningMSG" time="0.562"/>
  <testcase classname="test.SwagLabs1LoginTests" name="doLogin_Clickable_CompletedLogin" time="1.401"/>
  <testcase classname="test.SwagLabs1LoginTests" name="doLogin_SwagLabsLogo_DisplayedLogoAndVerifyText" time="0.321"/>
  <testcase classname="test.SwagLabs1LoginTests" name="doLogin_ErrorBoxCancelButton_ClosedErrorOrWarningMSG" time="1.484"/>
  <testcase classname="test.SwagLabs1LoginTests" name="doLogin_PlaceHolderText_Displayed" time="0.343"/>
</testsuite> <!-- Practice Test -->
