<?xml version="1.0" encoding="UTF-8"?>
<!-- Generated by org.testng.reporters.JUnitXMLReporter -->
<testsuite ignored="0" hostname="DESKTOP-47P2MTB" failures="1" tests="14" name="Test" time="70.821" errors="0" timestamp="2023-04-09T16:55:01 IST">
  <testcase classname="test.SwagLabs1LoginTest" name="doLogin_1ValidId2ValidPwd_OpenedHomepage" time="0.894"/>
  <testcase classname="test.SwagLabs1LoginTest" name="doLogin_1ValidId2ValidPwd_OpenedHomepage" time="0.814">
    <failure type="java.lang.AssertionError" message="expected [https://www.saucedemo.com/inventory.html] but found [https://www.saucedemo.com/]">
      <![CDATA[java.lang.AssertionError: expected [https://www.saucedemo.com/inventory.html] but found [https://www.saucedemo.com/]
at test.SwagLabs1LoginTest.doLogin_1ValidId2ValidPwd_OpenedHomepage(SwagLabs1LoginTest.java:57)
at java.base/java.util.ArrayList.forEach(ArrayList.java:1511)
... Removed 33 stack frames]]>
    </failure>
  </testcase> <!-- doLogin_1ValidId2ValidPwd_OpenedHomepage -->
  <testcase classname="test.SwagLabs1LoginTest" name="doLogin_1ValidId2ValidPwd_OpenedHomepage" time="0.552"/>
  <testcase classname="test.SwagLabs1LoginTest" name="doLogin_1ValidId2ValidPwd_OpenedHomepage" time="5.613"/>
  <testcase classname="test.SwagLabs1LoginTest" name="doLogin_1ValidId2InvalidPwd_FailedLoginAndVerifyErrorMSG" time="2.133"/>
  <testcase classname="test.SwagLabs1LoginTest" name="doLogin_1InvalidId2validPwd_FailedLoginAndVerifyErrorMSG" time="1.01"/>
  <testcase classname="test.SwagLabs1LoginTest" name="doLogin_1InvalidId2InvalidPwd_FailedLoginAndVerifyErrorMSG" time="0.904"/>
  <testcase classname="test.SwagLabs1LoginTest" name="doLogin_1EmptyId2GivenPwd_FailedLoginAndVerifyWarningMSG" time="0.763"/>
  <testcase classname="test.SwagLabs1LoginTest" name="doLogin_1EmptyPwd2GivenId_FailedLoginAndVerifyWarningMSG" time="0.781"/>
  <testcase classname="test.SwagLabs1LoginTest" name="doLogin_1EmptyId2EmptyPwd_FailedLoginAndVerifyWarningMSG" time="0.436"/>
  <testcase classname="test.SwagLabs1LoginTest" name="doLogin_Clickable_CompletedLogin" time="1.41"/>
  <testcase classname="test.SwagLabs1LoginTest" name="doLogin_SwagLabsLogo_DisplayedLogoAndVerifyText" time="0.178"/>
  <testcase classname="test.SwagLabs1LoginTest" name="doLogin_ErrorBoxCancelButton_ClosedErrorOrWarningMSG" time="11.018"/>
  <testcase classname="test.SwagLabs1LoginTest" name="doLogin_PlaceHolderText_Displayed" time="0.213"/>
</testsuite> <!-- Test -->
