<?xml version="1.0" encoding="UTF-8"?>
<!-- Generated by org.testng.reporters.JUnitXMLReporter -->
<testsuite ignored="0" hostname="DESKTOP-47P2MTB" failures="1" tests="7" name="Login Functionality Test - Chrome" time="6.248" errors="0" timestamp="2023-02-28T19:06:58 IST">
  <testcase classname="test.SwagLabs1LoginTests" name="@AfterMethod publishResult" time="0.006">
    <failure type="java.lang.NullPointerException" message="Cannot invoke &amp;quot;com.aventstack.extentreports.ExtentTest.log(com.aventstack.extentreports.Status, String)&amp;quot; because &amp;quot;this.test&amp;quot; is null">
      <![CDATA[java.lang.NullPointerException: Cannot invoke "com.aventstack.extentreports.ExtentTest.log(com.aventstack.extentreports.Status, String)" because "this.test" is null
at test.SwagLabs1LoginTests.publishResult(SwagLabs1LoginTests.java:130)
at java.base/java.util.ArrayList.forEach(ArrayList.java:1511)
... Removed 30 stack frames]]>
    </failure>
  </testcase> <!-- @AfterMethod publishResult -->
  <testcase classname="test.SwagLabs1LoginTests" name="@BeforeMethod launchBrowser" time="-1.677591418618E9">
    <skipped/>
  </testcase> <!-- @BeforeMethod launchBrowser -->
  <testcase classname="test.SwagLabs1LoginTests" name="@AfterMethod publishResult" time="-1.677591418632E9">
    <skipped/>
  </testcase> <!-- @AfterMethod publishResult -->
  <testcase classname="test.SwagLabs1LoginTests" name="@BeforeMethod launchBrowser" time="-1.677591418635E9">
    <skipped/>
  </testcase> <!-- @BeforeMethod launchBrowser -->
  <testcase classname="test.SwagLabs1LoginTests" name="@AfterMethod publishResult" time="-1.677591418644E9">
    <skipped/>
  </testcase> <!-- @AfterMethod publishResult -->
  <testcase classname="test.SwagLabs1LoginTests" name="@BeforeMethod launchBrowser" time="-1.677591418647E9">
    <skipped/>
  </testcase> <!-- @BeforeMethod launchBrowser -->
  <testcase classname="test.SwagLabs1LoginTests" name="@AfterMethod publishResult" time="-1.677591418656E9">
    <skipped/>
  </testcase> <!-- @AfterMethod publishResult -->
  <testcase classname="test.SwagLabs1LoginTests" name="@BeforeMethod launchBrowser" time="-1.677591418666E9">
    <skipped/>
  </testcase> <!-- @BeforeMethod launchBrowser -->
  <testcase classname="test.SwagLabs1LoginTests" name="@AfterMethod publishResult" time="-1.677591418672E9">
    <skipped/>
  </testcase> <!-- @AfterMethod publishResult -->
  <testcase classname="test.SwagLabs1LoginTests" name="@BeforeMethod launchBrowser" time="-1.677591418679E9">
    <skipped/>
  </testcase> <!-- @BeforeMethod launchBrowser -->
  <testcase classname="test.SwagLabs1LoginTests" name="@AfterMethod publishResult" time="-1.677591418684E9">
    <skipped/>
  </testcase> <!-- @AfterMethod publishResult -->
  <testcase classname="test.SwagLabs1LoginTests" name="@BeforeMethod launchBrowser" time="-1.677591418686E9">
    <skipped/>
  </testcase> <!-- @BeforeMethod launchBrowser -->
  <testcase classname="test.SwagLabs1LoginTests" name="@AfterMethod publishResult" time="-1.677591418692E9">
    <skipped/>
  </testcase> <!-- @AfterMethod publishResult -->
  <testcase classname="test.SwagLabs1LoginTests" name="@AfterTest createReport" time="-1.677591418699E9">
    <skipped/>
  </testcase> <!-- @AfterTest createReport -->
  <testcase classname="test.SwagLabs1LoginTests" name="doLogin_ValidIdAndInvalidPwd_FailedLoginAndErrorMSG" time="1.477">
    <failure type="java.lang.NullPointerException" message="Cannot invoke &amp;quot;org.apache.poi.ss.usermodel.Cell.getStringCellValue()&amp;quot; because the return value of &amp;quot;org.apache.poi.ss.usermodel.Row.getCell(int)&amp;quot; is null">
      <![CDATA[java.lang.NullPointerException: Cannot invoke "org.apache.poi.ss.usermodel.Cell.getStringCellValue()" because the return value of "org.apache.poi.ss.usermodel.Row.getCell(int)" is null
at utility.Parameterization.getExelData(Parameterization.java:15)
at test.SwagLabs1LoginTests.doLogin_ValidIdAndInvalidPwd_FailedLoginAndErrorMSG(SwagLabs1LoginTests.java:76)
at java.base/java.util.ArrayList.forEach(ArrayList.java:1511)
... Removed 25 stack frames]]>
    </failure>
  </testcase> <!-- doLogin_ValidIdAndInvalidPwd_FailedLoginAndErrorMSG -->
  <testcase classname="test.SwagLabs1LoginTests" name="doLogin_InvalidIdAndvalidPwd_FailedLoginAndErrorMSG" time="0.0">
    <skipped/>
  </testcase> <!-- doLogin_InvalidIdAndvalidPwd_FailedLoginAndErrorMSG -->
  <testcase classname="test.SwagLabs1LoginTests" name="doLogin_InvalidIdAndInvalidPwd_FailedLoginAndErrorMSG" time="0.0">
    <skipped/>
  </testcase> <!-- doLogin_InvalidIdAndInvalidPwd_FailedLoginAndErrorMSG -->
  <testcase classname="test.SwagLabs1LoginTests" name="doLogin_EmptyIdAndGivenPwd_DisplayedWarningMSG" time="0.0">
    <skipped/>
  </testcase> <!-- doLogin_EmptyIdAndGivenPwd_DisplayedWarningMSG -->
  <testcase classname="test.SwagLabs1LoginTests" name="doLogin_EmptyPwdAndGivenId_DisplayedWarningMSG" time="0.0">
    <skipped/>
  </testcase> <!-- doLogin_EmptyPwdAndGivenId_DisplayedWarningMSG -->
  <testcase classname="test.SwagLabs1LoginTests" name="doLogin_Clickable_CompletedLogin" time="0.0">
    <skipped/>
  </testcase> <!-- doLogin_Clickable_CompletedLogin -->
  <testcase classname="test.SwagLabs1LoginTests" name="doLogin_EmptyIdAndEmptyPwd_DisplayedWarningMSG" time="0.0">
    <skipped/>
  </testcase> <!-- doLogin_EmptyIdAndEmptyPwd_DisplayedWarningMSG -->
</testsuite> <!-- Login Functionality Test - Chrome -->
