<?xml version="1.0" encoding="UTF-8"?>
<testng-results ignored="0" total="70" passed="60" failed="10" skipped="0">
  <reporter-output>
  </reporter-output>
  <suite started-at="2023-04-08T18:56:28 IST" name="RegressionSuite" finished-at="2023-04-08T19:03:24 IST" duration-ms="415809">
    <groups>
    </groups>
    <test started-at="2023-04-08T18:56:28 IST" name="Test" finished-at="2023-04-08T19:03:24 IST" duration-ms="415809">
      <class name="test.SwagLabs1LoginTest">
        <test-method is-config="true" signature="launchBrowser(java.lang.String)[pri:0, instance:test.SwagLabs1LoginTest@59662a0b]" started-at="2023-04-08T18:56:28 IST" name="launchBrowser" finished-at="2023-04-08T18:56:33 IST" duration-ms="4593" status="PASS">
          <params>
            <param index="0">
              <value>
                <![CDATA[chrome]]>
              </value>
            </param>
          </params>
          <reporter-output>
          </reporter-output>
        </test-method> <!-- launchBrowser -->
        <test-method signature="doLogin_1ValidId2ValidPwd_OpenedHomepage(java.lang.String,java.lang.String)[pri:1, instance:test.SwagLabs1LoginTest@59662a0b]" started-at="2023-04-08T18:56:33 IST" name="doLogin_1ValidId2ValidPwd_OpenedHomepage" data-provider="LoginData" finished-at="2023-04-08T18:56:33 IST" duration-ms="694" status="PASS">
          <params>
            <param index="0">
              <value>
                <![CDATA[standard_user]]>
              </value>
            </param>
            <param index="1">
              <value>
                <![CDATA[secret_sauce]]>
              </value>
            </param>
          </params>
          <reporter-output>
          </reporter-output>
        </test-method> <!-- doLogin_1ValidId2ValidPwd_OpenedHomepage -->
        <test-method is-config="true" signature="closeBrowser(org.testng.ITestResult)[pri:0, instance:test.SwagLabs1LoginTest@59662a0b]" started-at="2023-04-08T18:56:33 IST" name="closeBrowser" finished-at="2023-04-08T18:56:34 IST" duration-ms="383" status="PASS">
          <params>
            <param index="0">
              <value>
                <![CDATA[[TestResult name=doLogin_1ValidId2ValidPwd_OpenedHomepage status=SUCCESS method=SwagLabs1LoginTest.doLogin_1ValidId2ValidPwd_OpenedHomepage(java.lang.String,java.lang.String)[pri:1, instance:test.SwagLabs1LoginTest@59662a0b] output={null}]]]>
              </value>
            </param>
          </params>
          <reporter-output>
          </reporter-output>
        </test-method> <!-- closeBrowser -->
        <test-method is-config="true" signature="launchBrowser(java.lang.String)[pri:0, instance:test.SwagLabs1LoginTest@59662a0b]" started-at="2023-04-08T18:56:34 IST" name="launchBrowser" finished-at="2023-04-08T18:56:36 IST" duration-ms="2500" status="PASS">
          <params>
            <param index="0">
              <value>
                <![CDATA[chrome]]>
              </value>
            </param>
          </params>
          <reporter-output>
          </reporter-output>
        </test-method> <!-- launchBrowser -->
        <test-method signature="doLogin_1ValidId2ValidPwd_OpenedHomepage(java.lang.String,java.lang.String)[pri:1, instance:test.SwagLabs1LoginTest@59662a0b]" started-at="2023-04-08T18:56:36 IST" name="doLogin_1ValidId2ValidPwd_OpenedHomepage" data-provider="LoginData" finished-at="2023-04-08T18:56:37 IST" duration-ms="424" status="FAIL">
          <params>
            <param index="0">
              <value>
                <![CDATA[locked_out_user]]>
              </value>
            </param>
            <param index="1">
              <value>
                <![CDATA[secret_sauce]]>
              </value>
            </param>
          </params>
          <exception class="java.lang.AssertionError">
            <message>
              <![CDATA[expected [https://www.saucedemo.com/inventory.html] but found [https://www.saucedemo.com/]]]>
            </message>
            <full-stacktrace>
              <![CDATA[java.lang.AssertionError: expected [https://www.saucedemo.com/inventory.html] but found [https://www.saucedemo.com/]
at org.testng.Assert.fail(Assert.java:99)
at org.testng.Assert.failNotEquals(Assert.java:1037)
at org.testng.Assert.assertEqualsImpl(Assert.java:140)
at org.testng.Assert.assertEquals(Assert.java:122)
at org.testng.Assert.assertEquals(Assert.java:629)
at org.testng.Assert.assertEquals(Assert.java:639)
at test.SwagLabs1LoginTest.doLogin_1ValidId2ValidPwd_OpenedHomepage(SwagLabs1LoginTest.java:57)
at java.base/jdk.internal.reflect.DirectMethodHandleAccessor.invoke(DirectMethodHandleAccessor.java:104)
at java.base/java.lang.reflect.Method.invoke(Method.java:578)
at org.testng.internal.MethodInvocationHelper.invokeMethod(MethodInvocationHelper.java:133)
at org.testng.internal.TestInvoker.invokeMethod(TestInvoker.java:598)
at org.testng.internal.TestInvoker.invokeTestMethod(TestInvoker.java:173)
at org.testng.internal.MethodRunner.runInSequence(MethodRunner.java:46)
at org.testng.internal.TestInvoker$MethodInvocationAgent.invoke(TestInvoker.java:824)
at org.testng.internal.TestInvoker.invokeTestMethods(TestInvoker.java:146)
at org.testng.internal.TestMethodWorker.invokeTestMethods(TestMethodWorker.java:146)
at org.testng.internal.TestMethodWorker.run(TestMethodWorker.java:128)
at java.base/java.util.ArrayList.forEach(ArrayList.java:1511)
at org.testng.TestRunner.privateRun(TestRunner.java:794)
at org.testng.TestRunner.run(TestRunner.java:596)
at org.testng.SuiteRunner.runTest(SuiteRunner.java:377)
at org.testng.SuiteRunner.runSequentially(SuiteRunner.java:371)
at org.testng.SuiteRunner.privateRun(SuiteRunner.java:332)
at org.testng.SuiteRunner.run(SuiteRunner.java:276)
at org.testng.SuiteRunnerWorker.runSuite(SuiteRunnerWorker.java:53)
at org.testng.SuiteRunnerWorker.run(SuiteRunnerWorker.java:96)
at org.testng.TestNG.runSuitesSequentially(TestNG.java:1212)
at org.testng.TestNG.runSuitesLocally(TestNG.java:1134)
at org.testng.TestNG.runSuites(TestNG.java:1063)
at org.testng.TestNG.run(TestNG.java:1031)
at org.testng.remote.AbstractRemoteTestNG.run(AbstractRemoteTestNG.java:115)
at org.testng.remote.RemoteTestNG.initAndRun(RemoteTestNG.java:251)
at org.testng.remote.RemoteTestNG.main(RemoteTestNG.java:77)
]]>
            </full-stacktrace>
          </exception> <!-- java.lang.AssertionError -->
          <reporter-output>
          </reporter-output>
        </test-method> <!-- doLogin_1ValidId2ValidPwd_OpenedHomepage -->
        <test-method is-config="true" signature="closeBrowser(org.testng.ITestResult)[pri:0, instance:test.SwagLabs1LoginTest@59662a0b]" started-at="2023-04-08T18:56:37 IST" name="closeBrowser" finished-at="2023-04-08T18:56:37 IST" duration-ms="250" status="PASS">
          <params>
            <param index="0">
              <value>
                <![CDATA[[TestResult name=doLogin_1ValidId2ValidPwd_OpenedHomepage status=FAILURE method=SwagLabs1LoginTest.doLogin_1ValidId2ValidPwd_OpenedHomepage(java.lang.String,java.lang.String)[pri:1, instance:test.SwagLabs1LoginTest@59662a0b] output={null}]]]>
              </value>
            </param>
          </params>
          <reporter-output>
          </reporter-output>
        </test-method> <!-- closeBrowser -->
        <test-method is-config="true" signature="launchBrowser(java.lang.String)[pri:0, instance:test.SwagLabs1LoginTest@59662a0b]" started-at="2023-04-08T18:56:37 IST" name="launchBrowser" finished-at="2023-04-08T18:56:40 IST" duration-ms="3070" status="PASS">
          <params>
            <param index="0">
              <value>
                <![CDATA[chrome]]>
              </value>
            </param>
          </params>
          <reporter-output>
          </reporter-output>
        </test-method> <!-- launchBrowser -->
        <test-method signature="doLogin_1ValidId2ValidPwd_OpenedHomepage(java.lang.String,java.lang.String)[pri:1, instance:test.SwagLabs1LoginTest@59662a0b]" started-at="2023-04-08T18:56:40 IST" name="doLogin_1ValidId2ValidPwd_OpenedHomepage" data-provider="LoginData" finished-at="2023-04-08T18:56:41 IST" duration-ms="577" status="PASS">
          <params>
            <param index="0">
              <value>
                <![CDATA[problem_user]]>
              </value>
            </param>
            <param index="1">
              <value>
                <![CDATA[secret_sauce]]>
              </value>
            </param>
          </params>
          <reporter-output>
          </reporter-output>
        </test-method> <!-- doLogin_1ValidId2ValidPwd_OpenedHomepage -->
        <test-method is-config="true" signature="closeBrowser(org.testng.ITestResult)[pri:0, instance:test.SwagLabs1LoginTest@59662a0b]" started-at="2023-04-08T18:56:41 IST" name="closeBrowser" finished-at="2023-04-08T18:56:41 IST" duration-ms="305" status="PASS">
          <params>
            <param index="0">
              <value>
                <![CDATA[[TestResult name=doLogin_1ValidId2ValidPwd_OpenedHomepage status=SUCCESS method=SwagLabs1LoginTest.doLogin_1ValidId2ValidPwd_OpenedHomepage(java.lang.String,java.lang.String)[pri:1, instance:test.SwagLabs1LoginTest@59662a0b] output={null}]]]>
              </value>
            </param>
          </params>
          <reporter-output>
          </reporter-output>
        </test-method> <!-- closeBrowser -->
        <test-method is-config="true" signature="launchBrowser(java.lang.String)[pri:0, instance:test.SwagLabs1LoginTest@59662a0b]" started-at="2023-04-08T18:56:41 IST" name="launchBrowser" finished-at="2023-04-08T18:56:44 IST" duration-ms="2996" status="PASS">
          <params>
            <param index="0">
              <value>
                <![CDATA[chrome]]>
              </value>
            </param>
          </params>
          <reporter-output>
          </reporter-output>
        </test-method> <!-- launchBrowser -->
        <test-method signature="doLogin_1ValidId2ValidPwd_OpenedHomepage(java.lang.String,java.lang.String)[pri:1, instance:test.SwagLabs1LoginTest@59662a0b]" started-at="2023-04-08T18:56:44 IST" name="doLogin_1ValidId2ValidPwd_OpenedHomepage" data-provider="LoginData" finished-at="2023-04-08T18:56:50 IST" duration-ms="5643" status="PASS">
          <params>
            <param index="0">
              <value>
                <![CDATA[performance_glitch_user]]>
              </value>
            </param>
            <param index="1">
              <value>
                <![CDATA[secret_sauce]]>
              </value>
            </param>
          </params>
          <reporter-output>
          </reporter-output>
        </test-method> <!-- doLogin_1ValidId2ValidPwd_OpenedHomepage -->
        <test-method is-config="true" signature="closeBrowser(org.testng.ITestResult)[pri:0, instance:test.SwagLabs1LoginTest@59662a0b]" started-at="2023-04-08T18:56:50 IST" name="closeBrowser" finished-at="2023-04-08T18:56:50 IST" duration-ms="397" status="PASS">
          <params>
            <param index="0">
              <value>
                <![CDATA[[TestResult name=doLogin_1ValidId2ValidPwd_OpenedHomepage status=SUCCESS method=SwagLabs1LoginTest.doLogin_1ValidId2ValidPwd_OpenedHomepage(java.lang.String,java.lang.String)[pri:1, instance:test.SwagLabs1LoginTest@59662a0b] output={null}]]]>
              </value>
            </param>
          </params>
          <reporter-output>
          </reporter-output>
        </test-method> <!-- closeBrowser -->
        <test-method is-config="true" signature="launchBrowser(java.lang.String)[pri:0, instance:test.SwagLabs1LoginTest@59662a0b]" started-at="2023-04-08T18:56:50 IST" name="launchBrowser" finished-at="2023-04-08T18:56:56 IST" duration-ms="5696" status="PASS">
          <params>
            <param index="0">
              <value>
                <![CDATA[chrome]]>
              </value>
            </param>
          </params>
          <reporter-output>
          </reporter-output>
        </test-method> <!-- launchBrowser -->
        <test-method signature="doLogin_1ValidId2InvalidPwd_FailedLoginAndVerifyErrorMSG()[pri:2, instance:test.SwagLabs1LoginTest@59662a0b]" started-at="2023-04-08T18:56:56 IST" name="doLogin_1ValidId2InvalidPwd_FailedLoginAndVerifyErrorMSG" finished-at="2023-04-08T18:56:58 IST" duration-ms="1760" status="PASS">
          <reporter-output>
          </reporter-output>
        </test-method> <!-- doLogin_1ValidId2InvalidPwd_FailedLoginAndVerifyErrorMSG -->
        <test-method is-config="true" signature="closeBrowser(org.testng.ITestResult)[pri:0, instance:test.SwagLabs1LoginTest@59662a0b]" started-at="2023-04-08T18:56:58 IST" name="closeBrowser" finished-at="2023-04-08T18:56:59 IST" duration-ms="1232" status="PASS">
          <params>
            <param index="0">
              <value>
                <![CDATA[[TestResult name=doLogin_1ValidId2InvalidPwd_FailedLoginAndVerifyErrorMSG status=SUCCESS method=SwagLabs1LoginTest.doLogin_1ValidId2InvalidPwd_FailedLoginAndVerifyErrorMSG()[pri:2, instance:test.SwagLabs1LoginTest@59662a0b] output={null}]]]>
              </value>
            </param>
          </params>
          <reporter-output>
          </reporter-output>
        </test-method> <!-- closeBrowser -->
        <test-method is-config="true" signature="launchBrowser(java.lang.String)[pri:0, instance:test.SwagLabs1LoginTest@59662a0b]" started-at="2023-04-08T18:56:59 IST" name="launchBrowser" finished-at="2023-04-08T18:57:06 IST" duration-ms="6723" status="PASS">
          <params>
            <param index="0">
              <value>
                <![CDATA[chrome]]>
              </value>
            </param>
          </params>
          <reporter-output>
          </reporter-output>
        </test-method> <!-- launchBrowser -->
        <test-method signature="doLogin_1InvalidId2validPwd_FailedLoginAndVerifyErrorMSG()[pri:3, instance:test.SwagLabs1LoginTest@59662a0b]" started-at="2023-04-08T18:57:06 IST" name="doLogin_1InvalidId2validPwd_FailedLoginAndVerifyErrorMSG" finished-at="2023-04-08T18:57:07 IST" duration-ms="917" status="PASS">
          <reporter-output>
          </reporter-output>
        </test-method> <!-- doLogin_1InvalidId2validPwd_FailedLoginAndVerifyErrorMSG -->
        <test-method is-config="true" signature="closeBrowser(org.testng.ITestResult)[pri:0, instance:test.SwagLabs1LoginTest@59662a0b]" started-at="2023-04-08T18:57:07 IST" name="closeBrowser" finished-at="2023-04-08T18:57:07 IST" duration-ms="284" status="PASS">
          <params>
            <param index="0">
              <value>
                <![CDATA[[TestResult name=doLogin_1InvalidId2validPwd_FailedLoginAndVerifyErrorMSG status=SUCCESS method=SwagLabs1LoginTest.doLogin_1InvalidId2validPwd_FailedLoginAndVerifyErrorMSG()[pri:3, instance:test.SwagLabs1LoginTest@59662a0b] output={null}]]]>
              </value>
            </param>
          </params>
          <reporter-output>
          </reporter-output>
        </test-method> <!-- closeBrowser -->
        <test-method is-config="true" signature="launchBrowser(java.lang.String)[pri:0, instance:test.SwagLabs1LoginTest@59662a0b]" started-at="2023-04-08T18:57:07 IST" name="launchBrowser" finished-at="2023-04-08T18:57:11 IST" duration-ms="3669" status="PASS">
          <params>
            <param index="0">
              <value>
                <![CDATA[chrome]]>
              </value>
            </param>
          </params>
          <reporter-output>
          </reporter-output>
        </test-method> <!-- launchBrowser -->
        <test-method signature="doLogin_1InvalidId2InvalidPwd_FailedLoginAndVerifyErrorMSG()[pri:4, instance:test.SwagLabs1LoginTest@59662a0b]" started-at="2023-04-08T18:57:11 IST" name="doLogin_1InvalidId2InvalidPwd_FailedLoginAndVerifyErrorMSG" finished-at="2023-04-08T18:57:11 IST" duration-ms="902" status="PASS">
          <reporter-output>
          </reporter-output>
        </test-method> <!-- doLogin_1InvalidId2InvalidPwd_FailedLoginAndVerifyErrorMSG -->
        <test-method is-config="true" signature="closeBrowser(org.testng.ITestResult)[pri:0, instance:test.SwagLabs1LoginTest@59662a0b]" started-at="2023-04-08T18:57:11 IST" name="closeBrowser" finished-at="2023-04-08T18:57:12 IST" duration-ms="320" status="PASS">
          <params>
            <param index="0">
              <value>
                <![CDATA[[TestResult name=doLogin_1InvalidId2InvalidPwd_FailedLoginAndVerifyErrorMSG status=SUCCESS method=SwagLabs1LoginTest.doLogin_1InvalidId2InvalidPwd_FailedLoginAndVerifyErrorMSG()[pri:4, instance:test.SwagLabs1LoginTest@59662a0b] output={null}]]]>
              </value>
            </param>
          </params>
          <reporter-output>
          </reporter-output>
        </test-method> <!-- closeBrowser -->
        <test-method is-config="true" signature="launchBrowser(java.lang.String)[pri:0, instance:test.SwagLabs1LoginTest@59662a0b]" started-at="2023-04-08T18:57:12 IST" name="launchBrowser" finished-at="2023-04-08T18:57:15 IST" duration-ms="3569" status="PASS">
          <params>
            <param index="0">
              <value>
                <![CDATA[chrome]]>
              </value>
            </param>
          </params>
          <reporter-output>
          </reporter-output>
        </test-method> <!-- launchBrowser -->
        <test-method signature="doLogin_1EmptyId2GivenPwd_FailedLoginAndVerifyWarningMSG()[pri:5, instance:test.SwagLabs1LoginTest@59662a0b]" started-at="2023-04-08T18:57:15 IST" name="doLogin_1EmptyId2GivenPwd_FailedLoginAndVerifyWarningMSG" finished-at="2023-04-08T18:57:16 IST" duration-ms="631" status="PASS">
          <reporter-output>
          </reporter-output>
        </test-method> <!-- doLogin_1EmptyId2GivenPwd_FailedLoginAndVerifyWarningMSG -->
        <test-method is-config="true" signature="closeBrowser(org.testng.ITestResult)[pri:0, instance:test.SwagLabs1LoginTest@59662a0b]" started-at="2023-04-08T18:57:16 IST" name="closeBrowser" finished-at="2023-04-08T18:57:16 IST" duration-ms="281" status="PASS">
          <params>
            <param index="0">
              <value>
                <![CDATA[[TestResult name=doLogin_1EmptyId2GivenPwd_FailedLoginAndVerifyWarningMSG status=SUCCESS method=SwagLabs1LoginTest.doLogin_1EmptyId2GivenPwd_FailedLoginAndVerifyWarningMSG()[pri:5, instance:test.SwagLabs1LoginTest@59662a0b] output={null}]]]>
              </value>
            </param>
          </params>
          <reporter-output>
          </reporter-output>
        </test-method> <!-- closeBrowser -->
        <test-method is-config="true" signature="launchBrowser(java.lang.String)[pri:0, instance:test.SwagLabs1LoginTest@59662a0b]" started-at="2023-04-08T18:57:16 IST" name="launchBrowser" finished-at="2023-04-08T18:57:19 IST" duration-ms="3070" status="PASS">
          <params>
            <param index="0">
              <value>
                <![CDATA[chrome]]>
              </value>
            </param>
          </params>
          <reporter-output>
          </reporter-output>
        </test-method> <!-- launchBrowser -->
        <test-method signature="doLogin_1EmptyPwd2GivenId_FailedLoginAndVerifyWarningMSG()[pri:6, instance:test.SwagLabs1LoginTest@59662a0b]" started-at="2023-04-08T18:57:19 IST" name="doLogin_1EmptyPwd2GivenId_FailedLoginAndVerifyWarningMSG" finished-at="2023-04-08T18:57:20 IST" duration-ms="672" status="PASS">
          <reporter-output>
          </reporter-output>
        </test-method> <!-- doLogin_1EmptyPwd2GivenId_FailedLoginAndVerifyWarningMSG -->
        <test-method is-config="true" signature="closeBrowser(org.testng.ITestResult)[pri:0, instance:test.SwagLabs1LoginTest@59662a0b]" started-at="2023-04-08T18:57:20 IST" name="closeBrowser" finished-at="2023-04-08T18:57:20 IST" duration-ms="267" status="PASS">
          <params>
            <param index="0">
              <value>
                <![CDATA[[TestResult name=doLogin_1EmptyPwd2GivenId_FailedLoginAndVerifyWarningMSG status=SUCCESS method=SwagLabs1LoginTest.doLogin_1EmptyPwd2GivenId_FailedLoginAndVerifyWarningMSG()[pri:6, instance:test.SwagLabs1LoginTest@59662a0b] output={null}]]]>
              </value>
            </param>
          </params>
          <reporter-output>
          </reporter-output>
        </test-method> <!-- closeBrowser -->
        <test-method is-config="true" signature="launchBrowser(java.lang.String)[pri:0, instance:test.SwagLabs1LoginTest@59662a0b]" started-at="2023-04-08T18:57:20 IST" name="launchBrowser" finished-at="2023-04-08T18:57:23 IST" duration-ms="2540" status="PASS">
          <params>
            <param index="0">
              <value>
                <![CDATA[chrome]]>
              </value>
            </param>
          </params>
          <reporter-output>
          </reporter-output>
        </test-method> <!-- launchBrowser -->
        <test-method signature="doLogin_1EmptyId2EmptyPwd_FailedLoginAndVerifyWarningMSG()[pri:7, instance:test.SwagLabs1LoginTest@59662a0b]" started-at="2023-04-08T18:57:23 IST" name="doLogin_1EmptyId2EmptyPwd_FailedLoginAndVerifyWarningMSG" finished-at="2023-04-08T18:57:23 IST" duration-ms="467" status="PASS">
          <reporter-output>
          </reporter-output>
        </test-method> <!-- doLogin_1EmptyId2EmptyPwd_FailedLoginAndVerifyWarningMSG -->
        <test-method is-config="true" signature="closeBrowser(org.testng.ITestResult)[pri:0, instance:test.SwagLabs1LoginTest@59662a0b]" started-at="2023-04-08T18:57:23 IST" name="closeBrowser" finished-at="2023-04-08T18:57:24 IST" duration-ms="250" status="PASS">
          <params>
            <param index="0">
              <value>
                <![CDATA[[TestResult name=doLogin_1EmptyId2EmptyPwd_FailedLoginAndVerifyWarningMSG status=SUCCESS method=SwagLabs1LoginTest.doLogin_1EmptyId2EmptyPwd_FailedLoginAndVerifyWarningMSG()[pri:7, instance:test.SwagLabs1LoginTest@59662a0b] output={null}]]]>
              </value>
            </param>
          </params>
          <reporter-output>
          </reporter-output>
        </test-method> <!-- closeBrowser -->
        <test-method is-config="true" signature="launchBrowser(java.lang.String)[pri:0, instance:test.SwagLabs1LoginTest@59662a0b]" started-at="2023-04-08T18:57:24 IST" name="launchBrowser" finished-at="2023-04-08T18:57:26 IST" duration-ms="2899" status="PASS">
          <params>
            <param index="0">
              <value>
                <![CDATA[chrome]]>
              </value>
            </param>
          </params>
          <reporter-output>
          </reporter-output>
        </test-method> <!-- launchBrowser -->
        <test-method signature="doLogin_Clickable_CompletedLogin()[pri:8, instance:test.SwagLabs1LoginTest@59662a0b]" started-at="2023-04-08T18:57:26 IST" name="doLogin_Clickable_CompletedLogin" finished-at="2023-04-08T18:57:27 IST" duration-ms="825" status="PASS">
          <reporter-output>
          </reporter-output>
        </test-method> <!-- doLogin_Clickable_CompletedLogin -->
        <test-method is-config="true" signature="closeBrowser(org.testng.ITestResult)[pri:0, instance:test.SwagLabs1LoginTest@59662a0b]" started-at="2023-04-08T18:57:27 IST" name="closeBrowser" finished-at="2023-04-08T18:57:28 IST" duration-ms="317" status="PASS">
          <params>
            <param index="0">
              <value>
                <![CDATA[[TestResult name=doLogin_Clickable_CompletedLogin status=SUCCESS method=SwagLabs1LoginTest.doLogin_Clickable_CompletedLogin()[pri:8, instance:test.SwagLabs1LoginTest@59662a0b] output={null}]]]>
              </value>
            </param>
          </params>
          <reporter-output>
          </reporter-output>
        </test-method> <!-- closeBrowser -->
        <test-method is-config="true" signature="launchBrowser(java.lang.String)[pri:0, instance:test.SwagLabs1LoginTest@59662a0b]" started-at="2023-04-08T18:57:28 IST" name="launchBrowser" finished-at="2023-04-08T18:57:31 IST" duration-ms="3030" status="PASS">
          <params>
            <param index="0">
              <value>
                <![CDATA[chrome]]>
              </value>
            </param>
          </params>
          <reporter-output>
          </reporter-output>
        </test-method> <!-- launchBrowser -->
        <test-method signature="doLogin_SwagLabsLogo_DisplayedLogoAndVerifyText()[pri:9, instance:test.SwagLabs1LoginTest@59662a0b]" started-at="2023-04-08T18:57:31 IST" name="doLogin_SwagLabsLogo_DisplayedLogoAndVerifyText" finished-at="2023-04-08T18:57:31 IST" duration-ms="187" status="PASS">
          <reporter-output>
          </reporter-output>
        </test-method> <!-- doLogin_SwagLabsLogo_DisplayedLogoAndVerifyText -->
        <test-method is-config="true" signature="closeBrowser(org.testng.ITestResult)[pri:0, instance:test.SwagLabs1LoginTest@59662a0b]" started-at="2023-04-08T18:57:31 IST" name="closeBrowser" finished-at="2023-04-08T18:57:31 IST" duration-ms="263" status="PASS">
          <params>
            <param index="0">
              <value>
                <![CDATA[[TestResult name=doLogin_SwagLabsLogo_DisplayedLogoAndVerifyText status=SUCCESS method=SwagLabs1LoginTest.doLogin_SwagLabsLogo_DisplayedLogoAndVerifyText()[pri:9, instance:test.SwagLabs1LoginTest@59662a0b] output={null}]]]>
              </value>
            </param>
          </params>
          <reporter-output>
          </reporter-output>
        </test-method> <!-- closeBrowser -->
        <test-method is-config="true" signature="launchBrowser(java.lang.String)[pri:0, instance:test.SwagLabs1LoginTest@59662a0b]" started-at="2023-04-08T18:57:31 IST" name="launchBrowser" finished-at="2023-04-08T18:57:34 IST" duration-ms="3041" status="PASS">
          <params>
            <param index="0">
              <value>
                <![CDATA[chrome]]>
              </value>
            </param>
          </params>
          <reporter-output>
          </reporter-output>
        </test-method> <!-- launchBrowser -->
        <test-method signature="doLogin_ErrorBoxCancelButton_ClosedErrorOrWarningMSG()[pri:10, instance:test.SwagLabs1LoginTest@59662a0b]" started-at="2023-04-08T18:57:34 IST" name="doLogin_ErrorBoxCancelButton_ClosedErrorOrWarningMSG" finished-at="2023-04-08T18:57:45 IST" duration-ms="11153" status="PASS">
          <reporter-output>
          </reporter-output>
        </test-method> <!-- doLogin_ErrorBoxCancelButton_ClosedErrorOrWarningMSG -->
        <test-method is-config="true" signature="closeBrowser(org.testng.ITestResult)[pri:0, instance:test.SwagLabs1LoginTest@59662a0b]" started-at="2023-04-08T18:57:45 IST" name="closeBrowser" finished-at="2023-04-08T18:57:46 IST" duration-ms="314" status="PASS">
          <params>
            <param index="0">
              <value>
                <![CDATA[[TestResult name=doLogin_ErrorBoxCancelButton_ClosedErrorOrWarningMSG status=SUCCESS method=SwagLabs1LoginTest.doLogin_ErrorBoxCancelButton_ClosedErrorOrWarningMSG()[pri:10, instance:test.SwagLabs1LoginTest@59662a0b] output={null}]]]>
              </value>
            </param>
          </params>
          <reporter-output>
          </reporter-output>
        </test-method> <!-- closeBrowser -->
        <test-method is-config="true" signature="launchBrowser(java.lang.String)[pri:0, instance:test.SwagLabs1LoginTest@59662a0b]" started-at="2023-04-08T18:57:46 IST" name="launchBrowser" finished-at="2023-04-08T18:57:48 IST" duration-ms="2558" status="PASS">
          <params>
            <param index="0">
              <value>
                <![CDATA[chrome]]>
              </value>
            </param>
          </params>
          <reporter-output>
          </reporter-output>
        </test-method> <!-- launchBrowser -->
        <test-method signature="doLogin_PlaceHolderText_Displayed()[pri:11, instance:test.SwagLabs1LoginTest@59662a0b]" started-at="2023-04-08T18:57:48 IST" name="doLogin_PlaceHolderText_Displayed" finished-at="2023-04-08T18:57:48 IST" duration-ms="195" status="PASS">
          <reporter-output>
          </reporter-output>
        </test-method> <!-- doLogin_PlaceHolderText_Displayed -->
        <test-method is-config="true" signature="closeBrowser(org.testng.ITestResult)[pri:0, instance:test.SwagLabs1LoginTest@59662a0b]" started-at="2023-04-08T18:57:48 IST" name="closeBrowser" finished-at="2023-04-08T18:57:49 IST" duration-ms="330" status="PASS">
          <params>
            <param index="0">
              <value>
                <![CDATA[[TestResult name=doLogin_PlaceHolderText_Displayed status=SUCCESS method=SwagLabs1LoginTest.doLogin_PlaceHolderText_Displayed()[pri:11, instance:test.SwagLabs1LoginTest@59662a0b] output={null}]]]>
              </value>
            </param>
          </params>
          <reporter-output>
          </reporter-output>
        </test-method> <!-- closeBrowser -->
      </class> <!-- test.SwagLabs1LoginTest -->
      <class name="test.SwagLabs5CheckoutpageTest">
        <test-method is-config="true" signature="launchBrowser(java.lang.String)[pri:0, instance:test.SwagLabs5CheckoutpageTest@55182842]" started-at="2023-04-08T19:01:44 IST" name="launchBrowser" finished-at="2023-04-08T19:01:48 IST" duration-ms="4011" status="PASS">
          <params>
            <param index="0">
              <value>
                <![CDATA[chrome]]>
              </value>
            </param>
          </params>
          <reporter-output>
          </reporter-output>
        </test-method> <!-- launchBrowser -->
        <test-method signature="clickCheckout_FirstnamePlaceholderText_Displayed()[pri:1, instance:test.SwagLabs5CheckoutpageTest@55182842]" started-at="2023-04-08T19:01:48 IST" name="clickCheckout_FirstnamePlaceholderText_Displayed" finished-at="2023-04-08T19:01:48 IST" duration-ms="189" status="PASS">
          <reporter-output>
          </reporter-output>
        </test-method> <!-- clickCheckout_FirstnamePlaceholderText_Displayed -->
        <test-method is-config="true" signature="closeBrowser(org.testng.ITestResult)[pri:0, instance:test.SwagLabs5CheckoutpageTest@55182842]" started-at="2023-04-08T19:01:48 IST" name="closeBrowser" finished-at="2023-04-08T19:01:49 IST" duration-ms="250" status="PASS">
          <params>
            <param index="0">
              <value>
                <![CDATA[[TestResult name=clickCheckout_FirstnamePlaceholderText_Displayed status=SUCCESS method=SwagLabs5CheckoutpageTest.clickCheckout_FirstnamePlaceholderText_Displayed()[pri:1, instance:test.SwagLabs5CheckoutpageTest@55182842] output={null}]]]>
              </value>
            </param>
          </params>
          <reporter-output>
          </reporter-output>
        </test-method> <!-- closeBrowser -->
        <test-method is-config="true" signature="launchBrowser(java.lang.String)[pri:0, instance:test.SwagLabs5CheckoutpageTest@55182842]" started-at="2023-04-08T19:01:49 IST" name="launchBrowser" finished-at="2023-04-08T19:01:52 IST" duration-ms="3626" status="PASS">
          <params>
            <param index="0">
              <value>
                <![CDATA[chrome]]>
              </value>
            </param>
          </params>
          <reporter-output>
          </reporter-output>
        </test-method> <!-- launchBrowser -->
        <test-method signature="clickCheckout_LastnamePlaceholderText_Displayed()[pri:2, instance:test.SwagLabs5CheckoutpageTest@55182842]" started-at="2023-04-08T19:01:52 IST" name="clickCheckout_LastnamePlaceholderText_Displayed" finished-at="2023-04-08T19:01:52 IST" duration-ms="141" status="PASS">
          <reporter-output>
          </reporter-output>
        </test-method> <!-- clickCheckout_LastnamePlaceholderText_Displayed -->
        <test-method is-config="true" signature="closeBrowser(org.testng.ITestResult)[pri:0, instance:test.SwagLabs5CheckoutpageTest@55182842]" started-at="2023-04-08T19:01:52 IST" name="closeBrowser" finished-at="2023-04-08T19:01:53 IST" duration-ms="250" status="PASS">
          <params>
            <param index="0">
              <value>
                <![CDATA[[TestResult name=clickCheckout_LastnamePlaceholderText_Displayed status=SUCCESS method=SwagLabs5CheckoutpageTest.clickCheckout_LastnamePlaceholderText_Displayed()[pri:2, instance:test.SwagLabs5CheckoutpageTest@55182842] output={null}]]]>
              </value>
            </param>
          </params>
          <reporter-output>
          </reporter-output>
        </test-method> <!-- closeBrowser -->
        <test-method is-config="true" signature="launchBrowser(java.lang.String)[pri:0, instance:test.SwagLabs5CheckoutpageTest@55182842]" started-at="2023-04-08T19:01:53 IST" name="launchBrowser" finished-at="2023-04-08T19:01:56 IST" duration-ms="3733" status="PASS">
          <params>
            <param index="0">
              <value>
                <![CDATA[chrome]]>
              </value>
            </param>
          </params>
          <reporter-output>
          </reporter-output>
        </test-method> <!-- launchBrowser -->
        <test-method signature="clickCheckout_PincodePlaceholderText_Displayed()[pri:3, instance:test.SwagLabs5CheckoutpageTest@55182842]" started-at="2023-04-08T19:01:56 IST" name="clickCheckout_PincodePlaceholderText_Displayed" finished-at="2023-04-08T19:01:56 IST" duration-ms="37" status="FAIL">
          <exception class="java.lang.AssertionError">
            <message>
              <![CDATA[expected [Zip/Postal Code] but found [Last Name]]]>
            </message>
            <full-stacktrace>
              <![CDATA[java.lang.AssertionError: expected [Zip/Postal Code] but found [Last Name]
at org.testng.Assert.fail(Assert.java:99)
at org.testng.Assert.failNotEquals(Assert.java:1037)
at org.testng.Assert.assertEqualsImpl(Assert.java:140)
at org.testng.Assert.assertEquals(Assert.java:122)
at org.testng.Assert.assertEquals(Assert.java:629)
at org.testng.Assert.assertEquals(Assert.java:639)
at test.SwagLabs5CheckoutpageTest.clickCheckout_PincodePlaceholderText_Displayed(SwagLabs5CheckoutpageTest.java:80)
at java.base/jdk.internal.reflect.DirectMethodHandleAccessor.invoke(DirectMethodHandleAccessor.java:104)
at java.base/java.lang.reflect.Method.invoke(Method.java:578)
at org.testng.internal.MethodInvocationHelper.invokeMethod(MethodInvocationHelper.java:133)
at org.testng.internal.TestInvoker.invokeMethod(TestInvoker.java:598)
at org.testng.internal.TestInvoker.invokeTestMethod(TestInvoker.java:173)
at org.testng.internal.MethodRunner.runInSequence(MethodRunner.java:46)
at org.testng.internal.TestInvoker$MethodInvocationAgent.invoke(TestInvoker.java:824)
at org.testng.internal.TestInvoker.invokeTestMethods(TestInvoker.java:146)
at org.testng.internal.TestMethodWorker.invokeTestMethods(TestMethodWorker.java:146)
at org.testng.internal.TestMethodWorker.run(TestMethodWorker.java:128)
at java.base/java.util.ArrayList.forEach(ArrayList.java:1511)
at org.testng.TestRunner.privateRun(TestRunner.java:794)
at org.testng.TestRunner.run(TestRunner.java:596)
at org.testng.SuiteRunner.runTest(SuiteRunner.java:377)
at org.testng.SuiteRunner.runSequentially(SuiteRunner.java:371)
at org.testng.SuiteRunner.privateRun(SuiteRunner.java:332)
at org.testng.SuiteRunner.run(SuiteRunner.java:276)
at org.testng.SuiteRunnerWorker.runSuite(SuiteRunnerWorker.java:53)
at org.testng.SuiteRunnerWorker.run(SuiteRunnerWorker.java:96)
at org.testng.TestNG.runSuitesSequentially(TestNG.java:1212)
at org.testng.TestNG.runSuitesLocally(TestNG.java:1134)
at org.testng.TestNG.runSuites(TestNG.java:1063)
at org.testng.TestNG.run(TestNG.java:1031)
at org.testng.remote.AbstractRemoteTestNG.run(AbstractRemoteTestNG.java:115)
at org.testng.remote.RemoteTestNG.initAndRun(RemoteTestNG.java:251)
at org.testng.remote.RemoteTestNG.main(RemoteTestNG.java:77)
]]>
            </full-stacktrace>
          </exception> <!-- java.lang.AssertionError -->
          <reporter-output>
          </reporter-output>
        </test-method> <!-- clickCheckout_PincodePlaceholderText_Displayed -->
        <test-method is-config="true" signature="closeBrowser(org.testng.ITestResult)[pri:0, instance:test.SwagLabs5CheckoutpageTest@55182842]" started-at="2023-04-08T19:01:56 IST" name="closeBrowser" finished-at="2023-04-08T19:01:57 IST" duration-ms="306" status="PASS">
          <params>
            <param index="0">
              <value>
                <![CDATA[[TestResult name=clickCheckout_PincodePlaceholderText_Displayed status=FAILURE method=SwagLabs5CheckoutpageTest.clickCheckout_PincodePlaceholderText_Displayed()[pri:3, instance:test.SwagLabs5CheckoutpageTest@55182842] output={null}]]]>
              </value>
            </param>
          </params>
          <reporter-output>
          </reporter-output>
        </test-method> <!-- closeBrowser -->
        <test-method is-config="true" signature="launchBrowser(java.lang.String)[pri:0, instance:test.SwagLabs5CheckoutpageTest@55182842]" started-at="2023-04-08T19:01:57 IST" name="launchBrowser" finished-at="2023-04-08T19:02:00 IST" duration-ms="3596" status="PASS">
          <params>
            <param index="0">
              <value>
                <![CDATA[chrome]]>
              </value>
            </param>
          </params>
          <reporter-output>
          </reporter-output>
        </test-method> <!-- launchBrowser -->
        <test-method signature="clickCheckout_InvalidFirstname_DisplayedErrorMSG()[pri:4, instance:test.SwagLabs5CheckoutpageTest@55182842]" started-at="2023-04-08T19:02:00 IST" name="clickCheckout_InvalidFirstname_DisplayedErrorMSG" finished-at="2023-04-08T19:02:01 IST" duration-ms="627" status="FAIL">
          <exception class="java.lang.AssertionError">
            <message>
              <![CDATA[expected [https://www.saucedemo.com/checkout-step-two.html] but found [https://www.saucedemo.com/checkout-step-one.html]]]>
            </message>
            <full-stacktrace>
              <![CDATA[java.lang.AssertionError: expected [https://www.saucedemo.com/checkout-step-two.html] but found [https://www.saucedemo.com/checkout-step-one.html]
at org.testng.Assert.fail(Assert.java:99)
at org.testng.Assert.failNotEquals(Assert.java:1037)
at org.testng.Assert.assertEqualsImpl(Assert.java:140)
at org.testng.Assert.assertEquals(Assert.java:122)
at org.testng.Assert.assertEquals(Assert.java:629)
at org.testng.Assert.assertEquals(Assert.java:639)
at test.SwagLabs5CheckoutpageTest.clickCheckout_InvalidFirstname_DisplayedErrorMSG(SwagLabs5CheckoutpageTest.java:100)
at java.base/jdk.internal.reflect.DirectMethodHandleAccessor.invoke(DirectMethodHandleAccessor.java:104)
at java.base/java.lang.reflect.Method.invoke(Method.java:578)
at org.testng.internal.MethodInvocationHelper.invokeMethod(MethodInvocationHelper.java:133)
at org.testng.internal.TestInvoker.invokeMethod(TestInvoker.java:598)
at org.testng.internal.TestInvoker.invokeTestMethod(TestInvoker.java:173)
at org.testng.internal.MethodRunner.runInSequence(MethodRunner.java:46)
at org.testng.internal.TestInvoker$MethodInvocationAgent.invoke(TestInvoker.java:824)
at org.testng.internal.TestInvoker.invokeTestMethods(TestInvoker.java:146)
at org.testng.internal.TestMethodWorker.invokeTestMethods(TestMethodWorker.java:146)
at org.testng.internal.TestMethodWorker.run(TestMethodWorker.java:128)
at java.base/java.util.ArrayList.forEach(ArrayList.java:1511)
at org.testng.TestRunner.privateRun(TestRunner.java:794)
at org.testng.TestRunner.run(TestRunner.java:596)
at org.testng.SuiteRunner.runTest(SuiteRunner.java:377)
at org.testng.SuiteRunner.runSequentially(SuiteRunner.java:371)
at org.testng.SuiteRunner.privateRun(SuiteRunner.java:332)
at org.testng.SuiteRunner.run(SuiteRunner.java:276)
at org.testng.SuiteRunnerWorker.runSuite(SuiteRunnerWorker.java:53)
at org.testng.SuiteRunnerWorker.run(SuiteRunnerWorker.java:96)
at org.testng.TestNG.runSuitesSequentially(TestNG.java:1212)
at org.testng.TestNG.runSuitesLocally(TestNG.java:1134)
at org.testng.TestNG.runSuites(TestNG.java:1063)
at org.testng.TestNG.run(TestNG.java:1031)
at org.testng.remote.AbstractRemoteTestNG.run(AbstractRemoteTestNG.java:115)
at org.testng.remote.RemoteTestNG.initAndRun(RemoteTestNG.java:251)
at org.testng.remote.RemoteTestNG.main(RemoteTestNG.java:77)
]]>
            </full-stacktrace>
          </exception> <!-- java.lang.AssertionError -->
          <reporter-output>
          </reporter-output>
        </test-method> <!-- clickCheckout_InvalidFirstname_DisplayedErrorMSG -->
        <test-method is-config="true" signature="closeBrowser(org.testng.ITestResult)[pri:0, instance:test.SwagLabs5CheckoutpageTest@55182842]" started-at="2023-04-08T19:02:01 IST" name="closeBrowser" finished-at="2023-04-08T19:02:01 IST" duration-ms="306" status="PASS">
          <params>
            <param index="0">
              <value>
                <![CDATA[[TestResult name=clickCheckout_InvalidFirstname_DisplayedErrorMSG status=FAILURE method=SwagLabs5CheckoutpageTest.clickCheckout_InvalidFirstname_DisplayedErrorMSG()[pri:4, instance:test.SwagLabs5CheckoutpageTest@55182842] output={null}]]]>
              </value>
            </param>
          </params>
          <reporter-output>
          </reporter-output>
        </test-method> <!-- closeBrowser -->
        <test-method is-config="true" signature="launchBrowser(java.lang.String)[pri:0, instance:test.SwagLabs5CheckoutpageTest@55182842]" started-at="2023-04-08T19:02:01 IST" name="launchBrowser" finished-at="2023-04-08T19:02:07 IST" duration-ms="5416" status="PASS">
          <params>
            <param index="0">
              <value>
                <![CDATA[chrome]]>
              </value>
            </param>
          </params>
          <reporter-output>
          </reporter-output>
        </test-method> <!-- launchBrowser -->
        <test-method signature="clickCheckout_InvalidLastname_DisplayedErrorMSG()[pri:5, instance:test.SwagLabs5CheckoutpageTest@55182842]" started-at="2023-04-08T19:02:07 IST" name="clickCheckout_InvalidLastname_DisplayedErrorMSG" finished-at="2023-04-08T19:02:08 IST" duration-ms="615" status="FAIL">
          <exception class="java.lang.AssertionError">
            <message>
              <![CDATA[expected [https://www.saucedemo.com/checkout-step-two.html] but found [https://www.saucedemo.com/checkout-step-one.html]]]>
            </message>
            <full-stacktrace>
              <![CDATA[java.lang.AssertionError: expected [https://www.saucedemo.com/checkout-step-two.html] but found [https://www.saucedemo.com/checkout-step-one.html]
at org.testng.Assert.fail(Assert.java:99)
at org.testng.Assert.failNotEquals(Assert.java:1037)
at org.testng.Assert.assertEqualsImpl(Assert.java:140)
at org.testng.Assert.assertEquals(Assert.java:122)
at org.testng.Assert.assertEquals(Assert.java:629)
at org.testng.Assert.assertEquals(Assert.java:639)
at test.SwagLabs5CheckoutpageTest.clickCheckout_InvalidLastname_DisplayedErrorMSG(SwagLabs5CheckoutpageTest.java:120)
at java.base/jdk.internal.reflect.DirectMethodHandleAccessor.invoke(DirectMethodHandleAccessor.java:104)
at java.base/java.lang.reflect.Method.invoke(Method.java:578)
at org.testng.internal.MethodInvocationHelper.invokeMethod(MethodInvocationHelper.java:133)
at org.testng.internal.TestInvoker.invokeMethod(TestInvoker.java:598)
at org.testng.internal.TestInvoker.invokeTestMethod(TestInvoker.java:173)
at org.testng.internal.MethodRunner.runInSequence(MethodRunner.java:46)
at org.testng.internal.TestInvoker$MethodInvocationAgent.invoke(TestInvoker.java:824)
at org.testng.internal.TestInvoker.invokeTestMethods(TestInvoker.java:146)
at org.testng.internal.TestMethodWorker.invokeTestMethods(TestMethodWorker.java:146)
at org.testng.internal.TestMethodWorker.run(TestMethodWorker.java:128)
at java.base/java.util.ArrayList.forEach(ArrayList.java:1511)
at org.testng.TestRunner.privateRun(TestRunner.java:794)
at org.testng.TestRunner.run(TestRunner.java:596)
at org.testng.SuiteRunner.runTest(SuiteRunner.java:377)
at org.testng.SuiteRunner.runSequentially(SuiteRunner.java:371)
at org.testng.SuiteRunner.privateRun(SuiteRunner.java:332)
at org.testng.SuiteRunner.run(SuiteRunner.java:276)
at org.testng.SuiteRunnerWorker.runSuite(SuiteRunnerWorker.java:53)
at org.testng.SuiteRunnerWorker.run(SuiteRunnerWorker.java:96)
at org.testng.TestNG.runSuitesSequentially(TestNG.java:1212)
at org.testng.TestNG.runSuitesLocally(TestNG.java:1134)
at org.testng.TestNG.runSuites(TestNG.java:1063)
at org.testng.TestNG.run(TestNG.java:1031)
at org.testng.remote.AbstractRemoteTestNG.run(AbstractRemoteTestNG.java:115)
at org.testng.remote.RemoteTestNG.initAndRun(RemoteTestNG.java:251)
at org.testng.remote.RemoteTestNG.main(RemoteTestNG.java:77)
]]>
            </full-stacktrace>
          </exception> <!-- java.lang.AssertionError -->
          <reporter-output>
          </reporter-output>
        </test-method> <!-- clickCheckout_InvalidLastname_DisplayedErrorMSG -->
        <test-method is-config="true" signature="closeBrowser(org.testng.ITestResult)[pri:0, instance:test.SwagLabs5CheckoutpageTest@55182842]" started-at="2023-04-08T19:02:08 IST" name="closeBrowser" finished-at="2023-04-08T19:02:08 IST" duration-ms="252" status="PASS">
          <params>
            <param index="0">
              <value>
                <![CDATA[[TestResult name=clickCheckout_InvalidLastname_DisplayedErrorMSG status=FAILURE method=SwagLabs5CheckoutpageTest.clickCheckout_InvalidLastname_DisplayedErrorMSG()[pri:5, instance:test.SwagLabs5CheckoutpageTest@55182842] output={null}]]]>
              </value>
            </param>
          </params>
          <reporter-output>
          </reporter-output>
        </test-method> <!-- closeBrowser -->
        <test-method is-config="true" signature="launchBrowser(java.lang.String)[pri:0, instance:test.SwagLabs5CheckoutpageTest@55182842]" started-at="2023-04-08T19:02:08 IST" name="launchBrowser" finished-at="2023-04-08T19:02:12 IST" duration-ms="3985" status="PASS">
          <params>
            <param index="0">
              <value>
                <![CDATA[chrome]]>
              </value>
            </param>
          </params>
          <reporter-output>
          </reporter-output>
        </test-method> <!-- launchBrowser -->
        <test-method signature="clickCheckout_InvalidZipcode_DisplayedErrorMSG()[pri:6, instance:test.SwagLabs5CheckoutpageTest@55182842]" started-at="2023-04-08T19:02:12 IST" name="clickCheckout_InvalidZipcode_DisplayedErrorMSG" finished-at="2023-04-08T19:02:12 IST" duration-ms="581" status="FAIL">
          <exception class="java.lang.AssertionError">
            <message>
              <![CDATA[expected [https://www.saucedemo.com/checkout-step-two.html] but found [https://www.saucedemo.com/checkout-step-one.html]]]>
            </message>
            <full-stacktrace>
              <![CDATA[java.lang.AssertionError: expected [https://www.saucedemo.com/checkout-step-two.html] but found [https://www.saucedemo.com/checkout-step-one.html]
at org.testng.Assert.fail(Assert.java:99)
at org.testng.Assert.failNotEquals(Assert.java:1037)
at org.testng.Assert.assertEqualsImpl(Assert.java:140)
at org.testng.Assert.assertEquals(Assert.java:122)
at org.testng.Assert.assertEquals(Assert.java:629)
at org.testng.Assert.assertEquals(Assert.java:639)
at test.SwagLabs5CheckoutpageTest.clickCheckout_InvalidZipcode_DisplayedErrorMSG(SwagLabs5CheckoutpageTest.java:142)
at java.base/jdk.internal.reflect.DirectMethodHandleAccessor.invoke(DirectMethodHandleAccessor.java:104)
at java.base/java.lang.reflect.Method.invoke(Method.java:578)
at org.testng.internal.MethodInvocationHelper.invokeMethod(MethodInvocationHelper.java:133)
at org.testng.internal.TestInvoker.invokeMethod(TestInvoker.java:598)
at org.testng.internal.TestInvoker.invokeTestMethod(TestInvoker.java:173)
at org.testng.internal.MethodRunner.runInSequence(MethodRunner.java:46)
at org.testng.internal.TestInvoker$MethodInvocationAgent.invoke(TestInvoker.java:824)
at org.testng.internal.TestInvoker.invokeTestMethods(TestInvoker.java:146)
at org.testng.internal.TestMethodWorker.invokeTestMethods(TestMethodWorker.java:146)
at org.testng.internal.TestMethodWorker.run(TestMethodWorker.java:128)
at java.base/java.util.ArrayList.forEach(ArrayList.java:1511)
at org.testng.TestRunner.privateRun(TestRunner.java:794)
at org.testng.TestRunner.run(TestRunner.java:596)
at org.testng.SuiteRunner.runTest(SuiteRunner.java:377)
at org.testng.SuiteRunner.runSequentially(SuiteRunner.java:371)
at org.testng.SuiteRunner.privateRun(SuiteRunner.java:332)
at org.testng.SuiteRunner.run(SuiteRunner.java:276)
at org.testng.SuiteRunnerWorker.runSuite(SuiteRunnerWorker.java:53)
at org.testng.SuiteRunnerWorker.run(SuiteRunnerWorker.java:96)
at org.testng.TestNG.runSuitesSequentially(TestNG.java:1212)
at org.testng.TestNG.runSuitesLocally(TestNG.java:1134)
at org.testng.TestNG.runSuites(TestNG.java:1063)
at org.testng.TestNG.run(TestNG.java:1031)
at org.testng.remote.AbstractRemoteTestNG.run(AbstractRemoteTestNG.java:115)
at org.testng.remote.RemoteTestNG.initAndRun(RemoteTestNG.java:251)
at org.testng.remote.RemoteTestNG.main(RemoteTestNG.java:77)
]]>
            </full-stacktrace>
          </exception> <!-- java.lang.AssertionError -->
          <reporter-output>
          </reporter-output>
        </test-method> <!-- clickCheckout_InvalidZipcode_DisplayedErrorMSG -->
        <test-method is-config="true" signature="closeBrowser(org.testng.ITestResult)[pri:0, instance:test.SwagLabs5CheckoutpageTest@55182842]" started-at="2023-04-08T19:02:13 IST" name="closeBrowser" finished-at="2023-04-08T19:02:13 IST" duration-ms="295" status="PASS">
          <params>
            <param index="0">
              <value>
                <![CDATA[[TestResult name=clickCheckout_InvalidZipcode_DisplayedErrorMSG status=FAILURE method=SwagLabs5CheckoutpageTest.clickCheckout_InvalidZipcode_DisplayedErrorMSG()[pri:6, instance:test.SwagLabs5CheckoutpageTest@55182842] output={null}]]]>
              </value>
            </param>
          </params>
          <reporter-output>
          </reporter-output>
        </test-method> <!-- closeBrowser -->
        <test-method is-config="true" signature="launchBrowser(java.lang.String)[pri:0, instance:test.SwagLabs5CheckoutpageTest@55182842]" started-at="2023-04-08T19:02:13 IST" name="launchBrowser" finished-at="2023-04-08T19:02:17 IST" duration-ms="3760" status="PASS">
          <params>
            <param index="0">
              <value>
                <![CDATA[chrome]]>
              </value>
            </param>
          </params>
          <reporter-output>
          </reporter-output>
        </test-method> <!-- launchBrowser -->
        <test-method signature="clickCheckout_1EmptyFirstN2EmptyLastN3EmptyZipcode_DisplayedWarningMSG()[pri:7, instance:test.SwagLabs5CheckoutpageTest@55182842]" started-at="2023-04-08T19:02:17 IST" name="clickCheckout_1EmptyFirstN2EmptyLastN3EmptyZipcode_DisplayedWarningMSG" finished-at="2023-04-08T19:02:17 IST" duration-ms="243" status="PASS">
          <reporter-output>
          </reporter-output>
        </test-method> <!-- clickCheckout_1EmptyFirstN2EmptyLastN3EmptyZipcode_DisplayedWarningMSG -->
        <test-method is-config="true" signature="closeBrowser(org.testng.ITestResult)[pri:0, instance:test.SwagLabs5CheckoutpageTest@55182842]" started-at="2023-04-08T19:02:17 IST" name="closeBrowser" finished-at="2023-04-08T19:02:17 IST" duration-ms="252" status="PASS">
          <params>
            <param index="0">
              <value>
                <![CDATA[[TestResult name=clickCheckout_1EmptyFirstN2EmptyLastN3EmptyZipcode_DisplayedWarningMSG status=SUCCESS method=SwagLabs5CheckoutpageTest.clickCheckout_1EmptyFirstN2EmptyLastN3EmptyZipcode_DisplayedWarningMSG()[pri:7, instance:test.SwagLabs5CheckoutpageTest@55182842] output={null}]]]>
              </value>
            </param>
          </params>
          <reporter-output>
          </reporter-output>
        </test-method> <!-- closeBrowser -->
        <test-method is-config="true" signature="launchBrowser(java.lang.String)[pri:0, instance:test.SwagLabs5CheckoutpageTest@55182842]" started-at="2023-04-08T19:02:17 IST" name="launchBrowser" finished-at="2023-04-08T19:02:21 IST" duration-ms="3580" status="PASS">
          <params>
            <param index="0">
              <value>
                <![CDATA[chrome]]>
              </value>
            </param>
          </params>
          <reporter-output>
          </reporter-output>
        </test-method> <!-- launchBrowser -->
        <test-method signature="clickCheckout_1FillFirstN2EmptyLastN3EmptyZipcode_DisplayedWarningMSG()[pri:8, instance:test.SwagLabs5CheckoutpageTest@55182842]" started-at="2023-04-08T19:02:21 IST" name="clickCheckout_1FillFirstN2EmptyLastN3EmptyZipcode_DisplayedWarningMSG" finished-at="2023-04-08T19:02:21 IST" duration-ms="428" status="PASS">
          <reporter-output>
          </reporter-output>
        </test-method> <!-- clickCheckout_1FillFirstN2EmptyLastN3EmptyZipcode_DisplayedWarningMSG -->
        <test-method is-config="true" signature="closeBrowser(org.testng.ITestResult)[pri:0, instance:test.SwagLabs5CheckoutpageTest@55182842]" started-at="2023-04-08T19:02:21 IST" name="closeBrowser" finished-at="2023-04-08T19:02:22 IST" duration-ms="420" status="PASS">
          <params>
            <param index="0">
              <value>
                <![CDATA[[TestResult name=clickCheckout_1FillFirstN2EmptyLastN3EmptyZipcode_DisplayedWarningMSG status=SUCCESS method=SwagLabs5CheckoutpageTest.clickCheckout_1FillFirstN2EmptyLastN3EmptyZipcode_DisplayedWarningMSG()[pri:8, instance:test.SwagLabs5CheckoutpageTest@55182842] output={null}]]]>
              </value>
            </param>
          </params>
          <reporter-output>
          </reporter-output>
        </test-method> <!-- closeBrowser -->
        <test-method is-config="true" signature="launchBrowser(java.lang.String)[pri:0, instance:test.SwagLabs5CheckoutpageTest@55182842]" started-at="2023-04-08T19:02:22 IST" name="launchBrowser" finished-at="2023-04-08T19:02:26 IST" duration-ms="3977" status="PASS">
          <params>
            <param index="0">
              <value>
                <![CDATA[chrome]]>
              </value>
            </param>
          </params>
          <reporter-output>
          </reporter-output>
        </test-method> <!-- launchBrowser -->
        <test-method signature="clickCheckout_1FillFirstN2FillLastN3EmptyZipcode_DisplayedWarningMSG()[pri:9, instance:test.SwagLabs5CheckoutpageTest@55182842]" started-at="2023-04-08T19:02:26 IST" name="clickCheckout_1FillFirstN2FillLastN3EmptyZipcode_DisplayedWarningMSG" finished-at="2023-04-08T19:02:26 IST" duration-ms="489" status="PASS">
          <reporter-output>
          </reporter-output>
        </test-method> <!-- clickCheckout_1FillFirstN2FillLastN3EmptyZipcode_DisplayedWarningMSG -->
        <test-method is-config="true" signature="closeBrowser(org.testng.ITestResult)[pri:0, instance:test.SwagLabs5CheckoutpageTest@55182842]" started-at="2023-04-08T19:02:26 IST" name="closeBrowser" finished-at="2023-04-08T19:02:26 IST" duration-ms="269" status="PASS">
          <params>
            <param index="0">
              <value>
                <![CDATA[[TestResult name=clickCheckout_1FillFirstN2FillLastN3EmptyZipcode_DisplayedWarningMSG status=SUCCESS method=SwagLabs5CheckoutpageTest.clickCheckout_1FillFirstN2FillLastN3EmptyZipcode_DisplayedWarningMSG()[pri:9, instance:test.SwagLabs5CheckoutpageTest@55182842] output={null}]]]>
              </value>
            </param>
          </params>
          <reporter-output>
          </reporter-output>
        </test-method> <!-- closeBrowser -->
        <test-method is-config="true" signature="launchBrowser(java.lang.String)[pri:0, instance:test.SwagLabs5CheckoutpageTest@55182842]" started-at="2023-04-08T19:02:26 IST" name="launchBrowser" finished-at="2023-04-08T19:02:31 IST" duration-ms="4370" status="PASS">
          <params>
            <param index="0">
              <value>
                <![CDATA[chrome]]>
              </value>
            </param>
          </params>
          <reporter-output>
          </reporter-output>
        </test-method> <!-- launchBrowser -->
        <test-method signature="clickCheckout_1FillFirstN2FillLastN3FillZipcode_DisplayedWarningMSG()[pri:10, instance:test.SwagLabs5CheckoutpageTest@55182842]" started-at="2023-04-08T19:02:31 IST" name="clickCheckout_1FillFirstN2FillLastN3FillZipcode_DisplayedWarningMSG" finished-at="2023-04-08T19:02:36 IST" duration-ms="5655" status="FAIL">
          <exception class="org.openqa.selenium.NoSuchElementException">
            <message>
              <![CDATA[no such element: Unable to locate element: {"method":"xpath","selector":"//h3[@data-test='error']"}
  (Session info: chrome=111.0.5563.148)
For documentation on this error, please visit: https://selenium.dev/exceptions/#no_such_element
Build info: version: '4.8.1', revision: '8ebccac989'
System info: os.name: 'Windows 10', os.arch: 'amd64', os.version: '10.0', java.version: '19.0.2'
Driver info: org.openqa.selenium.chrome.ChromeDriver
Command: [6bbe6fca59f9f8460e17c20a8a1fa965, findElement {using=xpath, value=//h3[@data-test='error']}]
Capabilities {acceptInsecureCerts: false, browserName: chrome, browserVersion: 111.0.5563.148, chrome: {chromedriverVersion: 111.0.5563.64 (c710e93d5b63..., userDataDir: C:\Users\Admin\AppData\Loca...}, goog:chromeOptions: {debuggerAddress: localhost:54180}, networkConnectionEnabled: false, pageLoadStrategy: normal, platformName: WINDOWS, proxy: Proxy(), se:cdp: ws://localhost:54180/devtoo..., se:cdpVersion: 111.0.5563.148, setWindowRect: true, strictFileInteractability: false, timeouts: {implicit: 0, pageLoad: 300000, script: 30000}, unhandledPromptBehavior: dismiss and notify, webauthn:extension:credBlob: true, webauthn:extension:largeBlob: true, webauthn:extension:minPinLength: true, webauthn:extension:prf: true, webauthn:virtualAuthenticators: true}
Session ID: 6bbe6fca59f9f8460e17c20a8a1fa965]]>
            </message>
            <full-stacktrace>
              <![CDATA[org.openqa.selenium.NoSuchElementException: no such element: Unable to locate element: {"method":"xpath","selector":"//h3[@data-test='error']"}
  (Session info: chrome=111.0.5563.148)
For documentation on this error, please visit: https://selenium.dev/exceptions/#no_such_element
Build info: version: '4.8.1', revision: '8ebccac989'
System info: os.name: 'Windows 10', os.arch: 'amd64', os.version: '10.0', java.version: '19.0.2'
Driver info: org.openqa.selenium.chrome.ChromeDriver
Command: [6bbe6fca59f9f8460e17c20a8a1fa965, findElement {using=xpath, value=//h3[@data-test='error']}]
Capabilities {acceptInsecureCerts: false, browserName: chrome, browserVersion: 111.0.5563.148, chrome: {chromedriverVersion: 111.0.5563.64 (c710e93d5b63..., userDataDir: C:\Users\Admin\AppData\Loca...}, goog:chromeOptions: {debuggerAddress: localhost:54180}, networkConnectionEnabled: false, pageLoadStrategy: normal, platformName: WINDOWS, proxy: Proxy(), se:cdp: ws://localhost:54180/devtoo..., se:cdpVersion: 111.0.5563.148, setWindowRect: true, strictFileInteractability: false, timeouts: {implicit: 0, pageLoad: 300000, script: 30000}, unhandledPromptBehavior: dismiss and notify, webauthn:extension:credBlob: true, webauthn:extension:largeBlob: true, webauthn:extension:minPinLength: true, webauthn:extension:prf: true, webauthn:virtualAuthenticators: true}
Session ID: 6bbe6fca59f9f8460e17c20a8a1fa965
at java.base/jdk.internal.reflect.DirectConstructorHandleAccessor.newInstance(DirectConstructorHandleAccessor.java:67)
at java.base/java.lang.reflect.Constructor.newInstanceWithCaller(Constructor.java:500)
at java.base/java.lang.reflect.Constructor.newInstance(Constructor.java:484)
at org.openqa.selenium.remote.codec.w3c.W3CHttpResponseCodec.createException(W3CHttpResponseCodec.java:200)
at org.openqa.selenium.remote.codec.w3c.W3CHttpResponseCodec.decode(W3CHttpResponseCodec.java:133)
at org.openqa.selenium.remote.codec.w3c.W3CHttpResponseCodec.decode(W3CHttpResponseCodec.java:53)
at org.openqa.selenium.remote.HttpCommandExecutor.execute(HttpCommandExecutor.java:184)
at org.openqa.selenium.remote.service.DriverCommandExecutor.invokeExecute(DriverCommandExecutor.java:167)
at org.openqa.selenium.remote.service.DriverCommandExecutor.execute(DriverCommandExecutor.java:142)
at org.openqa.selenium.remote.RemoteWebDriver.execute(RemoteWebDriver.java:543)
at org.openqa.selenium.remote.ElementLocation$ElementFinder$2.findElement(ElementLocation.java:162)
at org.openqa.selenium.remote.ElementLocation.findElement(ElementLocation.java:60)
at org.openqa.selenium.remote.RemoteWebDriver.findElement(RemoteWebDriver.java:352)
at org.openqa.selenium.remote.RemoteWebDriver.findElement(RemoteWebDriver.java:344)
at org.openqa.selenium.support.pagefactory.DefaultElementLocator.findElement(DefaultElementLocator.java:70)
at org.openqa.selenium.support.pagefactory.internal.LocatingElementHandler.invoke(LocatingElementHandler.java:39)
at jdk.proxy2/jdk.proxy2.$Proxy20.getText(Unknown Source)
at pom.SwagLabCheckoutStepOnePage.getErrorMSG(SwagLabCheckoutStepOnePage.java:56)
at test.SwagLabs5CheckoutpageTest.clickCheckout_1FillFirstN2FillLastN3FillZipcode_DisplayedWarningMSG(SwagLabs5CheckoutpageTest.java:205)
at java.base/jdk.internal.reflect.DirectMethodHandleAccessor.invoke(DirectMethodHandleAccessor.java:104)
at java.base/java.lang.reflect.Method.invoke(Method.java:578)
at org.testng.internal.MethodInvocationHelper.invokeMethod(MethodInvocationHelper.java:133)
at org.testng.internal.TestInvoker.invokeMethod(TestInvoker.java:598)
at org.testng.internal.TestInvoker.invokeTestMethod(TestInvoker.java:173)
at org.testng.internal.MethodRunner.runInSequence(MethodRunner.java:46)
at org.testng.internal.TestInvoker$MethodInvocationAgent.invoke(TestInvoker.java:824)
at org.testng.internal.TestInvoker.invokeTestMethods(TestInvoker.java:146)
at org.testng.internal.TestMethodWorker.invokeTestMethods(TestMethodWorker.java:146)
at org.testng.internal.TestMethodWorker.run(TestMethodWorker.java:128)
at java.base/java.util.ArrayList.forEach(ArrayList.java:1511)
at org.testng.TestRunner.privateRun(TestRunner.java:794)
at org.testng.TestRunner.run(TestRunner.java:596)
at org.testng.SuiteRunner.runTest(SuiteRunner.java:377)
at org.testng.SuiteRunner.runSequentially(SuiteRunner.java:371)
at org.testng.SuiteRunner.privateRun(SuiteRunner.java:332)
at org.testng.SuiteRunner.run(SuiteRunner.java:276)
at org.testng.SuiteRunnerWorker.runSuite(SuiteRunnerWorker.java:53)
at org.testng.SuiteRunnerWorker.run(SuiteRunnerWorker.java:96)
at org.testng.TestNG.runSuitesSequentially(TestNG.java:1212)
at org.testng.TestNG.runSuitesLocally(TestNG.java:1134)
at org.testng.TestNG.runSuites(TestNG.java:1063)
at org.testng.TestNG.run(TestNG.java:1031)
at org.testng.remote.AbstractRemoteTestNG.run(AbstractRemoteTestNG.java:115)
at org.testng.remote.RemoteTestNG.initAndRun(RemoteTestNG.java:251)
at org.testng.remote.RemoteTestNG.main(RemoteTestNG.java:77)
]]>
            </full-stacktrace>
          </exception> <!-- org.openqa.selenium.NoSuchElementException -->
          <reporter-output>
          </reporter-output>
        </test-method> <!-- clickCheckout_1FillFirstN2FillLastN3FillZipcode_DisplayedWarningMSG -->
        <test-method is-config="true" signature="closeBrowser(org.testng.ITestResult)[pri:0, instance:test.SwagLabs5CheckoutpageTest@55182842]" started-at="2023-04-08T19:02:36 IST" name="closeBrowser" finished-at="2023-04-08T19:02:38 IST" duration-ms="1261" status="PASS">
          <params>
            <param index="0">
              <value>
                <![CDATA[[TestResult name=clickCheckout_1FillFirstN2FillLastN3FillZipcode_DisplayedWarningMSG status=FAILURE method=SwagLabs5CheckoutpageTest.clickCheckout_1FillFirstN2FillLastN3FillZipcode_DisplayedWarningMSG()[pri:10, instance:test.SwagLabs5CheckoutpageTest@55182842] output={null}]]]>
              </value>
            </param>
          </params>
          <reporter-output>
          </reporter-output>
        </test-method> <!-- closeBrowser -->
        <test-method is-config="true" signature="launchBrowser(java.lang.String)[pri:0, instance:test.SwagLabs5CheckoutpageTest@55182842]" started-at="2023-04-08T19:02:38 IST" name="launchBrowser" finished-at="2023-04-08T19:02:41 IST" duration-ms="3477" status="PASS">
          <params>
            <param index="0">
              <value>
                <![CDATA[chrome]]>
              </value>
            </param>
          </params>
          <reporter-output>
          </reporter-output>
        </test-method> <!-- launchBrowser -->
        <test-method signature="clickCheckout_1EmptyFirstN2FillLastN3EmptyZipcode_DisplayedWarningMSG()[pri:11, instance:test.SwagLabs5CheckoutpageTest@55182842]" started-at="2023-04-08T19:02:41 IST" name="clickCheckout_1EmptyFirstN2FillLastN3EmptyZipcode_DisplayedWarningMSG" finished-at="2023-04-08T19:02:42 IST" duration-ms="353" status="PASS">
          <reporter-output>
          </reporter-output>
        </test-method> <!-- clickCheckout_1EmptyFirstN2FillLastN3EmptyZipcode_DisplayedWarningMSG -->
        <test-method is-config="true" signature="closeBrowser(org.testng.ITestResult)[pri:0, instance:test.SwagLabs5CheckoutpageTest@55182842]" started-at="2023-04-08T19:02:42 IST" name="closeBrowser" finished-at="2023-04-08T19:02:42 IST" duration-ms="407" status="PASS">
          <params>
            <param index="0">
              <value>
                <![CDATA[[TestResult name=clickCheckout_1EmptyFirstN2FillLastN3EmptyZipcode_DisplayedWarningMSG status=SUCCESS method=SwagLabs5CheckoutpageTest.clickCheckout_1EmptyFirstN2FillLastN3EmptyZipcode_DisplayedWarningMSG()[pri:11, instance:test.SwagLabs5CheckoutpageTest@55182842] output={null}]]]>
              </value>
            </param>
          </params>
          <reporter-output>
          </reporter-output>
        </test-method> <!-- closeBrowser -->
        <test-method is-config="true" signature="launchBrowser(java.lang.String)[pri:0, instance:test.SwagLabs5CheckoutpageTest@55182842]" started-at="2023-04-08T19:02:42 IST" name="launchBrowser" finished-at="2023-04-08T19:02:46 IST" duration-ms="4085" status="PASS">
          <params>
            <param index="0">
              <value>
                <![CDATA[chrome]]>
              </value>
            </param>
          </params>
          <reporter-output>
          </reporter-output>
        </test-method> <!-- launchBrowser -->
        <test-method signature="clickCheckout_1EmptyFirstN2FillLastN3FillZipcode_DisplayedWarningMSG()[pri:12, instance:test.SwagLabs5CheckoutpageTest@55182842]" started-at="2023-04-08T19:02:46 IST" name="clickCheckout_1EmptyFirstN2FillLastN3FillZipcode_DisplayedWarningMSG" finished-at="2023-04-08T19:02:47 IST" duration-ms="488" status="PASS">
          <reporter-output>
          </reporter-output>
        </test-method> <!-- clickCheckout_1EmptyFirstN2FillLastN3FillZipcode_DisplayedWarningMSG -->
        <test-method is-config="true" signature="closeBrowser(org.testng.ITestResult)[pri:0, instance:test.SwagLabs5CheckoutpageTest@55182842]" started-at="2023-04-08T19:02:47 IST" name="closeBrowser" finished-at="2023-04-08T19:02:47 IST" duration-ms="282" status="PASS">
          <params>
            <param index="0">
              <value>
                <![CDATA[[TestResult name=clickCheckout_1EmptyFirstN2FillLastN3FillZipcode_DisplayedWarningMSG status=SUCCESS method=SwagLabs5CheckoutpageTest.clickCheckout_1EmptyFirstN2FillLastN3FillZipcode_DisplayedWarningMSG()[pri:12, instance:test.SwagLabs5CheckoutpageTest@55182842] output={null}]]]>
              </value>
            </param>
          </params>
          <reporter-output>
          </reporter-output>
        </test-method> <!-- closeBrowser -->
        <test-method is-config="true" signature="launchBrowser(java.lang.String)[pri:0, instance:test.SwagLabs5CheckoutpageTest@55182842]" started-at="2023-04-08T19:02:47 IST" name="launchBrowser" finished-at="2023-04-08T19:02:51 IST" duration-ms="3679" status="PASS">
          <params>
            <param index="0">
              <value>
                <![CDATA[chrome]]>
              </value>
            </param>
          </params>
          <reporter-output>
          </reporter-output>
        </test-method> <!-- launchBrowser -->
        <test-method signature="clickCheckout_1EmptyFirstN2EmptyLastN3FillZipcode_DisplayedWarningMSG()[pri:13, instance:test.SwagLabs5CheckoutpageTest@55182842]" started-at="2023-04-08T19:02:51 IST" name="clickCheckout_1EmptyFirstN2EmptyLastN3FillZipcode_DisplayedWarningMSG" finished-at="2023-04-08T19:02:51 IST" duration-ms="379" status="PASS">
          <reporter-output>
          </reporter-output>
        </test-method> <!-- clickCheckout_1EmptyFirstN2EmptyLastN3FillZipcode_DisplayedWarningMSG -->
        <test-method is-config="true" signature="closeBrowser(org.testng.ITestResult)[pri:0, instance:test.SwagLabs5CheckoutpageTest@55182842]" started-at="2023-04-08T19:02:51 IST" name="closeBrowser" finished-at="2023-04-08T19:02:51 IST" duration-ms="282" status="PASS">
          <params>
            <param index="0">
              <value>
                <![CDATA[[TestResult name=clickCheckout_1EmptyFirstN2EmptyLastN3FillZipcode_DisplayedWarningMSG status=SUCCESS method=SwagLabs5CheckoutpageTest.clickCheckout_1EmptyFirstN2EmptyLastN3FillZipcode_DisplayedWarningMSG()[pri:13, instance:test.SwagLabs5CheckoutpageTest@55182842] output={null}]]]>
              </value>
            </param>
          </params>
          <reporter-output>
          </reporter-output>
        </test-method> <!-- closeBrowser -->
        <test-method is-config="true" signature="launchBrowser(java.lang.String)[pri:0, instance:test.SwagLabs5CheckoutpageTest@55182842]" started-at="2023-04-08T19:02:51 IST" name="launchBrowser" finished-at="2023-04-08T19:02:54 IST" duration-ms="3255" status="PASS">
          <params>
            <param index="0">
              <value>
                <![CDATA[chrome]]>
              </value>
            </param>
          </params>
          <reporter-output>
          </reporter-output>
        </test-method> <!-- launchBrowser -->
        <test-method signature="clickCheckout_1FillFirstN2EmptyLastN3FillZipcode_DisplayedWarningMSG()[pri:14, instance:test.SwagLabs5CheckoutpageTest@55182842]" started-at="2023-04-08T19:02:54 IST" name="clickCheckout_1FillFirstN2EmptyLastN3FillZipcode_DisplayedWarningMSG" finished-at="2023-04-08T19:02:55 IST" duration-ms="481" status="PASS">
          <reporter-output>
          </reporter-output>
        </test-method> <!-- clickCheckout_1FillFirstN2EmptyLastN3FillZipcode_DisplayedWarningMSG -->
        <test-method is-config="true" signature="closeBrowser(org.testng.ITestResult)[pri:0, instance:test.SwagLabs5CheckoutpageTest@55182842]" started-at="2023-04-08T19:02:55 IST" name="closeBrowser" finished-at="2023-04-08T19:02:55 IST" duration-ms="252" status="PASS">
          <params>
            <param index="0">
              <value>
                <![CDATA[[TestResult name=clickCheckout_1FillFirstN2EmptyLastN3FillZipcode_DisplayedWarningMSG status=SUCCESS method=SwagLabs5CheckoutpageTest.clickCheckout_1FillFirstN2EmptyLastN3FillZipcode_DisplayedWarningMSG()[pri:14, instance:test.SwagLabs5CheckoutpageTest@55182842] output={null}]]]>
              </value>
            </param>
          </params>
          <reporter-output>
          </reporter-output>
        </test-method> <!-- closeBrowser -->
        <test-method is-config="true" signature="launchBrowser(java.lang.String)[pri:0, instance:test.SwagLabs5CheckoutpageTest@55182842]" started-at="2023-04-08T19:02:55 IST" name="launchBrowser" finished-at="2023-04-08T19:02:59 IST" duration-ms="3379" status="PASS">
          <params>
            <param index="0">
              <value>
                <![CDATA[chrome]]>
              </value>
            </param>
          </params>
          <reporter-output>
          </reporter-output>
        </test-method> <!-- launchBrowser -->
        <test-method signature="clickCheckout_CancelButton_RedirectedToCartpage()[pri:15, instance:test.SwagLabs5CheckoutpageTest@55182842]" started-at="2023-04-08T19:02:59 IST" name="clickCheckout_CancelButton_RedirectedToCartpage" finished-at="2023-04-08T19:02:59 IST" duration-ms="188" status="PASS">
          <reporter-output>
          </reporter-output>
        </test-method> <!-- clickCheckout_CancelButton_RedirectedToCartpage -->
        <test-method is-config="true" signature="closeBrowser(org.testng.ITestResult)[pri:0, instance:test.SwagLabs5CheckoutpageTest@55182842]" started-at="2023-04-08T19:02:59 IST" name="closeBrowser" finished-at="2023-04-08T19:02:59 IST" duration-ms="251" status="PASS">
          <params>
            <param index="0">
              <value>
                <![CDATA[[TestResult name=clickCheckout_CancelButton_RedirectedToCartpage status=SUCCESS method=SwagLabs5CheckoutpageTest.clickCheckout_CancelButton_RedirectedToCartpage()[pri:15, instance:test.SwagLabs5CheckoutpageTest@55182842] output={null}]]]>
              </value>
            </param>
          </params>
          <reporter-output>
          </reporter-output>
        </test-method> <!-- closeBrowser -->
      </class> <!-- test.SwagLabs5CheckoutpageTest -->
      <class name="test.SwagLabs7CheckoutCompletepage">
        <test-method is-config="true" signature="launchBrowser(java.lang.String)[pri:0, instance:test.SwagLabs7CheckoutCompletepage@5656be13]" started-at="2023-04-08T19:03:13 IST" name="launchBrowser" finished-at="2023-04-08T19:03:18 IST" duration-ms="4312" status="PASS">
          <params>
            <param index="0">
              <value>
                <![CDATA[chrome]]>
              </value>
            </param>
          </params>
          <reporter-output>
          </reporter-output>
        </test-method> <!-- launchBrowser -->
        <test-method signature="openCheckoutComplete_GreetInformation_Displyed()[pri:1, instance:test.SwagLabs7CheckoutCompletepage@5656be13]" started-at="2023-04-08T19:03:18 IST" name="openCheckoutComplete_GreetInformation_Displyed" finished-at="2023-04-08T19:03:18 IST" duration-ms="200" status="PASS">
          <reporter-output>
          </reporter-output>
        </test-method> <!-- openCheckoutComplete_GreetInformation_Displyed -->
        <test-method is-config="true" signature="closeBrowser(org.testng.ITestResult)[pri:0, instance:test.SwagLabs7CheckoutCompletepage@5656be13]" started-at="2023-04-08T19:03:18 IST" name="closeBrowser" finished-at="2023-04-08T19:03:18 IST" duration-ms="310" status="PASS">
          <params>
            <param index="0">
              <value>
                <![CDATA[[TestResult name=openCheckoutComplete_GreetInformation_Displyed status=SUCCESS method=SwagLabs7CheckoutCompletepage.openCheckoutComplete_GreetInformation_Displyed()[pri:1, instance:test.SwagLabs7CheckoutCompletepage@5656be13] output={null}]]]>
              </value>
            </param>
          </params>
          <reporter-output>
          </reporter-output>
        </test-method> <!-- closeBrowser -->
        <test-method is-config="true" signature="launchBrowser(java.lang.String)[pri:0, instance:test.SwagLabs7CheckoutCompletepage@5656be13]" started-at="2023-04-08T19:03:18 IST" name="launchBrowser" finished-at="2023-04-08T19:03:23 IST" duration-ms="4645" status="PASS">
          <params>
            <param index="0">
              <value>
                <![CDATA[chrome]]>
              </value>
            </param>
          </params>
          <reporter-output>
          </reporter-output>
        </test-method> <!-- launchBrowser -->
        <test-method signature="openCheckoutComplete_BackToHomeButton_RedirectedToProductpage()[pri:2, instance:test.SwagLabs7CheckoutCompletepage@5656be13]" started-at="2023-04-08T19:03:23 IST" name="openCheckoutComplete_BackToHomeButton_RedirectedToProductpage" finished-at="2023-04-08T19:03:23 IST" duration-ms="269" status="PASS">
          <reporter-output>
          </reporter-output>
        </test-method> <!-- openCheckoutComplete_BackToHomeButton_RedirectedToProductpage -->
        <test-method is-config="true" signature="closeBrowser(org.testng.ITestResult)[pri:0, instance:test.SwagLabs7CheckoutCompletepage@5656be13]" started-at="2023-04-08T19:03:23 IST" name="closeBrowser" finished-at="2023-04-08T19:03:24 IST" duration-ms="411" status="PASS">
          <params>
            <param index="0">
              <value>
                <![CDATA[[TestResult name=openCheckoutComplete_BackToHomeButton_RedirectedToProductpage status=SUCCESS method=SwagLabs7CheckoutCompletepage.openCheckoutComplete_BackToHomeButton_RedirectedToProductpage()[pri:2, instance:test.SwagLabs7CheckoutCompletepage@5656be13] output={null}]]]>
              </value>
            </param>
          </params>
          <reporter-output>
          </reporter-output>
        </test-method> <!-- closeBrowser -->
      </class> <!-- test.SwagLabs7CheckoutCompletepage -->
      <class name="test.SwagLabs6CheckoutOverviewpage">
        <test-method is-config="true" signature="launchBrowser(java.lang.String)[pri:0, instance:test.SwagLabs6CheckoutOverviewpage@235834f2]" started-at="2023-04-08T19:02:59 IST" name="launchBrowser" finished-at="2023-04-08T19:03:03 IST" duration-ms="4186" status="PASS">
          <params>
            <param index="0">
              <value>
                <![CDATA[chrome]]>
              </value>
            </param>
          </params>
          <reporter-output>
          </reporter-output>
        </test-method> <!-- launchBrowser -->
        <test-method signature="openCheckoutOverview_PurchaseInformation_Checked()[pri:1, instance:test.SwagLabs6CheckoutOverviewpage@235834f2]" started-at="2023-04-08T19:03:03 IST" name="openCheckoutOverview_PurchaseInformation_Checked" finished-at="2023-04-08T19:03:04 IST" duration-ms="460" status="PASS">
          <reporter-output>
          </reporter-output>
        </test-method> <!-- openCheckoutOverview_PurchaseInformation_Checked -->
        <test-method is-config="true" signature="closeBrowser(org.testng.ITestResult)[pri:0, instance:test.SwagLabs6CheckoutOverviewpage@235834f2]" started-at="2023-04-08T19:03:04 IST" name="closeBrowser" finished-at="2023-04-08T19:03:04 IST" duration-ms="362" status="PASS">
          <params>
            <param index="0">
              <value>
                <![CDATA[[TestResult name=openCheckoutOverview_PurchaseInformation_Checked status=SUCCESS method=SwagLabs6CheckoutOverviewpage.openCheckoutOverview_PurchaseInformation_Checked()[pri:1, instance:test.SwagLabs6CheckoutOverviewpage@235834f2] output={null}]]]>
              </value>
            </param>
          </params>
          <reporter-output>
          </reporter-output>
        </test-method> <!-- closeBrowser -->
        <test-method is-config="true" signature="launchBrowser(java.lang.String)[pri:0, instance:test.SwagLabs6CheckoutOverviewpage@235834f2]" started-at="2023-04-08T19:03:04 IST" name="launchBrowser" finished-at="2023-04-08T19:03:08 IST" duration-ms="4044" status="PASS">
          <params>
            <param index="0">
              <value>
                <![CDATA[chrome]]>
              </value>
            </param>
          </params>
          <reporter-output>
          </reporter-output>
        </test-method> <!-- launchBrowser -->
        <test-method signature="openCheckoutOverview_FinishButton_RedirectedToCheckoutComplete()[pri:2, instance:test.SwagLabs6CheckoutOverviewpage@235834f2]" started-at="2023-04-08T19:03:08 IST" name="openCheckoutOverview_FinishButton_RedirectedToCheckoutComplete" finished-at="2023-04-08T19:03:08 IST" duration-ms="224" status="PASS">
          <reporter-output>
          </reporter-output>
        </test-method> <!-- openCheckoutOverview_FinishButton_RedirectedToCheckoutComplete -->
        <test-method is-config="true" signature="closeBrowser(org.testng.ITestResult)[pri:0, instance:test.SwagLabs6CheckoutOverviewpage@235834f2]" started-at="2023-04-08T19:03:08 IST" name="closeBrowser" finished-at="2023-04-08T19:03:09 IST" duration-ms="251" status="PASS">
          <params>
            <param index="0">
              <value>
                <![CDATA[[TestResult name=openCheckoutOverview_FinishButton_RedirectedToCheckoutComplete status=SUCCESS method=SwagLabs6CheckoutOverviewpage.openCheckoutOverview_FinishButton_RedirectedToCheckoutComplete()[pri:2, instance:test.SwagLabs6CheckoutOverviewpage@235834f2] output={null}]]]>
              </value>
            </param>
          </params>
          <reporter-output>
          </reporter-output>
        </test-method> <!-- closeBrowser -->
        <test-method is-config="true" signature="launchBrowser(java.lang.String)[pri:0, instance:test.SwagLabs6CheckoutOverviewpage@235834f2]" started-at="2023-04-08T19:03:09 IST" name="launchBrowser" finished-at="2023-04-08T19:03:13 IST" duration-ms="4309" status="PASS">
          <params>
            <param index="0">
              <value>
                <![CDATA[chrome]]>
              </value>
            </param>
          </params>
          <reporter-output>
          </reporter-output>
        </test-method> <!-- launchBrowser -->
        <test-method signature="openCheckoutOverview_CancelButton_RedirectedToProductpage()[pri:3, instance:test.SwagLabs6CheckoutOverviewpage@235834f2]" started-at="2023-04-08T19:03:13 IST" name="openCheckoutOverview_CancelButton_RedirectedToProductpage" finished-at="2023-04-08T19:03:13 IST" duration-ms="225" status="PASS">
          <reporter-output>
          </reporter-output>
        </test-method> <!-- openCheckoutOverview_CancelButton_RedirectedToProductpage -->
        <test-method is-config="true" signature="closeBrowser(org.testng.ITestResult)[pri:0, instance:test.SwagLabs6CheckoutOverviewpage@235834f2]" started-at="2023-04-08T19:03:13 IST" name="closeBrowser" finished-at="2023-04-08T19:03:13 IST" duration-ms="309" status="PASS">
          <params>
            <param index="0">
              <value>
                <![CDATA[[TestResult name=openCheckoutOverview_CancelButton_RedirectedToProductpage status=SUCCESS method=SwagLabs6CheckoutOverviewpage.openCheckoutOverview_CancelButton_RedirectedToProductpage()[pri:3, instance:test.SwagLabs6CheckoutOverviewpage@235834f2] output={null}]]]>
              </value>
            </param>
          </params>
          <reporter-output>
          </reporter-output>
        </test-method> <!-- closeBrowser -->
      </class> <!-- test.SwagLabs6CheckoutOverviewpage -->
      <class name="test.SwagLabs3ProductpageTest">
        <test-method is-config="true" signature="openInventorypage()[pri:0, instance:test.SwagLabs3ProductpageTest@47eaca72]" started-at="2023-04-08T19:00:37 IST" name="openInventorypage" finished-at="2023-04-08T19:00:40 IST" duration-ms="3058" status="PASS">
          <reporter-output>
          </reporter-output>
        </test-method> <!-- openInventorypage -->
        <test-method signature="clickProduct_ProductImg_OpenedProductpage()[pri:1, instance:test.SwagLabs3ProductpageTest@47eaca72]" started-at="2023-04-08T19:00:40 IST" name="clickProduct_ProductImg_OpenedProductpage" finished-at="2023-04-08T19:00:41 IST" duration-ms="606" status="PASS">
          <reporter-output>
          </reporter-output>
        </test-method> <!-- clickProduct_ProductImg_OpenedProductpage -->
        <test-method is-config="true" signature="closeBrowser(org.testng.ITestResult)[pri:0, instance:test.SwagLabs3ProductpageTest@47eaca72]" started-at="2023-04-08T19:00:41 IST" name="closeBrowser" finished-at="2023-04-08T19:00:41 IST" duration-ms="311" status="PASS">
          <params>
            <param index="0">
              <value>
                <![CDATA[[TestResult name=clickProduct_ProductImg_OpenedProductpage status=SUCCESS method=SwagLabs3ProductpageTest.clickProduct_ProductImg_OpenedProductpage()[pri:1, instance:test.SwagLabs3ProductpageTest@47eaca72] output={null}]]]>
              </value>
            </param>
          </params>
          <reporter-output>
          </reporter-output>
        </test-method> <!-- closeBrowser -->
        <test-method is-config="true" signature="openInventorypage()[pri:0, instance:test.SwagLabs3ProductpageTest@47eaca72]" started-at="2023-04-08T19:00:41 IST" name="openInventorypage" finished-at="2023-04-08T19:00:45 IST" duration-ms="4078" status="PASS">
          <reporter-output>
          </reporter-output>
        </test-method> <!-- openInventorypage -->
        <test-method signature="clickProduct_ProductBanner_OpenedProductpage()[pri:2, instance:test.SwagLabs3ProductpageTest@47eaca72]" started-at="2023-04-08T19:00:45 IST" name="clickProduct_ProductBanner_OpenedProductpage" finished-at="2023-04-08T19:00:45 IST" duration-ms="357" status="PASS">
          <reporter-output>
          </reporter-output>
        </test-method> <!-- clickProduct_ProductBanner_OpenedProductpage -->
        <test-method is-config="true" signature="closeBrowser(org.testng.ITestResult)[pri:0, instance:test.SwagLabs3ProductpageTest@47eaca72]" started-at="2023-04-08T19:00:45 IST" name="closeBrowser" finished-at="2023-04-08T19:00:46 IST" duration-ms="312" status="PASS">
          <params>
            <param index="0">
              <value>
                <![CDATA[[TestResult name=clickProduct_ProductBanner_OpenedProductpage status=SUCCESS method=SwagLabs3ProductpageTest.clickProduct_ProductBanner_OpenedProductpage()[pri:2, instance:test.SwagLabs3ProductpageTest@47eaca72] output={null}]]]>
              </value>
            </param>
          </params>
          <reporter-output>
          </reporter-output>
        </test-method> <!-- closeBrowser -->
        <test-method is-config="true" signature="openInventorypage()[pri:0, instance:test.SwagLabs3ProductpageTest@47eaca72]" started-at="2023-04-08T19:00:46 IST" name="openInventorypage" finished-at="2023-04-08T19:00:50 IST" duration-ms="4314" status="PASS">
          <reporter-output>
          </reporter-output>
        </test-method> <!-- openInventorypage -->
        <test-method signature="clickProduct_ProductBanner$Description$Price_Checked()[pri:3, instance:test.SwagLabs3ProductpageTest@47eaca72]" started-at="2023-04-08T19:00:50 IST" name="clickProduct_ProductBanner$Description$Price_Checked" finished-at="2023-04-08T19:00:50 IST" duration-ms="326" status="PASS">
          <reporter-output>
          </reporter-output>
        </test-method> <!-- clickProduct_ProductBanner$Description$Price_Checked -->
        <test-method is-config="true" signature="closeBrowser(org.testng.ITestResult)[pri:0, instance:test.SwagLabs3ProductpageTest@47eaca72]" started-at="2023-04-08T19:00:50 IST" name="closeBrowser" finished-at="2023-04-08T19:00:51 IST" duration-ms="305" status="PASS">
          <params>
            <param index="0">
              <value>
                <![CDATA[[TestResult name=clickProduct_ProductBanner$Description$Price_Checked status=SUCCESS method=SwagLabs3ProductpageTest.clickProduct_ProductBanner$Description$Price_Checked()[pri:3, instance:test.SwagLabs3ProductpageTest@47eaca72] output={null}]]]>
              </value>
            </param>
          </params>
          <reporter-output>
          </reporter-output>
        </test-method> <!-- closeBrowser -->
        <test-method is-config="true" signature="openInventorypage()[pri:0, instance:test.SwagLabs3ProductpageTest@47eaca72]" started-at="2023-04-08T19:00:51 IST" name="openInventorypage" finished-at="2023-04-08T19:00:54 IST" duration-ms="3310" status="PASS">
          <reporter-output>
          </reporter-output>
        </test-method> <!-- openInventorypage -->
        <test-method signature="clickProduct_AddProductButton_AddedToCart()[pri:4, instance:test.SwagLabs3ProductpageTest@47eaca72]" started-at="2023-04-08T19:00:54 IST" name="clickProduct_AddProductButton_AddedToCart" finished-at="2023-04-08T19:00:55 IST" duration-ms="522" status="PASS">
          <reporter-output>
          </reporter-output>
        </test-method> <!-- clickProduct_AddProductButton_AddedToCart -->
        <test-method is-config="true" signature="closeBrowser(org.testng.ITestResult)[pri:0, instance:test.SwagLabs3ProductpageTest@47eaca72]" started-at="2023-04-08T19:00:55 IST" name="closeBrowser" finished-at="2023-04-08T19:00:55 IST" duration-ms="282" status="PASS">
          <params>
            <param index="0">
              <value>
                <![CDATA[[TestResult name=clickProduct_AddProductButton_AddedToCart status=SUCCESS method=SwagLabs3ProductpageTest.clickProduct_AddProductButton_AddedToCart()[pri:4, instance:test.SwagLabs3ProductpageTest@47eaca72] output={null}]]]>
              </value>
            </param>
          </params>
          <reporter-output>
          </reporter-output>
        </test-method> <!-- closeBrowser -->
        <test-method is-config="true" signature="openInventorypage()[pri:0, instance:test.SwagLabs3ProductpageTest@47eaca72]" started-at="2023-04-08T19:00:55 IST" name="openInventorypage" finished-at="2023-04-08T19:00:58 IST" duration-ms="3288" status="PASS">
          <reporter-output>
          </reporter-output>
        </test-method> <!-- openInventorypage -->
        <test-method signature="clickProduct_RemoveProductButton_RemovedFromCart()[pri:5, instance:test.SwagLabs3ProductpageTest@47eaca72]" started-at="2023-04-08T19:00:58 IST" name="clickProduct_RemoveProductButton_RemovedFromCart" finished-at="2023-04-08T19:01:05 IST" duration-ms="6624" status="PASS">
          <reporter-output>
          </reporter-output>
        </test-method> <!-- clickProduct_RemoveProductButton_RemovedFromCart -->
        <test-method is-config="true" signature="closeBrowser(org.testng.ITestResult)[pri:0, instance:test.SwagLabs3ProductpageTest@47eaca72]" started-at="2023-04-08T19:01:05 IST" name="closeBrowser" finished-at="2023-04-08T19:01:06 IST" duration-ms="824" status="PASS">
          <params>
            <param index="0">
              <value>
                <![CDATA[[TestResult name=clickProduct_RemoveProductButton_RemovedFromCart status=SUCCESS method=SwagLabs3ProductpageTest.clickProduct_RemoveProductButton_RemovedFromCart()[pri:5, instance:test.SwagLabs3ProductpageTest@47eaca72] output={null}]]]>
              </value>
            </param>
          </params>
          <reporter-output>
          </reporter-output>
        </test-method> <!-- closeBrowser -->
        <test-method is-config="true" signature="openInventorypage()[pri:0, instance:test.SwagLabs3ProductpageTest@47eaca72]" started-at="2023-04-08T19:01:06 IST" name="openInventorypage" finished-at="2023-04-08T19:01:10 IST" duration-ms="4550" status="PASS">
          <reporter-output>
          </reporter-output>
        </test-method> <!-- openInventorypage -->
        <test-method signature="clickProduct_ProductAddOrRemoveButton_Clickable()[pri:6, instance:test.SwagLabs3ProductpageTest@47eaca72]" started-at="2023-04-08T19:01:10 IST" name="clickProduct_ProductAddOrRemoveButton_Clickable" finished-at="2023-04-08T19:01:11 IST" duration-ms="414" status="PASS">
          <reporter-output>
          </reporter-output>
        </test-method> <!-- clickProduct_ProductAddOrRemoveButton_Clickable -->
        <test-method is-config="true" signature="closeBrowser(org.testng.ITestResult)[pri:0, instance:test.SwagLabs3ProductpageTest@47eaca72]" started-at="2023-04-08T19:01:11 IST" name="closeBrowser" finished-at="2023-04-08T19:01:11 IST" duration-ms="340" status="PASS">
          <params>
            <param index="0">
              <value>
                <![CDATA[[TestResult name=clickProduct_ProductAddOrRemoveButton_Clickable status=SUCCESS method=SwagLabs3ProductpageTest.clickProduct_ProductAddOrRemoveButton_Clickable()[pri:6, instance:test.SwagLabs3ProductpageTest@47eaca72] output={null}]]]>
              </value>
            </param>
          </params>
          <reporter-output>
          </reporter-output>
        </test-method> <!-- closeBrowser -->
        <test-method is-config="true" signature="openInventorypage()[pri:0, instance:test.SwagLabs3ProductpageTest@47eaca72]" started-at="2023-04-08T19:01:11 IST" name="openInventorypage" finished-at="2023-04-08T19:01:15 IST" duration-ms="3715" status="PASS">
          <reporter-output>
          </reporter-output>
        </test-method> <!-- openInventorypage -->
        <test-method signature="clickProduct_BackToProductsButton_GoneToHomepage()[pri:7, instance:test.SwagLabs3ProductpageTest@47eaca72]" started-at="2023-04-08T19:01:15 IST" name="clickProduct_BackToProductsButton_GoneToHomepage" finished-at="2023-04-08T19:01:15 IST" duration-ms="412" status="PASS">
          <reporter-output>
          </reporter-output>
        </test-method> <!-- clickProduct_BackToProductsButton_GoneToHomepage -->
        <test-method is-config="true" signature="closeBrowser(org.testng.ITestResult)[pri:0, instance:test.SwagLabs3ProductpageTest@47eaca72]" started-at="2023-04-08T19:01:15 IST" name="closeBrowser" finished-at="2023-04-08T19:01:15 IST" duration-ms="390" status="PASS">
          <params>
            <param index="0">
              <value>
                <![CDATA[[TestResult name=clickProduct_BackToProductsButton_GoneToHomepage status=SUCCESS method=SwagLabs3ProductpageTest.clickProduct_BackToProductsButton_GoneToHomepage()[pri:7, instance:test.SwagLabs3ProductpageTest@47eaca72] output={null}]]]>
              </value>
            </param>
          </params>
          <reporter-output>
          </reporter-output>
        </test-method> <!-- closeBrowser -->
        <test-method is-config="true" signature="openInventorypage()[pri:0, instance:test.SwagLabs3ProductpageTest@47eaca72]" started-at="2023-04-08T19:01:15 IST" name="openInventorypage" finished-at="2023-04-08T19:01:19 IST" duration-ms="3948" status="PASS">
          <reporter-output>
          </reporter-output>
        </test-method> <!-- openInventorypage -->
        <test-method signature="clickCart_Clickable_OpenedCart()[pri:8, instance:test.SwagLabs3ProductpageTest@47eaca72]" started-at="2023-04-08T19:01:19 IST" name="clickCart_Clickable_OpenedCart" finished-at="2023-04-08T19:01:19 IST" duration-ms="151" status="PASS">
          <reporter-output>
          </reporter-output>
        </test-method> <!-- clickCart_Clickable_OpenedCart -->
        <test-method is-config="true" signature="closeBrowser(org.testng.ITestResult)[pri:0, instance:test.SwagLabs3ProductpageTest@47eaca72]" started-at="2023-04-08T19:01:19 IST" name="closeBrowser" finished-at="2023-04-08T19:01:20 IST" duration-ms="266" status="PASS">
          <params>
            <param index="0">
              <value>
                <![CDATA[[TestResult name=clickCart_Clickable_OpenedCart status=SUCCESS method=SwagLabs3ProductpageTest.clickCart_Clickable_OpenedCart()[pri:8, instance:test.SwagLabs3ProductpageTest@47eaca72] output={null}]]]>
              </value>
            </param>
          </params>
          <reporter-output>
          </reporter-output>
        </test-method> <!-- closeBrowser -->
      </class> <!-- test.SwagLabs3ProductpageTest -->
      <class name="test.SwagLabs4CartpageTest">
        <test-method is-config="true" signature="launchBrowser(java.lang.String)[pri:0, instance:test.SwagLabs4CartpageTest@55141def]" started-at="2023-04-08T19:01:20 IST" name="launchBrowser" finished-at="2023-04-08T19:01:24 IST" duration-ms="4159" status="PASS">
          <params>
            <param index="0">
              <value>
                <![CDATA[chrome]]>
              </value>
            </param>
          </params>
          <reporter-output>
          </reporter-output>
        </test-method> <!-- launchBrowser -->
        <test-method signature="clickCart_AddedProducts_ShowedDetails()[pri:1, instance:test.SwagLabs4CartpageTest@55141def]" started-at="2023-04-08T19:01:24 IST" name="clickCart_AddedProducts_ShowedDetails" finished-at="2023-04-08T19:01:24 IST" duration-ms="196" status="PASS">
          <reporter-output>
          </reporter-output>
        </test-method> <!-- clickCart_AddedProducts_ShowedDetails -->
        <test-method is-config="true" signature="closeBrowser(org.testng.ITestResult)[pri:0, instance:test.SwagLabs4CartpageTest@55141def]" started-at="2023-04-08T19:01:24 IST" name="closeBrowser" finished-at="2023-04-08T19:01:24 IST" duration-ms="295" status="PASS">
          <params>
            <param index="0">
              <value>
                <![CDATA[[TestResult name=clickCart_AddedProducts_ShowedDetails status=SUCCESS method=SwagLabs4CartpageTest.clickCart_AddedProducts_ShowedDetails()[pri:1, instance:test.SwagLabs4CartpageTest@55141def] output={null}]]]>
              </value>
            </param>
          </params>
          <reporter-output>
          </reporter-output>
        </test-method> <!-- closeBrowser -->
        <test-method is-config="true" signature="launchBrowser(java.lang.String)[pri:0, instance:test.SwagLabs4CartpageTest@55141def]" started-at="2023-04-08T19:01:24 IST" name="launchBrowser" finished-at="2023-04-08T19:01:28 IST" duration-ms="3839" status="PASS">
          <params>
            <param index="0">
              <value>
                <![CDATA[chrome]]>
              </value>
            </param>
          </params>
          <reporter-output>
          </reporter-output>
        </test-method> <!-- launchBrowser -->
        <test-method signature="clickCart_AddedProducts_Removed()[pri:2, instance:test.SwagLabs4CartpageTest@55141def]" started-at="2023-04-08T19:01:28 IST" name="clickCart_AddedProducts_Removed" finished-at="2023-04-08T19:01:33 IST" duration-ms="5233" status="PASS">
          <reporter-output>
          </reporter-output>
        </test-method> <!-- clickCart_AddedProducts_Removed -->
        <test-method is-config="true" signature="closeBrowser(org.testng.ITestResult)[pri:0, instance:test.SwagLabs4CartpageTest@55141def]" started-at="2023-04-08T19:01:33 IST" name="closeBrowser" finished-at="2023-04-08T19:01:35 IST" duration-ms="1223" status="PASS">
          <params>
            <param index="0">
              <value>
                <![CDATA[[TestResult name=clickCart_AddedProducts_Removed status=SUCCESS method=SwagLabs4CartpageTest.clickCart_AddedProducts_Removed()[pri:2, instance:test.SwagLabs4CartpageTest@55141def] output={null}]]]>
              </value>
            </param>
          </params>
          <reporter-output>
          </reporter-output>
        </test-method> <!-- closeBrowser -->
        <test-method is-config="true" signature="launchBrowser(java.lang.String)[pri:0, instance:test.SwagLabs4CartpageTest@55141def]" started-at="2023-04-08T19:01:35 IST" name="launchBrowser" finished-at="2023-04-08T19:01:39 IST" duration-ms="4027" status="PASS">
          <params>
            <param index="0">
              <value>
                <![CDATA[chrome]]>
              </value>
            </param>
          </params>
          <reporter-output>
          </reporter-output>
        </test-method> <!-- launchBrowser -->
        <test-method signature="clickCart_ContinueShoppingButton_RedirectedToHomepage()[pri:3, instance:test.SwagLabs4CartpageTest@55141def]" started-at="2023-04-08T19:01:39 IST" name="clickCart_ContinueShoppingButton_RedirectedToHomepage" finished-at="2023-04-08T19:01:39 IST" duration-ms="252" status="PASS">
          <reporter-output>
          </reporter-output>
        </test-method> <!-- clickCart_ContinueShoppingButton_RedirectedToHomepage -->
        <test-method is-config="true" signature="closeBrowser(org.testng.ITestResult)[pri:0, instance:test.SwagLabs4CartpageTest@55141def]" started-at="2023-04-08T19:01:39 IST" name="closeBrowser" finished-at="2023-04-08T19:01:39 IST" duration-ms="311" status="PASS">
          <params>
            <param index="0">
              <value>
                <![CDATA[[TestResult name=clickCart_ContinueShoppingButton_RedirectedToHomepage status=SUCCESS method=SwagLabs4CartpageTest.clickCart_ContinueShoppingButton_RedirectedToHomepage()[pri:3, instance:test.SwagLabs4CartpageTest@55141def] output={null}]]]>
              </value>
            </param>
          </params>
          <reporter-output>
          </reporter-output>
        </test-method> <!-- closeBrowser -->
        <test-method is-config="true" signature="launchBrowser(java.lang.String)[pri:0, instance:test.SwagLabs4CartpageTest@55141def]" started-at="2023-04-08T19:01:39 IST" name="launchBrowser" finished-at="2023-04-08T19:01:44 IST" duration-ms="4353" status="PASS">
          <params>
            <param index="0">
              <value>
                <![CDATA[chrome]]>
              </value>
            </param>
          </params>
          <reporter-output>
          </reporter-output>
        </test-method> <!-- launchBrowser -->
        <test-method signature="clickCart_CheckoutButton_OpenedCheckoutpage()[pri:4, instance:test.SwagLabs4CartpageTest@55141def]" started-at="2023-04-08T19:01:44 IST" name="clickCart_CheckoutButton_OpenedCheckoutpage" finished-at="2023-04-08T19:01:44 IST" duration-ms="245" status="PASS">
          <reporter-output>
          </reporter-output>
        </test-method> <!-- clickCart_CheckoutButton_OpenedCheckoutpage -->
        <test-method is-config="true" signature="closeBrowser(org.testng.ITestResult)[pri:0, instance:test.SwagLabs4CartpageTest@55141def]" started-at="2023-04-08T19:01:44 IST" name="closeBrowser" finished-at="2023-04-08T19:01:44 IST" duration-ms="248" status="PASS">
          <params>
            <param index="0">
              <value>
                <![CDATA[[TestResult name=clickCart_CheckoutButton_OpenedCheckoutpage status=SUCCESS method=SwagLabs4CartpageTest.clickCart_CheckoutButton_OpenedCheckoutpage()[pri:4, instance:test.SwagLabs4CartpageTest@55141def] output={null}]]]>
              </value>
            </param>
          </params>
          <reporter-output>
          </reporter-output>
        </test-method> <!-- closeBrowser -->
      </class> <!-- test.SwagLabs4CartpageTest -->
      <class name="test.SwagLabs2HomepageTest">
        <test-method is-config="true" signature="openInventorypage()[pri:0, instance:test.SwagLabs2HomepageTest@1aafa419]" started-at="2023-04-08T18:57:49 IST" name="openInventorypage" finished-at="2023-04-08T18:57:53 IST" duration-ms="4201" status="PASS">
          <reporter-output>
          </reporter-output>
        </test-method> <!-- openInventorypage -->
        <test-method signature="verifyHomepage_LogoPresendAndSpelling_Checked()[pri:1, instance:test.SwagLabs2HomepageTest@1aafa419]" started-at="2023-04-08T18:57:53 IST" name="verifyHomepage_LogoPresendAndSpelling_Checked" finished-at="2023-04-08T18:57:53 IST" duration-ms="558" status="PASS">
          <reporter-output>
          </reporter-output>
        </test-method> <!-- verifyHomepage_LogoPresendAndSpelling_Checked -->
        <test-method is-config="true" signature="closeBrowser(org.testng.ITestResult)[pri:0, instance:test.SwagLabs2HomepageTest@1aafa419]" started-at="2023-04-08T18:57:53 IST" name="closeBrowser" finished-at="2023-04-08T18:57:54 IST" duration-ms="267" status="PASS">
          <params>
            <param index="0">
              <value>
                <![CDATA[[TestResult name=verifyHomepage_LogoPresendAndSpelling_Checked status=SUCCESS method=SwagLabs2HomepageTest.verifyHomepage_LogoPresendAndSpelling_Checked()[pri:1, instance:test.SwagLabs2HomepageTest@1aafa419] output={null}]]]>
              </value>
            </param>
          </params>
          <reporter-output>
          </reporter-output>
        </test-method> <!-- closeBrowser -->
        <test-method is-config="true" signature="openInventorypage()[pri:0, instance:test.SwagLabs2HomepageTest@1aafa419]" started-at="2023-04-08T18:57:54 IST" name="openInventorypage" finished-at="2023-04-08T18:57:58 IST" duration-ms="4014" status="PASS">
          <reporter-output>
          </reporter-output>
        </test-method> <!-- openInventorypage -->
        <test-method signature="clickSort_Clickable_OpenedDropdown()[pri:2, instance:test.SwagLabs2HomepageTest@1aafa419]" started-at="2023-04-08T18:57:58 IST" name="clickSort_Clickable_OpenedDropdown" finished-at="2023-04-08T18:57:58 IST" duration-ms="469" status="PASS">
          <reporter-output>
          </reporter-output>
        </test-method> <!-- clickSort_Clickable_OpenedDropdown -->
        <test-method is-config="true" signature="closeBrowser(org.testng.ITestResult)[pri:0, instance:test.SwagLabs2HomepageTest@1aafa419]" started-at="2023-04-08T18:57:58 IST" name="closeBrowser" finished-at="2023-04-08T18:57:58 IST" duration-ms="294" status="PASS">
          <params>
            <param index="0">
              <value>
                <![CDATA[[TestResult name=clickSort_Clickable_OpenedDropdown status=SUCCESS method=SwagLabs2HomepageTest.clickSort_Clickable_OpenedDropdown()[pri:2, instance:test.SwagLabs2HomepageTest@1aafa419] output={null}]]]>
              </value>
            </param>
          </params>
          <reporter-output>
          </reporter-output>
        </test-method> <!-- closeBrowser -->
        <test-method is-config="true" signature="openInventorypage()[pri:0, instance:test.SwagLabs2HomepageTest@1aafa419]" started-at="2023-04-08T18:57:58 IST" name="openInventorypage" finished-at="2023-04-08T18:58:04 IST" duration-ms="5302" status="PASS">
          <reporter-output>
          </reporter-output>
        </test-method> <!-- openInventorypage -->
        <test-method signature="clickSort_OptionsList_CheckedAllOptions()[pri:3, instance:test.SwagLabs2HomepageTest@1aafa419]" started-at="2023-04-08T18:58:04 IST" name="clickSort_OptionsList_CheckedAllOptions" finished-at="2023-04-08T18:58:04 IST" duration-ms="268" status="PASS">
          <reporter-output>
          </reporter-output>
        </test-method> <!-- clickSort_OptionsList_CheckedAllOptions -->
        <test-method is-config="true" signature="closeBrowser(org.testng.ITestResult)[pri:0, instance:test.SwagLabs2HomepageTest@1aafa419]" started-at="2023-04-08T18:58:04 IST" name="closeBrowser" finished-at="2023-04-08T18:58:04 IST" duration-ms="283" status="PASS">
          <params>
            <param index="0">
              <value>
                <![CDATA[[TestResult name=clickSort_OptionsList_CheckedAllOptions status=SUCCESS method=SwagLabs2HomepageTest.clickSort_OptionsList_CheckedAllOptions()[pri:3, instance:test.SwagLabs2HomepageTest@1aafa419] output={null}]]]>
              </value>
            </param>
          </params>
          <reporter-output>
          </reporter-output>
        </test-method> <!-- closeBrowser -->
        <test-method is-config="true" signature="openInventorypage()[pri:0, instance:test.SwagLabs2HomepageTest@1aafa419]" started-at="2023-04-08T18:58:04 IST" name="openInventorypage" finished-at="2023-04-08T18:58:09 IST" duration-ms="4269" status="PASS">
          <reporter-output>
          </reporter-output>
        </test-method> <!-- openInventorypage -->
        <test-method signature="clickSort_PriceHighToLow_GotInOrder()[pri:4, instance:test.SwagLabs2HomepageTest@1aafa419]" started-at="2023-04-08T18:58:09 IST" name="clickSort_PriceHighToLow_GotInOrder" finished-at="2023-04-08T18:58:09 IST" duration-ms="380" status="PASS">
          <reporter-output>
          </reporter-output>
        </test-method> <!-- clickSort_PriceHighToLow_GotInOrder -->
        <test-method is-config="true" signature="closeBrowser(org.testng.ITestResult)[pri:0, instance:test.SwagLabs2HomepageTest@1aafa419]" started-at="2023-04-08T18:58:09 IST" name="closeBrowser" finished-at="2023-04-08T18:58:09 IST" duration-ms="304" status="PASS">
          <params>
            <param index="0">
              <value>
                <![CDATA[[TestResult name=clickSort_PriceHighToLow_GotInOrder status=SUCCESS method=SwagLabs2HomepageTest.clickSort_PriceHighToLow_GotInOrder()[pri:4, instance:test.SwagLabs2HomepageTest@1aafa419] output={null}]]]>
              </value>
            </param>
          </params>
          <reporter-output>
          </reporter-output>
        </test-method> <!-- closeBrowser -->
        <test-method is-config="true" signature="openInventorypage()[pri:0, instance:test.SwagLabs2HomepageTest@1aafa419]" started-at="2023-04-08T18:58:09 IST" name="openInventorypage" finished-at="2023-04-08T18:58:13 IST" duration-ms="4206" status="PASS">
          <reporter-output>
          </reporter-output>
        </test-method> <!-- openInventorypage -->
        <test-method signature="clickSort_PriceLowToHigh_GotInOrder()[pri:5, instance:test.SwagLabs2HomepageTest@1aafa419]" started-at="2023-04-08T18:58:13 IST" name="clickSort_PriceLowToHigh_GotInOrder" finished-at="2023-04-08T18:58:14 IST" duration-ms="396" status="PASS">
          <reporter-output>
          </reporter-output>
        </test-method> <!-- clickSort_PriceLowToHigh_GotInOrder -->
        <test-method is-config="true" signature="closeBrowser(org.testng.ITestResult)[pri:0, instance:test.SwagLabs2HomepageTest@1aafa419]" started-at="2023-04-08T18:58:14 IST" name="closeBrowser" finished-at="2023-04-08T18:58:14 IST" duration-ms="250" status="PASS">
          <params>
            <param index="0">
              <value>
                <![CDATA[[TestResult name=clickSort_PriceLowToHigh_GotInOrder status=SUCCESS method=SwagLabs2HomepageTest.clickSort_PriceLowToHigh_GotInOrder()[pri:5, instance:test.SwagLabs2HomepageTest@1aafa419] output={null}]]]>
              </value>
            </param>
          </params>
          <reporter-output>
          </reporter-output>
        </test-method> <!-- closeBrowser -->
        <test-method is-config="true" signature="openInventorypage()[pri:0, instance:test.SwagLabs2HomepageTest@1aafa419]" started-at="2023-04-08T18:58:14 IST" name="openInventorypage" finished-at="2023-04-08T18:58:19 IST" duration-ms="4838" status="PASS">
          <reporter-output>
          </reporter-output>
        </test-method> <!-- openInventorypage -->
        <test-method signature="clickSort_ProductDescending_GotInOrder()[pri:6, instance:test.SwagLabs2HomepageTest@1aafa419]" started-at="2023-04-08T18:58:19 IST" name="clickSort_ProductDescending_GotInOrder" finished-at="2023-04-08T18:58:19 IST" duration-ms="378" status="PASS">
          <reporter-output>
          </reporter-output>
        </test-method> <!-- clickSort_ProductDescending_GotInOrder -->
        <test-method is-config="true" signature="closeBrowser(org.testng.ITestResult)[pri:0, instance:test.SwagLabs2HomepageTest@1aafa419]" started-at="2023-04-08T18:58:19 IST" name="closeBrowser" finished-at="2023-04-08T18:58:20 IST" duration-ms="267" status="PASS">
          <params>
            <param index="0">
              <value>
                <![CDATA[[TestResult name=clickSort_ProductDescending_GotInOrder status=SUCCESS method=SwagLabs2HomepageTest.clickSort_ProductDescending_GotInOrder()[pri:6, instance:test.SwagLabs2HomepageTest@1aafa419] output={null}]]]>
              </value>
            </param>
          </params>
          <reporter-output>
          </reporter-output>
        </test-method> <!-- closeBrowser -->
        <test-method is-config="true" signature="openInventorypage()[pri:0, instance:test.SwagLabs2HomepageTest@1aafa419]" started-at="2023-04-08T18:58:20 IST" name="openInventorypage" finished-at="2023-04-08T18:58:24 IST" duration-ms="4686" status="PASS">
          <reporter-output>
          </reporter-output>
        </test-method> <!-- openInventorypage -->
        <test-method signature="clickSort_ProductAscending_GotInOrder()[pri:7, instance:test.SwagLabs2HomepageTest@1aafa419]" started-at="2023-04-08T18:58:24 IST" name="clickSort_ProductAscending_GotInOrder" finished-at="2023-04-08T18:58:25 IST" duration-ms="346" status="PASS">
          <reporter-output>
          </reporter-output>
        </test-method> <!-- clickSort_ProductAscending_GotInOrder -->
        <test-method is-config="true" signature="closeBrowser(org.testng.ITestResult)[pri:0, instance:test.SwagLabs2HomepageTest@1aafa419]" started-at="2023-04-08T18:58:25 IST" name="closeBrowser" finished-at="2023-04-08T18:58:25 IST" duration-ms="256" status="PASS">
          <params>
            <param index="0">
              <value>
                <![CDATA[[TestResult name=clickSort_ProductAscending_GotInOrder status=SUCCESS method=SwagLabs2HomepageTest.clickSort_ProductAscending_GotInOrder()[pri:7, instance:test.SwagLabs2HomepageTest@1aafa419] output={null}]]]>
              </value>
            </param>
          </params>
          <reporter-output>
          </reporter-output>
        </test-method> <!-- closeBrowser -->
        <test-method is-config="true" signature="openInventorypage()[pri:0, instance:test.SwagLabs2HomepageTest@1aafa419]" started-at="2023-04-08T18:58:25 IST" name="openInventorypage" finished-at="2023-04-08T18:58:30 IST" duration-ms="4634" status="PASS">
          <reporter-output>
          </reporter-output>
        </test-method> <!-- openInventorypage -->
        <test-method signature="clickSort_ProductCountAfter_RemainedSame()[pri:8, instance:test.SwagLabs2HomepageTest@1aafa419]" started-at="2023-04-08T18:58:30 IST" name="clickSort_ProductCountAfter_RemainedSame" finished-at="2023-04-08T18:58:30 IST" duration-ms="282" status="PASS">
          <reporter-output>
          </reporter-output>
        </test-method> <!-- clickSort_ProductCountAfter_RemainedSame -->
        <test-method is-config="true" signature="closeBrowser(org.testng.ITestResult)[pri:0, instance:test.SwagLabs2HomepageTest@1aafa419]" started-at="2023-04-08T18:58:30 IST" name="closeBrowser" finished-at="2023-04-08T18:58:30 IST" duration-ms="249" status="PASS">
          <params>
            <param index="0">
              <value>
                <![CDATA[[TestResult name=clickSort_ProductCountAfter_RemainedSame status=SUCCESS method=SwagLabs2HomepageTest.clickSort_ProductCountAfter_RemainedSame()[pri:8, instance:test.SwagLabs2HomepageTest@1aafa419] output={null}]]]>
              </value>
            </param>
          </params>
          <reporter-output>
          </reporter-output>
        </test-method> <!-- closeBrowser -->
        <test-method is-config="true" signature="openInventorypage()[pri:0, instance:test.SwagLabs2HomepageTest@1aafa419]" started-at="2023-04-08T18:58:30 IST" name="openInventorypage" finished-at="2023-04-08T18:58:34 IST" duration-ms="4002" status="PASS">
          <reporter-output>
          </reporter-output>
        </test-method> <!-- openInventorypage -->
        <test-method signature="clickSort_ProductsBefore_PredefinedNumber()[pri:9, instance:test.SwagLabs2HomepageTest@1aafa419]" started-at="2023-04-08T18:58:34 IST" name="clickSort_ProductsBefore_PredefinedNumber" finished-at="2023-04-08T18:58:34 IST" duration-ms="126" status="PASS">
          <reporter-output>
          </reporter-output>
        </test-method> <!-- clickSort_ProductsBefore_PredefinedNumber -->
        <test-method is-config="true" signature="closeBrowser(org.testng.ITestResult)[pri:0, instance:test.SwagLabs2HomepageTest@1aafa419]" started-at="2023-04-08T18:58:34 IST" name="closeBrowser" finished-at="2023-04-08T18:58:34 IST" duration-ms="266" status="PASS">
          <params>
            <param index="0">
              <value>
                <![CDATA[[TestResult name=clickSort_ProductsBefore_PredefinedNumber status=SUCCESS method=SwagLabs2HomepageTest.clickSort_ProductsBefore_PredefinedNumber()[pri:9, instance:test.SwagLabs2HomepageTest@1aafa419] output={null}]]]>
              </value>
            </param>
          </params>
          <reporter-output>
          </reporter-output>
        </test-method> <!-- closeBrowser -->
        <test-method is-config="true" signature="openInventorypage()[pri:0, instance:test.SwagLabs2HomepageTest@1aafa419]" started-at="2023-04-08T18:58:34 IST" name="openInventorypage" finished-at="2023-04-08T18:58:39 IST" duration-ms="4044" status="PASS">
          <reporter-output>
          </reporter-output>
        </test-method> <!-- openInventorypage -->
        <test-method signature="clickSort_ProductOrder_UnarrangedLikeBefore()[pri:10, instance:test.SwagLabs2HomepageTest@1aafa419]" started-at="2023-04-08T18:58:39 IST" name="clickSort_ProductOrder_UnarrangedLikeBefore" finished-at="2023-04-08T18:58:44 IST" duration-ms="5172" status="FAIL">
          <exception class="org.openqa.selenium.ElementNotInteractableException">
            <message>
              <![CDATA[element not interactable
  (Session info: chrome=111.0.5563.148)
Build info: version: '4.8.1', revision: '8ebccac989'
System info: os.name: 'Windows 10', os.arch: 'amd64', os.version: '10.0', java.version: '19.0.2'
Driver info: org.openqa.selenium.chrome.ChromeDriver
Command: [c229e56ddf0b532337892c9525c76077, clickElement {id=17c07da1-5a94-4141-986c-6762caeb2553}]
Capabilities {acceptInsecureCerts: false, browserName: chrome, browserVersion: 111.0.5563.148, chrome: {chromedriverVersion: 111.0.5563.64 (c710e93d5b63..., userDataDir: C:\Users\Admin\AppData\Loca...}, goog:chromeOptions: {debuggerAddress: localhost:53140}, networkConnectionEnabled: false, pageLoadStrategy: normal, platformName: WINDOWS, proxy: Proxy(), se:cdp: ws://localhost:53140/devtoo..., se:cdpVersion: 111.0.5563.148, setWindowRect: true, strictFileInteractability: false, timeouts: {implicit: 0, pageLoad: 300000, script: 30000}, unhandledPromptBehavior: dismiss and notify, webauthn:extension:credBlob: true, webauthn:extension:largeBlob: true, webauthn:extension:minPinLength: true, webauthn:extension:prf: true, webauthn:virtualAuthenticators: true}
Element: [[ChromeDriver: chrome on WINDOWS (c229e56ddf0b532337892c9525c76077)] -> xpath: //a[text()='Reset App State']]
Session ID: c229e56ddf0b532337892c9525c76077]]>
            </message>
            <full-stacktrace>
              <![CDATA[org.openqa.selenium.ElementNotInteractableException: element not interactable
  (Session info: chrome=111.0.5563.148)
Build info: version: '4.8.1', revision: '8ebccac989'
System info: os.name: 'Windows 10', os.arch: 'amd64', os.version: '10.0', java.version: '19.0.2'
Driver info: org.openqa.selenium.chrome.ChromeDriver
Command: [c229e56ddf0b532337892c9525c76077, clickElement {id=17c07da1-5a94-4141-986c-6762caeb2553}]
Capabilities {acceptInsecureCerts: false, browserName: chrome, browserVersion: 111.0.5563.148, chrome: {chromedriverVersion: 111.0.5563.64 (c710e93d5b63..., userDataDir: C:\Users\Admin\AppData\Loca...}, goog:chromeOptions: {debuggerAddress: localhost:53140}, networkConnectionEnabled: false, pageLoadStrategy: normal, platformName: WINDOWS, proxy: Proxy(), se:cdp: ws://localhost:53140/devtoo..., se:cdpVersion: 111.0.5563.148, setWindowRect: true, strictFileInteractability: false, timeouts: {implicit: 0, pageLoad: 300000, script: 30000}, unhandledPromptBehavior: dismiss and notify, webauthn:extension:credBlob: true, webauthn:extension:largeBlob: true, webauthn:extension:minPinLength: true, webauthn:extension:prf: true, webauthn:virtualAuthenticators: true}
Element: [[ChromeDriver: chrome on WINDOWS (c229e56ddf0b532337892c9525c76077)] -> xpath: //a[text()='Reset App State']]
Session ID: c229e56ddf0b532337892c9525c76077
at java.base/jdk.internal.reflect.DirectConstructorHandleAccessor.newInstance(DirectConstructorHandleAccessor.java:67)
at java.base/java.lang.reflect.Constructor.newInstanceWithCaller(Constructor.java:500)
at java.base/java.lang.reflect.Constructor.newInstance(Constructor.java:484)
at org.openqa.selenium.remote.codec.w3c.W3CHttpResponseCodec.createException(W3CHttpResponseCodec.java:200)
at org.openqa.selenium.remote.codec.w3c.W3CHttpResponseCodec.decode(W3CHttpResponseCodec.java:133)
at org.openqa.selenium.remote.codec.w3c.W3CHttpResponseCodec.decode(W3CHttpResponseCodec.java:53)
at org.openqa.selenium.remote.HttpCommandExecutor.execute(HttpCommandExecutor.java:184)
at org.openqa.selenium.remote.service.DriverCommandExecutor.invokeExecute(DriverCommandExecutor.java:167)
at org.openqa.selenium.remote.service.DriverCommandExecutor.execute(DriverCommandExecutor.java:142)
at org.openqa.selenium.remote.RemoteWebDriver.execute(RemoteWebDriver.java:543)
at org.openqa.selenium.remote.RemoteWebElement.execute(RemoteWebElement.java:257)
at org.openqa.selenium.remote.RemoteWebElement.click(RemoteWebElement.java:78)
at java.base/jdk.internal.reflect.DirectMethodHandleAccessor.invoke(DirectMethodHandleAccessor.java:104)
at java.base/java.lang.reflect.Method.invoke(Method.java:578)
at org.openqa.selenium.support.pagefactory.internal.LocatingElementHandler.invoke(LocatingElementHandler.java:52)
at jdk.proxy2/jdk.proxy2.$Proxy20.click(Unknown Source)
at pom.SwagLabsHomepage.clickOnresetAppStateButton(SwagLabsHomepage.java:95)
at test.SwagLabs2HomepageTest.clickSort_ProductOrder_UnarrangedLikeBefore(SwagLabs2HomepageTest.java:215)
at java.base/jdk.internal.reflect.DirectMethodHandleAccessor.invoke(DirectMethodHandleAccessor.java:104)
at java.base/java.lang.reflect.Method.invoke(Method.java:578)
at org.testng.internal.MethodInvocationHelper.invokeMethod(MethodInvocationHelper.java:133)
at org.testng.internal.TestInvoker.invokeMethod(TestInvoker.java:598)
at org.testng.internal.TestInvoker.invokeTestMethod(TestInvoker.java:173)
at org.testng.internal.MethodRunner.runInSequence(MethodRunner.java:46)
at org.testng.internal.TestInvoker$MethodInvocationAgent.invoke(TestInvoker.java:824)
at org.testng.internal.TestInvoker.invokeTestMethods(TestInvoker.java:146)
at org.testng.internal.TestMethodWorker.invokeTestMethods(TestMethodWorker.java:146)
at org.testng.internal.TestMethodWorker.run(TestMethodWorker.java:128)
at java.base/java.util.ArrayList.forEach(ArrayList.java:1511)
at org.testng.TestRunner.privateRun(TestRunner.java:794)
at org.testng.TestRunner.run(TestRunner.java:596)
at org.testng.SuiteRunner.runTest(SuiteRunner.java:377)
at org.testng.SuiteRunner.runSequentially(SuiteRunner.java:371)
at org.testng.SuiteRunner.privateRun(SuiteRunner.java:332)
at org.testng.SuiteRunner.run(SuiteRunner.java:276)
at org.testng.SuiteRunnerWorker.runSuite(SuiteRunnerWorker.java:53)
at org.testng.SuiteRunnerWorker.run(SuiteRunnerWorker.java:96)
at org.testng.TestNG.runSuitesSequentially(TestNG.java:1212)
at org.testng.TestNG.runSuitesLocally(TestNG.java:1134)
at org.testng.TestNG.runSuites(TestNG.java:1063)
at org.testng.TestNG.run(TestNG.java:1031)
at org.testng.remote.AbstractRemoteTestNG.run(AbstractRemoteTestNG.java:115)
at org.testng.remote.RemoteTestNG.initAndRun(RemoteTestNG.java:251)
at org.testng.remote.RemoteTestNG.main(RemoteTestNG.java:77)
]]>
            </full-stacktrace>
          </exception> <!-- org.openqa.selenium.ElementNotInteractableException -->
          <reporter-output>
          </reporter-output>
        </test-method> <!-- clickSort_ProductOrder_UnarrangedLikeBefore -->
        <test-method is-config="true" signature="closeBrowser(org.testng.ITestResult)[pri:0, instance:test.SwagLabs2HomepageTest@1aafa419]" started-at="2023-04-08T18:58:44 IST" name="closeBrowser" finished-at="2023-04-08T18:58:44 IST" duration-ms="446" status="PASS">
          <params>
            <param index="0">
              <value>
                <![CDATA[[TestResult name=clickSort_ProductOrder_UnarrangedLikeBefore status=FAILURE method=SwagLabs2HomepageTest.clickSort_ProductOrder_UnarrangedLikeBefore()[pri:10, instance:test.SwagLabs2HomepageTest@1aafa419] output={null}]]]>
              </value>
            </param>
          </params>
          <reporter-output>
          </reporter-output>
        </test-method> <!-- closeBrowser -->
        <test-method is-config="true" signature="openInventorypage()[pri:0, instance:test.SwagLabs2HomepageTest@1aafa419]" started-at="2023-04-08T18:58:44 IST" name="openInventorypage" finished-at="2023-04-08T18:58:48 IST" duration-ms="4067" status="PASS">
          <reporter-output>
          </reporter-output>
        </test-method> <!-- openInventorypage -->
        <test-method signature="clickSortBefore_DoOtherActions_SavedSortingType()[pri:11, instance:test.SwagLabs2HomepageTest@1aafa419]" started-at="2023-04-08T18:58:48 IST" name="clickSortBefore_DoOtherActions_SavedSortingType" finished-at="2023-04-08T18:58:49 IST" duration-ms="428" status="PASS">
          <reporter-output>
          </reporter-output>
        </test-method> <!-- clickSortBefore_DoOtherActions_SavedSortingType -->
        <test-method is-config="true" signature="closeBrowser(org.testng.ITestResult)[pri:0, instance:test.SwagLabs2HomepageTest@1aafa419]" started-at="2023-04-08T18:58:49 IST" name="closeBrowser" finished-at="2023-04-08T18:58:49 IST" duration-ms="311" status="PASS">
          <params>
            <param index="0">
              <value>
                <![CDATA[[TestResult name=clickSortBefore_DoOtherActions_SavedSortingType status=SUCCESS method=SwagLabs2HomepageTest.clickSortBefore_DoOtherActions_SavedSortingType()[pri:11, instance:test.SwagLabs2HomepageTest@1aafa419] output={null}]]]>
              </value>
            </param>
          </params>
          <reporter-output>
          </reporter-output>
        </test-method> <!-- closeBrowser -->
        <test-method is-config="true" signature="openInventorypage()[pri:0, instance:test.SwagLabs2HomepageTest@1aafa419]" started-at="2023-04-08T18:58:49 IST" name="openInventorypage" finished-at="2023-04-08T18:58:54 IST" duration-ms="4476" status="PASS">
          <reporter-output>
          </reporter-output>
        </test-method> <!-- openInventorypage -->
        <test-method signature="clickSortAfter_PreviousSortedResults_GotSortedAgain()[pri:12, instance:test.SwagLabs2HomepageTest@1aafa419]" started-at="2023-04-08T18:58:54 IST" name="clickSortAfter_PreviousSortedResults_GotSortedAgain" finished-at="2023-04-08T18:58:54 IST" duration-ms="485" status="PASS">
          <reporter-output>
          </reporter-output>
        </test-method> <!-- clickSortAfter_PreviousSortedResults_GotSortedAgain -->
        <test-method is-config="true" signature="closeBrowser(org.testng.ITestResult)[pri:0, instance:test.SwagLabs2HomepageTest@1aafa419]" started-at="2023-04-08T18:58:54 IST" name="closeBrowser" finished-at="2023-04-08T18:58:54 IST" duration-ms="284" status="PASS">
          <params>
            <param index="0">
              <value>
                <![CDATA[[TestResult name=clickSortAfter_PreviousSortedResults_GotSortedAgain status=SUCCESS method=SwagLabs2HomepageTest.clickSortAfter_PreviousSortedResults_GotSortedAgain()[pri:12, instance:test.SwagLabs2HomepageTest@1aafa419] output={null}]]]>
              </value>
            </param>
          </params>
          <reporter-output>
          </reporter-output>
        </test-method> <!-- closeBrowser -->
        <test-method is-config="true" signature="openInventorypage()[pri:0, instance:test.SwagLabs2HomepageTest@1aafa419]" started-at="2023-04-08T18:58:54 IST" name="openInventorypage" finished-at="2023-04-08T18:58:59 IST" duration-ms="4175" status="PASS">
          <reporter-output>
          </reporter-output>
        </test-method> <!-- openInventorypage -->
        <test-method signature="clickOpenMenu_Clickable_OpenedAllOptions()[pri:13, instance:test.SwagLabs2HomepageTest@1aafa419]" started-at="2023-04-08T18:58:59 IST" name="clickOpenMenu_Clickable_OpenedAllOptions" finished-at="2023-04-08T18:58:59 IST" duration-ms="246" status="FAIL">
          <exception class="java.lang.AssertionError">
            <message>
              <![CDATA[expected [] but found [All Items]]]>
            </message>
            <full-stacktrace>
              <![CDATA[java.lang.AssertionError: expected [] but found [All Items]
at org.testng.Assert.fail(Assert.java:99)
at org.testng.Assert.failNotEquals(Assert.java:1037)
at org.testng.Assert.assertEqualsImpl(Assert.java:140)
at org.testng.Assert.assertEquals(Assert.java:122)
at org.testng.Assert.assertEquals(Assert.java:629)
at org.testng.Assert.assertEquals(Assert.java:639)
at test.SwagLabs2HomepageTest.clickOpenMenu_Clickable_OpenedAllOptions(SwagLabs2HomepageTest.java:279)
at java.base/jdk.internal.reflect.DirectMethodHandleAccessor.invoke(DirectMethodHandleAccessor.java:104)
at java.base/java.lang.reflect.Method.invoke(Method.java:578)
at org.testng.internal.MethodInvocationHelper.invokeMethod(MethodInvocationHelper.java:133)
at org.testng.internal.TestInvoker.invokeMethod(TestInvoker.java:598)
at org.testng.internal.TestInvoker.invokeTestMethod(TestInvoker.java:173)
at org.testng.internal.MethodRunner.runInSequence(MethodRunner.java:46)
at org.testng.internal.TestInvoker$MethodInvocationAgent.invoke(TestInvoker.java:824)
at org.testng.internal.TestInvoker.invokeTestMethods(TestInvoker.java:146)
at org.testng.internal.TestMethodWorker.invokeTestMethods(TestMethodWorker.java:146)
at org.testng.internal.TestMethodWorker.run(TestMethodWorker.java:128)
at java.base/java.util.ArrayList.forEach(ArrayList.java:1511)
at org.testng.TestRunner.privateRun(TestRunner.java:794)
at org.testng.TestRunner.run(TestRunner.java:596)
at org.testng.SuiteRunner.runTest(SuiteRunner.java:377)
at org.testng.SuiteRunner.runSequentially(SuiteRunner.java:371)
at org.testng.SuiteRunner.privateRun(SuiteRunner.java:332)
at org.testng.SuiteRunner.run(SuiteRunner.java:276)
at org.testng.SuiteRunnerWorker.runSuite(SuiteRunnerWorker.java:53)
at org.testng.SuiteRunnerWorker.run(SuiteRunnerWorker.java:96)
at org.testng.TestNG.runSuitesSequentially(TestNG.java:1212)
at org.testng.TestNG.runSuitesLocally(TestNG.java:1134)
at org.testng.TestNG.runSuites(TestNG.java:1063)
at org.testng.TestNG.run(TestNG.java:1031)
at org.testng.remote.AbstractRemoteTestNG.run(AbstractRemoteTestNG.java:115)
at org.testng.remote.RemoteTestNG.initAndRun(RemoteTestNG.java:251)
at org.testng.remote.RemoteTestNG.main(RemoteTestNG.java:77)
]]>
            </full-stacktrace>
          </exception> <!-- java.lang.AssertionError -->
          <reporter-output>
          </reporter-output>
        </test-method> <!-- clickOpenMenu_Clickable_OpenedAllOptions -->
        <test-method is-config="true" signature="closeBrowser(org.testng.ITestResult)[pri:0, instance:test.SwagLabs2HomepageTest@1aafa419]" started-at="2023-04-08T18:58:59 IST" name="closeBrowser" finished-at="2023-04-08T18:58:59 IST" duration-ms="302" status="PASS">
          <params>
            <param index="0">
              <value>
                <![CDATA[[TestResult name=clickOpenMenu_Clickable_OpenedAllOptions status=FAILURE method=SwagLabs2HomepageTest.clickOpenMenu_Clickable_OpenedAllOptions()[pri:13, instance:test.SwagLabs2HomepageTest@1aafa419] output={null}]]]>
              </value>
            </param>
          </params>
          <reporter-output>
          </reporter-output>
        </test-method> <!-- closeBrowser -->
        <test-method is-config="true" signature="openInventorypage()[pri:0, instance:test.SwagLabs2HomepageTest@1aafa419]" started-at="2023-04-08T18:58:59 IST" name="openInventorypage" finished-at="2023-04-08T18:59:04 IST" duration-ms="4496" status="PASS">
          <reporter-output>
          </reporter-output>
        </test-method> <!-- openInventorypage -->
        <test-method signature="clickOpenMenu_$About$Option_OpenedLinkedPage()[pri:14, instance:test.SwagLabs2HomepageTest@1aafa419]" started-at="2023-04-08T18:59:04 IST" name="clickOpenMenu_$About$Option_OpenedLinkedPage" finished-at="2023-04-08T18:59:14 IST" duration-ms="10296" status="FAIL">
          <exception class="org.openqa.selenium.TimeoutException">
            <message>
              <![CDATA[timeout: Timed out receiving message from renderer: 10.000
  (Session info: chrome=111.0.5563.148)
Build info: version: '4.8.1', revision: '8ebccac989'
System info: os.name: 'Windows 10', os.arch: 'amd64', os.version: '10.0', java.version: '19.0.2'
Driver info: org.openqa.selenium.chrome.ChromeDriver
Command: [913c95bc0e72426b62773f8d8569aa2c, clickElement {id=29a0e210-0aad-4f28-a62e-ea6d023ead17}]
Capabilities {acceptInsecureCerts: false, browserName: chrome, browserVersion: 111.0.5563.148, chrome: {chromedriverVersion: 111.0.5563.64 (c710e93d5b63..., userDataDir: C:\Users\Admin\AppData\Loca...}, goog:chromeOptions: {debuggerAddress: localhost:53231}, networkConnectionEnabled: false, pageLoadStrategy: normal, platformName: WINDOWS, proxy: Proxy(), se:cdp: ws://localhost:53231/devtoo..., se:cdpVersion: 111.0.5563.148, setWindowRect: true, strictFileInteractability: false, timeouts: {implicit: 0, pageLoad: 300000, script: 30000}, unhandledPromptBehavior: dismiss and notify, webauthn:extension:credBlob: true, webauthn:extension:largeBlob: true, webauthn:extension:minPinLength: true, webauthn:extension:prf: true, webauthn:virtualAuthenticators: true}
Element: [[ChromeDriver: chrome on WINDOWS (913c95bc0e72426b62773f8d8569aa2c)] -> xpath: //a[text()='About']]
Session ID: 913c95bc0e72426b62773f8d8569aa2c]]>
            </message>
            <full-stacktrace>
              <![CDATA[org.openqa.selenium.TimeoutException: timeout: Timed out receiving message from renderer: 10.000
  (Session info: chrome=111.0.5563.148)
Build info: version: '4.8.1', revision: '8ebccac989'
System info: os.name: 'Windows 10', os.arch: 'amd64', os.version: '10.0', java.version: '19.0.2'
Driver info: org.openqa.selenium.chrome.ChromeDriver
Command: [913c95bc0e72426b62773f8d8569aa2c, clickElement {id=29a0e210-0aad-4f28-a62e-ea6d023ead17}]
Capabilities {acceptInsecureCerts: false, browserName: chrome, browserVersion: 111.0.5563.148, chrome: {chromedriverVersion: 111.0.5563.64 (c710e93d5b63..., userDataDir: C:\Users\Admin\AppData\Loca...}, goog:chromeOptions: {debuggerAddress: localhost:53231}, networkConnectionEnabled: false, pageLoadStrategy: normal, platformName: WINDOWS, proxy: Proxy(), se:cdp: ws://localhost:53231/devtoo..., se:cdpVersion: 111.0.5563.148, setWindowRect: true, strictFileInteractability: false, timeouts: {implicit: 0, pageLoad: 300000, script: 30000}, unhandledPromptBehavior: dismiss and notify, webauthn:extension:credBlob: true, webauthn:extension:largeBlob: true, webauthn:extension:minPinLength: true, webauthn:extension:prf: true, webauthn:virtualAuthenticators: true}
Element: [[ChromeDriver: chrome on WINDOWS (913c95bc0e72426b62773f8d8569aa2c)] -> xpath: //a[text()='About']]
Session ID: 913c95bc0e72426b62773f8d8569aa2c
at java.base/jdk.internal.reflect.DirectConstructorHandleAccessor.newInstance(DirectConstructorHandleAccessor.java:67)
at java.base/java.lang.reflect.Constructor.newInstanceWithCaller(Constructor.java:500)
at java.base/java.lang.reflect.Constructor.newInstance(Constructor.java:484)
at org.openqa.selenium.remote.codec.w3c.W3CHttpResponseCodec.createException(W3CHttpResponseCodec.java:200)
at org.openqa.selenium.remote.codec.w3c.W3CHttpResponseCodec.decode(W3CHttpResponseCodec.java:133)
at org.openqa.selenium.remote.codec.w3c.W3CHttpResponseCodec.decode(W3CHttpResponseCodec.java:53)
at org.openqa.selenium.remote.HttpCommandExecutor.execute(HttpCommandExecutor.java:184)
at org.openqa.selenium.remote.service.DriverCommandExecutor.invokeExecute(DriverCommandExecutor.java:167)
at org.openqa.selenium.remote.service.DriverCommandExecutor.execute(DriverCommandExecutor.java:142)
at org.openqa.selenium.remote.RemoteWebDriver.execute(RemoteWebDriver.java:543)
at org.openqa.selenium.remote.RemoteWebElement.execute(RemoteWebElement.java:257)
at org.openqa.selenium.remote.RemoteWebElement.click(RemoteWebElement.java:78)
at java.base/jdk.internal.reflect.DirectMethodHandleAccessor.invoke(DirectMethodHandleAccessor.java:104)
at java.base/java.lang.reflect.Method.invoke(Method.java:578)
at org.openqa.selenium.support.pagefactory.internal.LocatingElementHandler.invoke(LocatingElementHandler.java:52)
at jdk.proxy2/jdk.proxy2.$Proxy20.click(Unknown Source)
at pom.SwagLabsHomepage.clickOnaboutButton(SwagLabsHomepage.java:85)
at test.SwagLabs2HomepageTest.clickOpenMenu_$About$Option_OpenedLinkedPage(SwagLabs2HomepageTest.java:290)
at java.base/jdk.internal.reflect.DirectMethodHandleAccessor.invoke(DirectMethodHandleAccessor.java:104)
at java.base/java.lang.reflect.Method.invoke(Method.java:578)
at org.testng.internal.MethodInvocationHelper.invokeMethod(MethodInvocationHelper.java:133)
at org.testng.internal.TestInvoker.invokeMethod(TestInvoker.java:598)
at org.testng.internal.TestInvoker.invokeTestMethod(TestInvoker.java:173)
at org.testng.internal.MethodRunner.runInSequence(MethodRunner.java:46)
at org.testng.internal.TestInvoker$MethodInvocationAgent.invoke(TestInvoker.java:824)
at org.testng.internal.TestInvoker.invokeTestMethods(TestInvoker.java:146)
at org.testng.internal.TestMethodWorker.invokeTestMethods(TestMethodWorker.java:146)
at org.testng.internal.TestMethodWorker.run(TestMethodWorker.java:128)
at java.base/java.util.ArrayList.forEach(ArrayList.java:1511)
at org.testng.TestRunner.privateRun(TestRunner.java:794)
at org.testng.TestRunner.run(TestRunner.java:596)
at org.testng.SuiteRunner.runTest(SuiteRunner.java:377)
at org.testng.SuiteRunner.runSequentially(SuiteRunner.java:371)
at org.testng.SuiteRunner.privateRun(SuiteRunner.java:332)
at org.testng.SuiteRunner.run(SuiteRunner.java:276)
at org.testng.SuiteRunnerWorker.runSuite(SuiteRunnerWorker.java:53)
at org.testng.SuiteRunnerWorker.run(SuiteRunnerWorker.java:96)
at org.testng.TestNG.runSuitesSequentially(TestNG.java:1212)
at org.testng.TestNG.runSuitesLocally(TestNG.java:1134)
at org.testng.TestNG.runSuites(TestNG.java:1063)
at org.testng.TestNG.run(TestNG.java:1031)
at org.testng.remote.AbstractRemoteTestNG.run(AbstractRemoteTestNG.java:115)
at org.testng.remote.RemoteTestNG.initAndRun(RemoteTestNG.java:251)
at org.testng.remote.RemoteTestNG.main(RemoteTestNG.java:77)
]]>
            </full-stacktrace>
          </exception> <!-- org.openqa.selenium.TimeoutException -->
          <reporter-output>
          </reporter-output>
        </test-method> <!-- clickOpenMenu_$About$Option_OpenedLinkedPage -->
        <test-method is-config="true" signature="closeBrowser(org.testng.ITestResult)[pri:0, instance:test.SwagLabs2HomepageTest@1aafa419]" started-at="2023-04-08T18:59:15 IST" name="closeBrowser" finished-at="2023-04-08T18:59:15 IST" duration-ms="655" status="PASS">
          <params>
            <param index="0">
              <value>
                <![CDATA[[TestResult name=clickOpenMenu_$About$Option_OpenedLinkedPage status=FAILURE method=SwagLabs2HomepageTest.clickOpenMenu_$About$Option_OpenedLinkedPage()[pri:14, instance:test.SwagLabs2HomepageTest@1aafa419] output={null}]]]>
              </value>
            </param>
          </params>
          <reporter-output>
          </reporter-output>
        </test-method> <!-- closeBrowser -->
        <test-method is-config="true" signature="openInventorypage()[pri:0, instance:test.SwagLabs2HomepageTest@1aafa419]" started-at="2023-04-08T18:59:15 IST" name="openInventorypage" finished-at="2023-04-08T18:59:20 IST" duration-ms="4401" status="PASS">
          <reporter-output>
          </reporter-output>
        </test-method> <!-- openInventorypage -->
        <test-method signature="clickOpenMenu_$AllItems$Option_ShowedAllHomepageProducts()[pri:15, instance:test.SwagLabs2HomepageTest@1aafa419]" started-at="2023-04-08T18:59:20 IST" name="clickOpenMenu_$AllItems$Option_ShowedAllHomepageProducts" finished-at="2023-04-08T18:59:21 IST" duration-ms="674" status="PASS">
          <reporter-output>
          </reporter-output>
        </test-method> <!-- clickOpenMenu_$AllItems$Option_ShowedAllHomepageProducts -->
        <test-method is-config="true" signature="closeBrowser(org.testng.ITestResult)[pri:0, instance:test.SwagLabs2HomepageTest@1aafa419]" started-at="2023-04-08T18:59:21 IST" name="closeBrowser" finished-at="2023-04-08T18:59:21 IST" duration-ms="313" status="PASS">
          <params>
            <param index="0">
              <value>
                <![CDATA[[TestResult name=clickOpenMenu_$AllItems$Option_ShowedAllHomepageProducts status=SUCCESS method=SwagLabs2HomepageTest.clickOpenMenu_$AllItems$Option_ShowedAllHomepageProducts()[pri:15, instance:test.SwagLabs2HomepageTest@1aafa419] output={null}]]]>
              </value>
            </param>
          </params>
          <reporter-output>
          </reporter-output>
        </test-method> <!-- closeBrowser -->
        <test-method is-config="true" signature="openInventorypage()[pri:0, instance:test.SwagLabs2HomepageTest@1aafa419]" started-at="2023-04-08T18:59:21 IST" name="openInventorypage" finished-at="2023-04-08T18:59:25 IST" duration-ms="4228" status="PASS">
          <reporter-output>
          </reporter-output>
        </test-method> <!-- openInventorypage -->
        <test-method signature="clickOpenMenu_$Logout$Option_LoggedoutUser()[pri:16, instance:test.SwagLabs2HomepageTest@1aafa419]" started-at="2023-04-08T18:59:25 IST" name="clickOpenMenu_$Logout$Option_LoggedoutUser" finished-at="2023-04-08T18:59:26 IST" duration-ms="408" status="PASS">
          <reporter-output>
          </reporter-output>
        </test-method> <!-- clickOpenMenu_$Logout$Option_LoggedoutUser -->
        <test-method is-config="true" signature="closeBrowser(org.testng.ITestResult)[pri:0, instance:test.SwagLabs2HomepageTest@1aafa419]" started-at="2023-04-08T18:59:26 IST" name="closeBrowser" finished-at="2023-04-08T18:59:26 IST" duration-ms="314" status="PASS">
          <params>
            <param index="0">
              <value>
                <![CDATA[[TestResult name=clickOpenMenu_$Logout$Option_LoggedoutUser status=SUCCESS method=SwagLabs2HomepageTest.clickOpenMenu_$Logout$Option_LoggedoutUser()[pri:16, instance:test.SwagLabs2HomepageTest@1aafa419] output={null}]]]>
              </value>
            </param>
          </params>
          <reporter-output>
          </reporter-output>
        </test-method> <!-- closeBrowser -->
        <test-method is-config="true" signature="openInventorypage()[pri:0, instance:test.SwagLabs2HomepageTest@1aafa419]" started-at="2023-04-08T18:59:26 IST" name="openInventorypage" finished-at="2023-04-08T18:59:30 IST" duration-ms="4105" status="PASS">
          <reporter-output>
          </reporter-output>
        </test-method> <!-- openInventorypage -->
        <test-method signature="clickOpenMenu_$ResetAppState$Option_DefaultAppState()[pri:17, instance:test.SwagLabs2HomepageTest@1aafa419]" started-at="2023-04-08T18:59:30 IST" name="clickOpenMenu_$ResetAppState$Option_DefaultAppState" finished-at="2023-04-08T18:59:35 IST" duration-ms="5547" status="PASS">
          <reporter-output>
          </reporter-output>
        </test-method> <!-- clickOpenMenu_$ResetAppState$Option_DefaultAppState -->
        <test-method is-config="true" signature="closeBrowser(org.testng.ITestResult)[pri:0, instance:test.SwagLabs2HomepageTest@1aafa419]" started-at="2023-04-08T18:59:35 IST" name="closeBrowser" finished-at="2023-04-08T18:59:36 IST" duration-ms="364" status="PASS">
          <params>
            <param index="0">
              <value>
                <![CDATA[[TestResult name=clickOpenMenu_$ResetAppState$Option_DefaultAppState status=SUCCESS method=SwagLabs2HomepageTest.clickOpenMenu_$ResetAppState$Option_DefaultAppState()[pri:17, instance:test.SwagLabs2HomepageTest@1aafa419] output={null}]]]>
              </value>
            </param>
          </params>
          <reporter-output>
          </reporter-output>
        </test-method> <!-- closeBrowser -->
        <test-method is-config="true" signature="openInventorypage()[pri:0, instance:test.SwagLabs2HomepageTest@1aafa419]" started-at="2023-04-08T18:59:36 IST" name="openInventorypage" finished-at="2023-04-08T18:59:40 IST" duration-ms="4509" status="PASS">
          <reporter-output>
          </reporter-output>
        </test-method> <!-- openInventorypage -->
        <test-method signature="clickOpenMenu_CloseMenuButton_ClosedAllOptions()[pri:18, instance:test.SwagLabs2HomepageTest@1aafa419]" started-at="2023-04-08T18:59:40 IST" name="clickOpenMenu_CloseMenuButton_ClosedAllOptions" finished-at="2023-04-08T18:59:41 IST" duration-ms="475" status="PASS">
          <reporter-output>
          </reporter-output>
        </test-method> <!-- clickOpenMenu_CloseMenuButton_ClosedAllOptions -->
        <test-method is-config="true" signature="closeBrowser(org.testng.ITestResult)[pri:0, instance:test.SwagLabs2HomepageTest@1aafa419]" started-at="2023-04-08T18:59:41 IST" name="closeBrowser" finished-at="2023-04-08T18:59:41 IST" duration-ms="306" status="PASS">
          <params>
            <param index="0">
              <value>
                <![CDATA[[TestResult name=clickOpenMenu_CloseMenuButton_ClosedAllOptions status=SUCCESS method=SwagLabs2HomepageTest.clickOpenMenu_CloseMenuButton_ClosedAllOptions()[pri:18, instance:test.SwagLabs2HomepageTest@1aafa419] output={null}]]]>
              </value>
            </param>
          </params>
          <reporter-output>
          </reporter-output>
        </test-method> <!-- closeBrowser -->
        <test-method is-config="true" signature="openInventorypage()[pri:0, instance:test.SwagLabs2HomepageTest@1aafa419]" started-at="2023-04-08T18:59:41 IST" name="openInventorypage" finished-at="2023-04-08T18:59:46 IST" duration-ms="4566" status="PASS">
          <reporter-output>
          </reporter-output>
        </test-method> <!-- openInventorypage -->
        <test-method signature="clickTwitterTab_SocialSite_OpenedTwitterPage()[pri:19, instance:test.SwagLabs2HomepageTest@1aafa419]" started-at="2023-04-08T18:59:46 IST" name="clickTwitterTab_SocialSite_OpenedTwitterPage" finished-at="2023-04-08T18:59:56 IST" duration-ms="10154" status="PASS">
          <reporter-output>
          </reporter-output>
        </test-method> <!-- clickTwitterTab_SocialSite_OpenedTwitterPage -->
        <test-method is-config="true" signature="closeBrowser(org.testng.ITestResult)[pri:0, instance:test.SwagLabs2HomepageTest@1aafa419]" started-at="2023-04-08T18:59:56 IST" name="closeBrowser" finished-at="2023-04-08T18:59:56 IST" duration-ms="371" status="PASS">
          <params>
            <param index="0">
              <value>
                <![CDATA[[TestResult name=clickTwitterTab_SocialSite_OpenedTwitterPage status=SUCCESS method=SwagLabs2HomepageTest.clickTwitterTab_SocialSite_OpenedTwitterPage()[pri:19, instance:test.SwagLabs2HomepageTest@1aafa419] output={null}]]]>
              </value>
            </param>
          </params>
          <reporter-output>
          </reporter-output>
        </test-method> <!-- closeBrowser -->
        <test-method is-config="true" signature="openInventorypage()[pri:0, instance:test.SwagLabs2HomepageTest@1aafa419]" started-at="2023-04-08T18:59:56 IST" name="openInventorypage" finished-at="2023-04-08T19:00:01 IST" duration-ms="4790" status="PASS">
          <reporter-output>
          </reporter-output>
        </test-method> <!-- openInventorypage -->
        <test-method signature="clickFacebookTab_SocialSite_OpenedFacebookPage()[pri:20, instance:test.SwagLabs2HomepageTest@1aafa419]" started-at="2023-04-08T19:00:01 IST" name="clickFacebookTab_SocialSite_OpenedFacebookPage" finished-at="2023-04-08T19:00:11 IST" duration-ms="10227" status="FAIL">
          <exception class="org.openqa.selenium.TimeoutException">
            <message>
              <![CDATA[timeout: Timed out receiving message from renderer: 10.000
  (Session info: chrome=111.0.5563.148)
Build info: version: '4.8.1', revision: '8ebccac989'
System info: os.name: 'Windows 10', os.arch: 'amd64', os.version: '10.0', java.version: '19.0.2'
Driver info: org.openqa.selenium.chrome.ChromeDriver
Command: [b93acd4ddcb5b039b97312e0bee8aa15, getCurrentUrl {}]
Capabilities {acceptInsecureCerts: false, browserName: chrome, browserVersion: 111.0.5563.148, chrome: {chromedriverVersion: 111.0.5563.64 (c710e93d5b63..., userDataDir: C:\Users\Admin\AppData\Loca...}, goog:chromeOptions: {debuggerAddress: localhost:53500}, networkConnectionEnabled: false, pageLoadStrategy: normal, platformName: WINDOWS, proxy: Proxy(), se:cdp: ws://localhost:53500/devtoo..., se:cdpVersion: 111.0.5563.148, setWindowRect: true, strictFileInteractability: false, timeouts: {implicit: 0, pageLoad: 300000, script: 30000}, unhandledPromptBehavior: dismiss and notify, webauthn:extension:credBlob: true, webauthn:extension:largeBlob: true, webauthn:extension:minPinLength: true, webauthn:extension:prf: true, webauthn:virtualAuthenticators: true}
Session ID: b93acd4ddcb5b039b97312e0bee8aa15]]>
            </message>
            <full-stacktrace>
              <![CDATA[org.openqa.selenium.TimeoutException: timeout: Timed out receiving message from renderer: 10.000
  (Session info: chrome=111.0.5563.148)
Build info: version: '4.8.1', revision: '8ebccac989'
System info: os.name: 'Windows 10', os.arch: 'amd64', os.version: '10.0', java.version: '19.0.2'
Driver info: org.openqa.selenium.chrome.ChromeDriver
Command: [b93acd4ddcb5b039b97312e0bee8aa15, getCurrentUrl {}]
Capabilities {acceptInsecureCerts: false, browserName: chrome, browserVersion: 111.0.5563.148, chrome: {chromedriverVersion: 111.0.5563.64 (c710e93d5b63..., userDataDir: C:\Users\Admin\AppData\Loca...}, goog:chromeOptions: {debuggerAddress: localhost:53500}, networkConnectionEnabled: false, pageLoadStrategy: normal, platformName: WINDOWS, proxy: Proxy(), se:cdp: ws://localhost:53500/devtoo..., se:cdpVersion: 111.0.5563.148, setWindowRect: true, strictFileInteractability: false, timeouts: {implicit: 0, pageLoad: 300000, script: 30000}, unhandledPromptBehavior: dismiss and notify, webauthn:extension:credBlob: true, webauthn:extension:largeBlob: true, webauthn:extension:minPinLength: true, webauthn:extension:prf: true, webauthn:virtualAuthenticators: true}
Session ID: b93acd4ddcb5b039b97312e0bee8aa15
at java.base/jdk.internal.reflect.DirectConstructorHandleAccessor.newInstance(DirectConstructorHandleAccessor.java:67)
at java.base/java.lang.reflect.Constructor.newInstanceWithCaller(Constructor.java:500)
at java.base/java.lang.reflect.Constructor.newInstance(Constructor.java:484)
at org.openqa.selenium.remote.codec.w3c.W3CHttpResponseCodec.createException(W3CHttpResponseCodec.java:200)
at org.openqa.selenium.remote.codec.w3c.W3CHttpResponseCodec.decode(W3CHttpResponseCodec.java:133)
at org.openqa.selenium.remote.codec.w3c.W3CHttpResponseCodec.decode(W3CHttpResponseCodec.java:53)
at org.openqa.selenium.remote.HttpCommandExecutor.execute(HttpCommandExecutor.java:184)
at org.openqa.selenium.remote.service.DriverCommandExecutor.invokeExecute(DriverCommandExecutor.java:167)
at org.openqa.selenium.remote.service.DriverCommandExecutor.execute(DriverCommandExecutor.java:142)
at org.openqa.selenium.remote.RemoteWebDriver.execute(RemoteWebDriver.java:543)
at org.openqa.selenium.remote.RemoteWebDriver.execute(RemoteWebDriver.java:598)
at org.openqa.selenium.remote.RemoteWebDriver.execute(RemoteWebDriver.java:602)
at org.openqa.selenium.remote.RemoteWebDriver.getCurrentUrl(RemoteWebDriver.java:309)
at pom.SwagLabsHomepage.clickOnFacebookButton(SwagLabsHomepage.java:147)
at test.SwagLabs2HomepageTest.clickFacebookTab_SocialSite_OpenedFacebookPage(SwagLabs2HomepageTest.java:408)
at java.base/jdk.internal.reflect.DirectMethodHandleAccessor.invoke(DirectMethodHandleAccessor.java:104)
at java.base/java.lang.reflect.Method.invoke(Method.java:578)
at org.testng.internal.MethodInvocationHelper.invokeMethod(MethodInvocationHelper.java:133)
at org.testng.internal.TestInvoker.invokeMethod(TestInvoker.java:598)
at org.testng.internal.TestInvoker.invokeTestMethod(TestInvoker.java:173)
at org.testng.internal.MethodRunner.runInSequence(MethodRunner.java:46)
at org.testng.internal.TestInvoker$MethodInvocationAgent.invoke(TestInvoker.java:824)
at org.testng.internal.TestInvoker.invokeTestMethods(TestInvoker.java:146)
at org.testng.internal.TestMethodWorker.invokeTestMethods(TestMethodWorker.java:146)
at org.testng.internal.TestMethodWorker.run(TestMethodWorker.java:128)
at java.base/java.util.ArrayList.forEach(ArrayList.java:1511)
at org.testng.TestRunner.privateRun(TestRunner.java:794)
at org.testng.TestRunner.run(TestRunner.java:596)
at org.testng.SuiteRunner.runTest(SuiteRunner.java:377)
at org.testng.SuiteRunner.runSequentially(SuiteRunner.java:371)
at org.testng.SuiteRunner.privateRun(SuiteRunner.java:332)
at org.testng.SuiteRunner.run(SuiteRunner.java:276)
at org.testng.SuiteRunnerWorker.runSuite(SuiteRunnerWorker.java:53)
at org.testng.SuiteRunnerWorker.run(SuiteRunnerWorker.java:96)
at org.testng.TestNG.runSuitesSequentially(TestNG.java:1212)
at org.testng.TestNG.runSuitesLocally(TestNG.java:1134)
at org.testng.TestNG.runSuites(TestNG.java:1063)
at org.testng.TestNG.run(TestNG.java:1031)
at org.testng.remote.AbstractRemoteTestNG.run(AbstractRemoteTestNG.java:115)
at org.testng.remote.RemoteTestNG.initAndRun(RemoteTestNG.java:251)
at org.testng.remote.RemoteTestNG.main(RemoteTestNG.java:77)
]]>
            </full-stacktrace>
          </exception> <!-- org.openqa.selenium.TimeoutException -->
          <reporter-output>
          </reporter-output>
        </test-method> <!-- clickFacebookTab_SocialSite_OpenedFacebookPage -->
        <test-method is-config="true" signature="closeBrowser(org.testng.ITestResult)[pri:0, instance:test.SwagLabs2HomepageTest@1aafa419]" started-at="2023-04-08T19:00:12 IST" name="closeBrowser" finished-at="2023-04-08T19:00:12 IST" duration-ms="360" status="PASS">
          <params>
            <param index="0">
              <value>
                <![CDATA[[TestResult name=clickFacebookTab_SocialSite_OpenedFacebookPage status=FAILURE method=SwagLabs2HomepageTest.clickFacebookTab_SocialSite_OpenedFacebookPage()[pri:20, instance:test.SwagLabs2HomepageTest@1aafa419] output={null}]]]>
              </value>
            </param>
          </params>
          <reporter-output>
          </reporter-output>
        </test-method> <!-- closeBrowser -->
        <test-method is-config="true" signature="openInventorypage()[pri:0, instance:test.SwagLabs2HomepageTest@1aafa419]" started-at="2023-04-08T19:00:12 IST" name="openInventorypage" finished-at="2023-04-08T19:00:17 IST" duration-ms="4550" status="PASS">
          <reporter-output>
          </reporter-output>
        </test-method> <!-- openInventorypage -->
        <test-method signature="clickLinkedTab_SocialSite_OpenedLinkedPage()[pri:21, instance:test.SwagLabs2HomepageTest@1aafa419]" started-at="2023-04-08T19:00:17 IST" name="clickLinkedTab_SocialSite_OpenedLinkedPage" finished-at="2023-04-08T19:00:19 IST" duration-ms="2479" status="PASS">
          <reporter-output>
          </reporter-output>
        </test-method> <!-- clickLinkedTab_SocialSite_OpenedLinkedPage -->
        <test-method is-config="true" signature="closeBrowser(org.testng.ITestResult)[pri:0, instance:test.SwagLabs2HomepageTest@1aafa419]" started-at="2023-04-08T19:00:19 IST" name="closeBrowser" finished-at="2023-04-08T19:00:19 IST" duration-ms="314" status="PASS">
          <params>
            <param index="0">
              <value>
                <![CDATA[[TestResult name=clickLinkedTab_SocialSite_OpenedLinkedPage status=SUCCESS method=SwagLabs2HomepageTest.clickLinkedTab_SocialSite_OpenedLinkedPage()[pri:21, instance:test.SwagLabs2HomepageTest@1aafa419] output={null}]]]>
              </value>
            </param>
          </params>
          <reporter-output>
          </reporter-output>
        </test-method> <!-- closeBrowser -->
        <test-method is-config="true" signature="openInventorypage()[pri:0, instance:test.SwagLabs2HomepageTest@1aafa419]" started-at="2023-04-08T19:00:19 IST" name="openInventorypage" finished-at="2023-04-08T19:00:24 IST" duration-ms="4764" status="PASS">
          <reporter-output>
          </reporter-output>
        </test-method> <!-- openInventorypage -->
        <test-method signature="verifyCartTab_TotalProductNumber_ShowedInNotification()[pri:22, instance:test.SwagLabs2HomepageTest@1aafa419]" started-at="2023-04-08T19:00:24 IST" name="verifyCartTab_TotalProductNumber_ShowedInNotification" finished-at="2023-04-08T19:00:27 IST" duration-ms="2245" status="PASS">
          <reporter-output>
          </reporter-output>
        </test-method> <!-- verifyCartTab_TotalProductNumber_ShowedInNotification -->
        <test-method is-config="true" signature="closeBrowser(org.testng.ITestResult)[pri:0, instance:test.SwagLabs2HomepageTest@1aafa419]" started-at="2023-04-08T19:00:27 IST" name="closeBrowser" finished-at="2023-04-08T19:00:27 IST" duration-ms="313" status="PASS">
          <params>
            <param index="0">
              <value>
                <![CDATA[[TestResult name=verifyCartTab_TotalProductNumber_ShowedInNotification status=SUCCESS method=SwagLabs2HomepageTest.verifyCartTab_TotalProductNumber_ShowedInNotification()[pri:22, instance:test.SwagLabs2HomepageTest@1aafa419] output={null}]]]>
              </value>
            </param>
          </params>
          <reporter-output>
          </reporter-output>
        </test-method> <!-- closeBrowser -->
        <test-method is-config="true" signature="openInventorypage()[pri:0, instance:test.SwagLabs2HomepageTest@1aafa419]" started-at="2023-04-08T19:00:27 IST" name="openInventorypage" finished-at="2023-04-08T19:00:32 IST" duration-ms="4788" status="PASS">
          <reporter-output>
          </reporter-output>
        </test-method> <!-- openInventorypage -->
        <test-method signature="verifyHomepageFooter_Text_Checked()[pri:23, instance:test.SwagLabs2HomepageTest@1aafa419]" started-at="2023-04-08T19:00:32 IST" name="verifyHomepageFooter_Text_Checked" finished-at="2023-04-08T19:00:32 IST" duration-ms="140" status="PASS">
          <reporter-output>
          </reporter-output>
        </test-method> <!-- verifyHomepageFooter_Text_Checked -->
        <test-method is-config="true" signature="closeBrowser(org.testng.ITestResult)[pri:0, instance:test.SwagLabs2HomepageTest@1aafa419]" started-at="2023-04-08T19:00:32 IST" name="closeBrowser" finished-at="2023-04-08T19:00:32 IST" duration-ms="296" status="PASS">
          <params>
            <param index="0">
              <value>
                <![CDATA[[TestResult name=verifyHomepageFooter_Text_Checked status=SUCCESS method=SwagLabs2HomepageTest.verifyHomepageFooter_Text_Checked()[pri:23, instance:test.SwagLabs2HomepageTest@1aafa419] output={null}]]]>
              </value>
            </param>
          </params>
          <reporter-output>
          </reporter-output>
        </test-method> <!-- closeBrowser -->
        <test-method is-config="true" signature="openInventorypage()[pri:0, instance:test.SwagLabs2HomepageTest@1aafa419]" started-at="2023-04-08T19:00:32 IST" name="openInventorypage" finished-at="2023-04-08T19:00:36 IST" duration-ms="4318" status="PASS">
          <reporter-output>
          </reporter-output>
        </test-method> <!-- openInventorypage -->
        <test-method signature="verifyHomepageNavigation_BackForewardRefresh_ReloadedWebpageSuccessfully()[pri:24, instance:test.SwagLabs2HomepageTest@1aafa419]" started-at="2023-04-08T19:00:36 IST" name="verifyHomepageNavigation_BackForewardRefresh_ReloadedWebpageSuccessfully" finished-at="2023-04-08T19:00:37 IST" duration-ms="347" status="PASS">
          <reporter-output>
          </reporter-output>
        </test-method> <!-- verifyHomepageNavigation_BackForewardRefresh_ReloadedWebpageSuccessfully -->
        <test-method is-config="true" signature="closeBrowser(org.testng.ITestResult)[pri:0, instance:test.SwagLabs2HomepageTest@1aafa419]" started-at="2023-04-08T19:00:37 IST" name="closeBrowser" finished-at="2023-04-08T19:00:37 IST" duration-ms="313" status="PASS">
          <params>
            <param index="0">
              <value>
                <![CDATA[[TestResult name=verifyHomepageNavigation_BackForewardRefresh_ReloadedWebpageSuccessfully status=SUCCESS method=SwagLabs2HomepageTest.verifyHomepageNavigation_BackForewardRefresh_ReloadedWebpageSuccessfully()[pri:24, instance:test.SwagLabs2HomepageTest@1aafa419] output={null}]]]>
              </value>
            </param>
          </params>
          <reporter-output>
          </reporter-output>
        </test-method> <!-- closeBrowser -->
      </class> <!-- test.SwagLabs2HomepageTest -->
    </test> <!-- Test -->
  </suite> <!-- RegressionSuite -->
</testng-results>
