<?xml version="1.0" encoding="UTF-8"?>
<!-- Generated by org.testng.reporters.JUnitReportReporter -->
<testsuite hostname="DESKTOP-47P2MTB" failures="1" tests="24" name="test.SwagLabs2InventoryPageTest" time="149.837" errors="1" timestamp="2023-09-28T13:13:49 IST" skipped="0">
  <testcase classname="test.SwagLabs2InventoryPageTest" name="verifyHomepage_LogoPresendAndSpelling_Checked" time="5.132"/>
  <testcase classname="test.SwagLabs2InventoryPageTest" name="clickSort_Clickable_OpenedDropdown" time="5.653"/>
  <testcase classname="test.SwagLabs2InventoryPageTest" name="clickSort_OptionsList_CheckedAllOptions" time="5.719"/>
  <testcase classname="test.SwagLabs2InventoryPageTest" name="clickSort_PriceHighToLow_GotInOrder" time="4.801"/>
  <testcase classname="test.SwagLabs2InventoryPageTest" name="clickSort_PriceLowToHigh_GotInOrder" time="6.480"/>
  <testcase classname="test.SwagLabs2InventoryPageTest" name="clickSort_ProductDescending_GotInOrder" time="4.614"/>
  <testcase classname="test.SwagLabs2InventoryPageTest" name="clickSort_ProductAscending_GotInOrder" time="5.291"/>
  <testcase classname="test.SwagLabs2InventoryPageTest" name="clickSort_ProductCountAfter_RemainedSame" time="5.351"/>
  <testcase classname="test.SwagLabs2InventoryPageTest" name="clickSort_ProductsBefore_PredefinedNumber" time="4.053"/>
  <testcase classname="test.SwagLabs2InventoryPageTest" name="clickSort_ProductOrder_UnarrangedLikeBefore" time="10.747">
    <error message="element not interactable
  (Session info: chrome=112.0.5615.50)
Build info: version: &#039;4.8.1&#039;, revision: &#039;8ebccac989&#039;
System info: os.name: &#039;Windows 10&#039;, os.arch: &#039;amd64&#039;, os.version: &#039;10.0&#039;, java.version: &#039;17.0.7&#039;
Driver info: org.openqa.selenium.chrome.ChromeDriver
Command: [1a0fde12f712f37513a9ccf5d6a8173a, clickElement {id=868a58dc-0dd7-488f-9065-e2f3c55acd64}]
Capabilities {acceptInsecureCerts: false, browserName: chrome, browserVersion: 112.0.5615.50, chrome: {chromedriverVersion: 112.0.5615.49 (bd2a7bcb881c..., userDataDir: C:\Users\Admin\AppData\Loca...}, goog:chromeOptions: {debuggerAddress: localhost:58577}, networkConnectionEnabled: false, pageLoadStrategy: normal, platformName: WINDOWS, proxy: Proxy(), se:cdp: ws://localhost:58577/devtoo..., se:cdpVersion: 112.0.5615.50, setWindowRect: true, strictFileInteractability: false, timeouts: {implicit: 0, pageLoad: 300000, script: 30000}, unhandledPromptBehavior: dismiss and notify, webauthn:extension:credBlob: true, webauthn:extension:largeBlob: true, webauthn:extension:minPinLength: true, webauthn:extension:prf: true, webauthn:virtualAuthenticators: true}
Element: [[ChromeDriver: chrome on WINDOWS (1a0fde12f712f37513a9ccf5d6a8173a)] -&gt; xpath: //a[text()=&#039;All Items&#039;]]
Session ID: 1a0fde12f712f37513a9ccf5d6a8173a" type="org.openqa.selenium.ElementNotInteractableException">
      <![CDATA[org.openqa.selenium.ElementNotInteractableException: element not interactable
  (Session info: chrome=112.0.5615.50)
Build info: version: '4.8.1', revision: '8ebccac989'
System info: os.name: 'Windows 10', os.arch: 'amd64', os.version: '10.0', java.version: '17.0.7'
Driver info: org.openqa.selenium.chrome.ChromeDriver
Command: [1a0fde12f712f37513a9ccf5d6a8173a, clickElement {id=868a58dc-0dd7-488f-9065-e2f3c55acd64}]
Capabilities {acceptInsecureCerts: false, browserName: chrome, browserVersion: 112.0.5615.50, chrome: {chromedriverVersion: 112.0.5615.49 (bd2a7bcb881c..., userDataDir: C:\Users\Admin\AppData\Loca...}, goog:chromeOptions: {debuggerAddress: localhost:58577}, networkConnectionEnabled: false, pageLoadStrategy: normal, platformName: WINDOWS, proxy: Proxy(), se:cdp: ws://localhost:58577/devtoo..., se:cdpVersion: 112.0.5615.50, setWindowRect: true, strictFileInteractability: false, timeouts: {implicit: 0, pageLoad: 300000, script: 30000}, unhandledPromptBehavior: dismiss and notify, webauthn:extension:credBlob: true, webauthn:extension:largeBlob: true, webauthn:extension:minPinLength: true, webauthn:extension:prf: true, webauthn:virtualAuthenticators: true}
Element: [[ChromeDriver: chrome on WINDOWS (1a0fde12f712f37513a9ccf5d6a8173a)] -> xpath: //a[text()='All Items']]
Session ID: 1a0fde12f712f37513a9ccf5d6a8173a
at java.base/jdk.internal.reflect.NativeConstructorAccessorImpl.newInstance0(Native Method)
at java.base/jdk.internal.reflect.NativeConstructorAccessorImpl.newInstance(NativeConstructorAccessorImpl.java:77)
at java.base/jdk.internal.reflect.DelegatingConstructorAccessorImpl.newInstance(DelegatingConstructorAccessorImpl.java:45)
at java.base/java.lang.reflect.Constructor.newInstanceWithCaller(Constructor.java:499)
at java.base/java.lang.reflect.Constructor.newInstance(Constructor.java:480)
at org.openqa.selenium.remote.codec.w3c.W3CHttpResponseCodec.createException(W3CHttpResponseCodec.java:200)
at org.openqa.selenium.remote.codec.w3c.W3CHttpResponseCodec.decode(W3CHttpResponseCodec.java:133)
at org.openqa.selenium.remote.codec.w3c.W3CHttpResponseCodec.decode(W3CHttpResponseCodec.java:53)
at org.openqa.selenium.remote.HttpCommandExecutor.execute(HttpCommandExecutor.java:184)
at org.openqa.selenium.remote.service.DriverCommandExecutor.invokeExecute(DriverCommandExecutor.java:167)
at org.openqa.selenium.remote.service.DriverCommandExecutor.execute(DriverCommandExecutor.java:142)
at org.openqa.selenium.remote.RemoteWebDriver.execute(RemoteWebDriver.java:543)
at org.openqa.selenium.remote.RemoteWebElement.execute(RemoteWebElement.java:257)
at org.openqa.selenium.remote.RemoteWebElement.click(RemoteWebElement.java:78)
at jdk.internal.reflect.GeneratedMethodAccessor2.invoke(Unknown Source)
at java.base/jdk.internal.reflect.DelegatingMethodAccessorImpl.invoke(DelegatingMethodAccessorImpl.java:43)
at java.base/java.lang.reflect.Method.invoke(Method.java:568)
at org.openqa.selenium.support.pagefactory.internal.LocatingElementHandler.invoke(LocatingElementHandler.java:52)
at jdk.proxy2/jdk.proxy2.$Proxy20.click(Unknown Source)
at pom.SwagLabsHomepage.clickOnAllItemsButton(SwagLabsHomepage.java:78)
at test.SwagLabs2InventoryPageTest.clickSort_ProductOrder_UnarrangedLikeBefore(SwagLabs2InventoryPageTest.java:209)
at java.base/jdk.internal.reflect.NativeMethodAccessorImpl.invoke0(Native Method)
at java.base/jdk.internal.reflect.NativeMethodAccessorImpl.invoke(NativeMethodAccessorImpl.java:77)
at java.base/jdk.internal.reflect.DelegatingMethodAccessorImpl.invoke(DelegatingMethodAccessorImpl.java:43)
at java.base/java.lang.reflect.Method.invoke(Method.java:568)
at org.testng.internal.invokers.MethodInvocationHelper.invokeMethod(MethodInvocationHelper.java:139)
at org.testng.internal.invokers.TestInvoker.invokeMethod(TestInvoker.java:664)
at org.testng.internal.invokers.TestInvoker.invokeTestMethod(TestInvoker.java:227)
at org.testng.internal.invokers.MethodRunner.runInSequence(MethodRunner.java:50)
at org.testng.internal.invokers.TestInvoker$MethodInvocationAgent.invoke(TestInvoker.java:957)
at org.testng.internal.invokers.TestInvoker.invokeTestMethods(TestInvoker.java:200)
at org.testng.internal.invokers.TestMethodWorker.invokeTestMethods(TestMethodWorker.java:148)
at org.testng.internal.invokers.TestMethodWorker.run(TestMethodWorker.java:128)
at java.base/java.util.ArrayList.forEach(ArrayList.java:1511)
at org.testng.TestRunner.privateRun(TestRunner.java:848)
at org.testng.TestRunner.run(TestRunner.java:621)
at org.testng.SuiteRunner.runTest(SuiteRunner.java:443)
at org.testng.SuiteRunner.runSequentially(SuiteRunner.java:437)
at org.testng.SuiteRunner.privateRun(SuiteRunner.java:397)
at org.testng.SuiteRunner.run(SuiteRunner.java:336)
at org.testng.SuiteRunnerWorker.runSuite(SuiteRunnerWorker.java:52)
at org.testng.SuiteRunnerWorker.run(SuiteRunnerWorker.java:95)
at org.testng.TestNG.runSuitesSequentially(TestNG.java:1280)
at org.testng.TestNG.runSuitesLocally(TestNG.java:1200)
at org.testng.TestNG.runSuites(TestNG.java:1114)
at org.testng.TestNG.run(TestNG.java:1082)
at org.testng.remote.AbstractRemoteTestNG.run(AbstractRemoteTestNG.java:115)
at org.testng.remote.RemoteTestNG.initAndRun(RemoteTestNG.java:251)
at org.testng.remote.RemoteTestNG.main(RemoteTestNG.java:77)
]]>
    </error>
  </testcase> <!-- clickSort_ProductOrder_UnarrangedLikeBefore -->
  <testcase classname="test.SwagLabs2InventoryPageTest" name="clickSortBefore_DoOtherActions_SavedSortingType" time="4.784"/>
  <testcase classname="test.SwagLabs2InventoryPageTest" name="clickSortAfter_PreviousSortedResults_GotSortedAgain" time="4.900"/>
  <testcase classname="test.SwagLabs2InventoryPageTest" name="clickOpenMenu_Clickable_OpenedAllOptions" time="8.236">
    <failure message="expected [] but found [All Items]" type="java.lang.AssertionError">
      <![CDATA[java.lang.AssertionError: expected [] but found [All Items]
at org.testng.Assert.fail(Assert.java:111)
at org.testng.Assert.failNotEquals(Assert.java:1578)
at org.testng.Assert.assertEqualsImpl(Assert.java:150)
at org.testng.Assert.assertEquals(Assert.java:132)
at org.testng.Assert.assertEquals(Assert.java:656)
at org.testng.Assert.assertEquals(Assert.java:666)
at test.SwagLabs2InventoryPageTest.clickOpenMenu_Clickable_OpenedAllOptions(SwagLabs2InventoryPageTest.java:271)
at java.base/jdk.internal.reflect.NativeMethodAccessorImpl.invoke0(Native Method)
at java.base/jdk.internal.reflect.NativeMethodAccessorImpl.invoke(NativeMethodAccessorImpl.java:77)
at java.base/jdk.internal.reflect.DelegatingMethodAccessorImpl.invoke(DelegatingMethodAccessorImpl.java:43)
at java.base/java.lang.reflect.Method.invoke(Method.java:568)
at org.testng.internal.invokers.MethodInvocationHelper.invokeMethod(MethodInvocationHelper.java:139)
at org.testng.internal.invokers.TestInvoker.invokeMethod(TestInvoker.java:664)
at org.testng.internal.invokers.TestInvoker.invokeTestMethod(TestInvoker.java:227)
at org.testng.internal.invokers.MethodRunner.runInSequence(MethodRunner.java:50)
at org.testng.internal.invokers.TestInvoker$MethodInvocationAgent.invoke(TestInvoker.java:957)
at org.testng.internal.invokers.TestInvoker.invokeTestMethods(TestInvoker.java:200)
at org.testng.internal.invokers.TestMethodWorker.invokeTestMethods(TestMethodWorker.java:148)
at org.testng.internal.invokers.TestMethodWorker.run(TestMethodWorker.java:128)
at java.base/java.util.ArrayList.forEach(ArrayList.java:1511)
at org.testng.TestRunner.privateRun(TestRunner.java:848)
at org.testng.TestRunner.run(TestRunner.java:621)
at org.testng.SuiteRunner.runTest(SuiteRunner.java:443)
at org.testng.SuiteRunner.runSequentially(SuiteRunner.java:437)
at org.testng.SuiteRunner.privateRun(SuiteRunner.java:397)
at org.testng.SuiteRunner.run(SuiteRunner.java:336)
at org.testng.SuiteRunnerWorker.runSuite(SuiteRunnerWorker.java:52)
at org.testng.SuiteRunnerWorker.run(SuiteRunnerWorker.java:95)
at org.testng.TestNG.runSuitesSequentially(TestNG.java:1280)
at org.testng.TestNG.runSuitesLocally(TestNG.java:1200)
at org.testng.TestNG.runSuites(TestNG.java:1114)
at org.testng.TestNG.run(TestNG.java:1082)
at org.testng.remote.AbstractRemoteTestNG.run(AbstractRemoteTestNG.java:115)
at org.testng.remote.RemoteTestNG.initAndRun(RemoteTestNG.java:251)
at org.testng.remote.RemoteTestNG.main(RemoteTestNG.java:77)
]]>
    </failure>
  </testcase> <!-- clickOpenMenu_Clickable_OpenedAllOptions -->
  <testcase classname="test.SwagLabs2InventoryPageTest" name="clickOpenMenu_$About$Option_OpenedLinkedPage" time="10.276"/>
  <testcase classname="test.SwagLabs2InventoryPageTest" name="clickOpenMenu_$AllItems$Option_ShowedAllHomepageProducts" time="4.921"/>
  <testcase classname="test.SwagLabs2InventoryPageTest" name="clickOpenMenu_$Logout$Option_LoggedoutUser" time="6.080"/>
  <testcase classname="test.SwagLabs2InventoryPageTest" name="clickOpenMenu_$ResetAppState$Option_DefaultAppState" time="9.714"/>
  <testcase classname="test.SwagLabs2InventoryPageTest" name="clickOpenMenu_CloseMenuButton_ClosedAllOptions" time="4.317"/>
  <testcase classname="test.SwagLabs2InventoryPageTest" name="clickTwitterTab_SocialSite_OpenedTwitterPage" time="9.950"/>
  <testcase classname="test.SwagLabs2InventoryPageTest" name="clickFacebookTab_SocialSite_OpenedFacebookPage" time="5.535"/>
  <testcase classname="test.SwagLabs2InventoryPageTest" name="clickLinkedTab_SocialSite_OpenedLinkedPage" time="7.048"/>
  <testcase classname="test.SwagLabs2InventoryPageTest" name="verifyCartTab_TotalProductNumber_ShowedInNotification" time="7.221"/>
  <testcase classname="test.SwagLabs2InventoryPageTest" name="verifyHomepageFooter_Text_Checked" time="4.305"/>
  <testcase classname="test.SwagLabs2InventoryPageTest" name="verifyHomepageNavigation_BackForewardRefresh_ReloadedWebpageSuccessfully" time="4.709"/>
</testsuite> <!-- test.SwagLabs2InventoryPageTest -->
